{"/Users/mdearaujo/Downloads/LETZ/frontend/src/App.tsx": {"path":"/Users/mdearaujo/Downloads/LETZ/frontend/src/App.tsx","statementMap":{"0":{"start":{"line":47,"column":6},"end":{"line":47,"column":14}},"1":{"start":{"line":49,"column":52},"end":{"line":49,"column":73}},"2":{"start":{"line":50,"column":62},"end":{"line":50,"column":83}},"3":{"start":{"line":51,"column":56},"end":{"line":51,"column":77}},"4":{"start":{"line":54,"column":2},"end":{"line":62,"column":35}},"5":{"start":{"line":55,"column":4},"end":{"line":61,"column":5}},"6":{"start":{"line":56,"column":20},"end":{"line":58,"column":15}},"7":{"start":{"line":57,"column":8},"end":{"line":57,"column":35}},"8":{"start":{"line":60,"column":6},"end":{"line":60,"column":39}},"9":{"start":{"line":60,"column":19},"end":{"line":60,"column":38}},"10":{"start":{"line":65,"column":2},"end":{"line":78,"column":58}},"11":{"start":{"line":66,"column":4},"end":{"line":77,"column":5}},"12":{"start":{"line":67,"column":41},"end":{"line":67,"column":95}},"13":{"start":{"line":69,"column":6},"end":{"line":76,"column":7}},"14":{"start":{"line":70,"column":22},"end":{"line":73,"column":17}},"15":{"start":{"line":71,"column":10},"end":{"line":71,"column":42}},"16":{"start":{"line":72,"column":10},"end":{"line":72,"column":73}},"17":{"start":{"line":75,"column":8},"end":{"line":75,"column":41}},"18":{"start":{"line":75,"column":21},"end":{"line":75,"column":40}},"19":{"start":{"line":81,"column":2},"end":{"line":85,"column":17}},"20":{"start":{"line":82,"column":4},"end":{"line":84,"column":5}},"21":{"start":{"line":83,"column":6},"end":{"line":83,"column":35}},"22":{"start":{"line":88,"column":2},"end":{"line":104,"column":25}},"23":{"start":{"line":89,"column":32},"end":{"line":100,"column":5}},"24":{"start":{"line":90,"column":25},"end":{"line":90,"column":37}},"25":{"start":{"line":91,"column":6},"end":{"line":91,"column":69}},"26":{"start":{"line":94,"column":6},"end":{"line":99,"column":7}},"27":{"start":{"line":95,"column":8},"end":{"line":98,"column":11}},"28":{"start":{"line":102,"column":4},"end":{"line":102,"column":66}},"29":{"start":{"line":103,"column":4},"end":{"line":103,"column":82}},"30":{"start":{"line":103,"column":17},"end":{"line":103,"column":81}},"31":{"start":{"line":106,"column":27},"end":{"line":115,"column":3}},"32":{"start":{"line":107,"column":20},"end":{"line":107,"column":38}},"33":{"start":{"line":108,"column":4},"end":{"line":113,"column":5}},"34":{"start":{"line":109,"column":6},"end":{"line":112,"column":9}},"35":{"start":{"line":114,"column":4},"end":{"line":114,"column":32}},"36":{"start":{"line":117,"column":37},"end":{"line":126,"column":3}},"37":{"start":{"line":118,"column":20},"end":{"line":118,"column":57}},"38":{"start":{"line":119,"column":4},"end":{"line":124,"column":5}},"39":{"start":{"line":120,"column":6},"end":{"line":123,"column":9}},"40":{"start":{"line":125,"column":4},"end":{"line":125,"column":37}},"41":{"start":{"line":128,"column":2},"end":{"line":389,"column":4}},"42":{"start":{"line":162,"column":23},"end":{"line":162,"column":50}},"43":{"start":{"line":234,"column":27},"end":{"line":234,"column":54}},"44":{"start":{"line":266,"column":23},"end":{"line":266,"column":55}},"45":{"start":{"line":338,"column":27},"end":{"line":338,"column":59}},"46":{"start":{"line":370,"column":23},"end":{"line":370,"column":52}},"47":{"start":{"line":374,"column":25},"end":{"line":374,"column":54}},"48":{"start":{"line":393,"column":30},"end":{"line":393,"column":67}},"49":{"start":{"line":393,"column":56},"end":{"line":393,"column":66}},"50":{"start":{"line":395,"column":2},"end":{"line":542,"column":4}},"51":{"start":{"line":546,"column":2},"end":{"line":559,"column":4}}},"fnMap":{"0":{"name":"PWAManager","decl":{"start":{"line":36,"column":9},"end":{"line":36,"column":19}},"loc":{"start":{"line":36,"column":22},"end":{"line":390,"column":1}},"line":36},"1":{"name":"(anonymous_1)","decl":{"start":{"line":54,"column":12},"end":{"line":54,"column":13}},"loc":{"start":{"line":54,"column":18},"end":{"line":62,"column":3}},"line":54},"2":{"name":"(anonymous_2)","decl":{"start":{"line":56,"column":31},"end":{"line":56,"column":32}},"loc":{"start":{"line":56,"column":37},"end":{"line":58,"column":7}},"line":56},"3":{"name":"(anonymous_3)","decl":{"start":{"line":60,"column":13},"end":{"line":60,"column":14}},"loc":{"start":{"line":60,"column":19},"end":{"line":60,"column":38}},"line":60},"4":{"name":"(anonymous_4)","decl":{"start":{"line":65,"column":12},"end":{"line":65,"column":13}},"loc":{"start":{"line":65,"column":18},"end":{"line":78,"column":3}},"line":65},"5":{"name":"(anonymous_5)","decl":{"start":{"line":70,"column":33},"end":{"line":70,"column":34}},"loc":{"start":{"line":70,"column":39},"end":{"line":73,"column":9}},"line":70},"6":{"name":"(anonymous_6)","decl":{"start":{"line":75,"column":15},"end":{"line":75,"column":16}},"loc":{"start":{"line":75,"column":21},"end":{"line":75,"column":40}},"line":75},"7":{"name":"(anonymous_7)","decl":{"start":{"line":81,"column":12},"end":{"line":81,"column":13}},"loc":{"start":{"line":81,"column":18},"end":{"line":85,"column":3}},"line":81},"8":{"name":"(anonymous_8)","decl":{"start":{"line":88,"column":12},"end":{"line":88,"column":13}},"loc":{"start":{"line":88,"column":18},"end":{"line":104,"column":3}},"line":88},"9":{"name":"(anonymous_9)","decl":{"start":{"line":89,"column":32},"end":{"line":89,"column":33}},"loc":{"start":{"line":89,"column":48},"end":{"line":100,"column":5}},"line":89},"10":{"name":"(anonymous_10)","decl":{"start":{"line":103,"column":11},"end":{"line":103,"column":12}},"loc":{"start":{"line":103,"column":17},"end":{"line":103,"column":81}},"line":103},"11":{"name":"(anonymous_11)","decl":{"start":{"line":106,"column":27},"end":{"line":106,"column":28}},"loc":{"start":{"line":106,"column":39},"end":{"line":115,"column":3}},"line":106},"12":{"name":"(anonymous_12)","decl":{"start":{"line":117,"column":37},"end":{"line":117,"column":38}},"loc":{"start":{"line":117,"column":49},"end":{"line":126,"column":3}},"line":117},"13":{"name":"(anonymous_13)","decl":{"start":{"line":162,"column":17},"end":{"line":162,"column":18}},"loc":{"start":{"line":162,"column":23},"end":{"line":162,"column":50}},"line":162},"14":{"name":"(anonymous_14)","decl":{"start":{"line":234,"column":21},"end":{"line":234,"column":22}},"loc":{"start":{"line":234,"column":27},"end":{"line":234,"column":54}},"line":234},"15":{"name":"(anonymous_15)","decl":{"start":{"line":266,"column":17},"end":{"line":266,"column":18}},"loc":{"start":{"line":266,"column":23},"end":{"line":266,"column":55}},"line":266},"16":{"name":"(anonymous_16)","decl":{"start":{"line":338,"column":21},"end":{"line":338,"column":22}},"loc":{"start":{"line":338,"column":27},"end":{"line":338,"column":59}},"line":338},"17":{"name":"(anonymous_17)","decl":{"start":{"line":370,"column":17},"end":{"line":370,"column":18}},"loc":{"start":{"line":370,"column":23},"end":{"line":370,"column":52}},"line":370},"18":{"name":"(anonymous_18)","decl":{"start":{"line":374,"column":19},"end":{"line":374,"column":20}},"loc":{"start":{"line":374,"column":25},"end":{"line":374,"column":54}},"line":374},"19":{"name":"AppContent","decl":{"start":{"line":392,"column":9},"end":{"line":392,"column":19}},"loc":{"start":{"line":392,"column":22},"end":{"line":543,"column":1}},"line":392},"20":{"name":"(anonymous_20)","decl":{"start":{"line":393,"column":45},"end":{"line":393,"column":46}},"loc":{"start":{"line":393,"column":56},"end":{"line":393,"column":66}},"line":393},"21":{"name":"App","decl":{"start":{"line":545,"column":9},"end":{"line":545,"column":12}},"loc":{"start":{"line":545,"column":15},"end":{"line":560,"column":1}},"line":545}},"branchMap":{"0":{"loc":{"start":{"line":55,"column":4},"end":{"line":61,"column":5}},"type":"if","locations":[{"start":{"line":55,"column":4},"end":{"line":61,"column":5}},{"start":{},"end":{}}],"line":55},"1":{"loc":{"start":{"line":55,"column":8},"end":{"line":55,"column":37}},"type":"binary-expr","locations":[{"start":{"line":55,"column":8},"end":{"line":55,"column":21}},{"start":{"line":55,"column":25},"end":{"line":55,"column":37}}],"line":55},"2":{"loc":{"start":{"line":66,"column":4},"end":{"line":77,"column":5}},"type":"if","locations":[{"start":{"line":66,"column":4},"end":{"line":77,"column":5}},{"start":{},"end":{}}],"line":66},"3":{"loc":{"start":{"line":66,"column":8},"end":{"line":66,"column":73}},"type":"binary-expr","locations":[{"start":{"line":66,"column":8},"end":{"line":66,"column":44}},{"start":{"line":66,"column":48},"end":{"line":66,"column":73}}],"line":66},"4":{"loc":{"start":{"line":69,"column":6},"end":{"line":76,"column":7}},"type":"if","locations":[{"start":{"line":69,"column":6},"end":{"line":76,"column":7}},{"start":{},"end":{}}],"line":69},"5":{"loc":{"start":{"line":82,"column":4},"end":{"line":84,"column":5}},"type":"if","locations":[{"start":{"line":82,"column":4},"end":{"line":84,"column":5}},{"start":{},"end":{}}],"line":82},"6":{"loc":{"start":{"line":94,"column":6},"end":{"line":99,"column":7}},"type":"if","locations":[{"start":{"line":94,"column":6},"end":{"line":99,"column":7}},{"start":{},"end":{}}],"line":94},"7":{"loc":{"start":{"line":94,"column":10},"end":{"line":94,"column":45}},"type":"binary-expr","locations":[{"start":{"line":94,"column":10},"end":{"line":94,"column":26}},{"start":{"line":94,"column":30},"end":{"line":94,"column":45}}],"line":94},"8":{"loc":{"start":{"line":108,"column":4},"end":{"line":113,"column":5}},"type":"if","locations":[{"start":{"line":108,"column":4},"end":{"line":113,"column":5}},{"start":{},"end":{}}],"line":108},"9":{"loc":{"start":{"line":119,"column":4},"end":{"line":124,"column":5}},"type":"if","locations":[{"start":{"line":119,"column":4},"end":{"line":124,"column":5}},{"start":{},"end":{}}],"line":119},"10":{"loc":{"start":{"line":140,"column":22},"end":{"line":142,"column":65}},"type":"cond-expr","locations":[{"start":{"line":141,"column":14},"end":{"line":141,"column":65}},{"start":{"line":142,"column":14},"end":{"line":142,"column":65}}],"line":140},"11":{"loc":{"start":{"line":151,"column":21},"end":{"line":151,"column":65}},"type":"cond-expr","locations":[{"start":{"line":151,"column":32},"end":{"line":151,"column":47}},{"start":{"line":151,"column":50},"end":{"line":151,"column":65}}],"line":151},"12":{"loc":{"start":{"line":152,"column":19},"end":{"line":152,"column":37}},"type":"cond-expr","locations":[{"start":{"line":152,"column":30},"end":{"line":152,"column":33}},{"start":{"line":152,"column":36},"end":{"line":152,"column":37}}],"line":152},"13":{"loc":{"start":{"line":155,"column":9},"end":{"line":155,"column":86}},"type":"cond-expr","locations":[{"start":{"line":155,"column":20},"end":{"line":155,"column":51}},{"start":{"line":155,"column":54},"end":{"line":155,"column":86}}],"line":155},"14":{"loc":{"start":{"line":156,"column":9},"end":{"line":156,"column":48}},"type":"cond-expr","locations":[{"start":{"line":156,"column":20},"end":{"line":156,"column":31}},{"start":{"line":156,"column":34},"end":{"line":156,"column":48}}],"line":156},"15":{"loc":{"start":{"line":258,"column":13},"end":{"line":258,"column":62}},"type":"cond-expr","locations":[{"start":{"line":258,"column":25},"end":{"line":258,"column":40}},{"start":{"line":258,"column":43},"end":{"line":258,"column":62}}],"line":258},"16":{"loc":{"start":{"line":397,"column":7},"end":{"line":397,"column":36}},"type":"binary-expr","locations":[{"start":{"line":397,"column":7},"end":{"line":397,"column":22}},{"start":{"line":397,"column":26},"end":{"line":397,"column":36}}],"line":397},"17":{"loc":{"start":{"line":402,"column":51},"end":{"line":402,"column":74}},"type":"cond-expr","locations":[{"start":{"line":402,"column":69},"end":{"line":402,"column":70}},{"start":{"line":402,"column":73},"end":{"line":402,"column":74}}],"line":402},"18":{"loc":{"start":{"line":407,"column":21},"end":{"line":407,"column":84}},"type":"cond-expr","locations":[{"start":{"line":407,"column":40},"end":{"line":407,"column":53}},{"start":{"line":407,"column":56},"end":{"line":407,"column":84}}],"line":407},"19":{"loc":{"start":{"line":411,"column":21},"end":{"line":411,"column":87}},"type":"cond-expr","locations":[{"start":{"line":411,"column":40},"end":{"line":411,"column":56}},{"start":{"line":411,"column":59},"end":{"line":411,"column":87}}],"line":411},"20":{"loc":{"start":{"line":524,"column":14},"end":{"line":526,"column":40}},"type":"cond-expr","locations":[{"start":{"line":525,"column":16},"end":{"line":525,"column":44}},{"start":{"line":526,"column":16},"end":{"line":526,"column":40}}],"line":524},"21":{"loc":{"start":{"line":534,"column":14},"end":{"line":536,"column":40}},"type":"cond-expr","locations":[{"start":{"line":535,"column":16},"end":{"line":535,"column":44}},{"start":{"line":536,"column":16},"end":{"line":536,"column":40}}],"line":534}},"s":{"0":0,"1":0,"2":0,"3":0,"4":0,"5":0,"6":0,"7":0,"8":0,"9":0,"10":0,"11":0,"12":0,"13":0,"14":0,"15":0,"16":0,"17":0,"18":0,"19":0,"20":0,"21":0,"22":0,"23":0,"24":0,"25":0,"26":0,"27":0,"28":0,"29":0,"30":0,"31":0,"32":0,"33":0,"34":0,"35":0,"36":0,"37":0,"38":0,"39":0,"40":0,"41":0,"42":0,"43":0,"44":0,"45":0,"46":0,"47":0,"48":0,"49":0,"50":0,"51":0},"f":{"0":0,"1":0,"2":0,"3":0,"4":0,"5":0,"6":0,"7":0,"8":0,"9":0,"10":0,"11":0,"12":0,"13":0,"14":0,"15":0,"16":0,"17":0,"18":0,"19":0,"20":0,"21":0},"b":{"0":[0,0],"1":[0,0],"2":[0,0],"3":[0,0],"4":[0,0],"5":[0,0],"6":[0,0],"7":[0,0],"8":[0,0],"9":[0,0],"10":[0,0],"11":[0,0],"12":[0,0],"13":[0,0],"14":[0,0],"15":[0,0],"16":[0,0],"17":[0,0],"18":[0,0],"19":[0,0],"20":[0,0],"21":[0,0]}}
,"/Users/mdearaujo/Downloads/LETZ/frontend/src/index.tsx": {"path":"/Users/mdearaujo/Downloads/LETZ/frontend/src/index.tsx","statementMap":{"0":{"start":{"line":6,"column":13},"end":{"line":8,"column":1}},"1":{"start":{"line":10,"column":0},"end":{"line":14,"column":2}}},"fnMap":{},"branchMap":{},"s":{"0":0,"1":0},"f":{},"b":{}}
,"/Users/mdearaujo/Downloads/LETZ/frontend/src/components/AREventPreview.tsx": {"path":"/Users/mdearaujo/Downloads/LETZ/frontend/src/components/AREventPreview.tsx","statementMap":{"0":{"start":{"line":46,"column":54},"end":{"line":446,"column":1}},"1":{"start":{"line":47,"column":19},"end":{"line":47,"column":49}},"2":{"start":{"line":48,"column":20},"end":{"line":48,"column":51}},"3":{"start":{"line":49,"column":30},"end":{"line":49,"column":64}},"4":{"start":{"line":50,"column":44},"end":{"line":50,"column":59}},"5":{"start":{"line":51,"column":36},"end":{"line":51,"column":51}},"6":{"start":{"line":52,"column":28},"end":{"line":52,"column":57}},"7":{"start":{"line":53,"column":38},"end":{"line":53,"column":53}},"8":{"start":{"line":54,"column":36},"end":{"line":54,"column":55}},"9":{"start":{"line":56,"column":2},"end":{"line":63,"column":9}},"10":{"start":{"line":57,"column":4},"end":{"line":57,"column":21}},"11":{"start":{"line":58,"column":4},"end":{"line":62,"column":6}},"12":{"start":{"line":59,"column":6},"end":{"line":61,"column":7}},"13":{"start":{"line":60,"column":8},"end":{"line":60,"column":58}},"14":{"start":{"line":60,"column":44},"end":{"line":60,"column":56}},"15":{"start":{"line":65,"column":2},"end":{"line":69,"column":28}},"16":{"start":{"line":66,"column":4},"end":{"line":68,"column":5}},"17":{"start":{"line":67,"column":6},"end":{"line":67,"column":21}},"18":{"start":{"line":71,"column":25},"end":{"line":83,"column":3}},"19":{"start":{"line":73,"column":4},"end":{"line":82,"column":5}},"20":{"start":{"line":74,"column":6},"end":{"line":78,"column":9}},"21":{"start":{"line":75,"column":8},"end":{"line":75,"column":36}},"22":{"start":{"line":77,"column":8},"end":{"line":77,"column":32}},"23":{"start":{"line":81,"column":6},"end":{"line":81,"column":63}},"24":{"start":{"line":85,"column":23},"end":{"line":129,"column":3}},"25":{"start":{"line":86,"column":4},"end":{"line":128,"column":5}},"26":{"start":{"line":87,"column":6},"end":{"line":87,"column":25}},"27":{"start":{"line":88,"column":6},"end":{"line":88,"column":21}},"28":{"start":{"line":91,"column":26},"end":{"line":97,"column":8}},"29":{"start":{"line":99,"column":6},"end":{"line":99,"column":29}},"30":{"start":{"line":101,"column":6},"end":{"line":103,"column":7}},"31":{"start":{"line":102,"column":8},"end":{"line":102,"column":49}},"32":{"start":{"line":106,"column":6},"end":{"line":123,"column":7}},"33":{"start":{"line":107,"column":8},"end":{"line":120,"column":9}},"34":{"start":{"line":108,"column":26},"end":{"line":112,"column":12}},"35":{"start":{"line":114,"column":10},"end":{"line":116,"column":11}},"36":{"start":{"line":115,"column":12},"end":{"line":115,"column":36}},"37":{"start":{"line":118,"column":10},"end":{"line":118,"column":63}},"38":{"start":{"line":119,"column":10},"end":{"line":119,"column":28}},"39":{"start":{"line":122,"column":8},"end":{"line":122,"column":26}},"40":{"start":{"line":125,"column":6},"end":{"line":125,"column":68}},"41":{"start":{"line":127,"column":6},"end":{"line":127,"column":26}},"42":{"start":{"line":131,"column":25},"end":{"line":142,"column":3}},"43":{"start":{"line":133,"column":4},"end":{"line":135,"column":7}},"44":{"start":{"line":134,"column":6},"end":{"line":134,"column":27}},"45":{"start":{"line":138,"column":4},"end":{"line":138,"column":24}},"46":{"start":{"line":141,"column":4},"end":{"line":141,"column":24}},"47":{"start":{"line":144,"column":26},"end":{"line":149,"column":3}},"48":{"start":{"line":146,"column":4},"end":{"line":146,"column":24}},"49":{"start":{"line":147,"column":4},"end":{"line":147,"column":26}},"50":{"start":{"line":148,"column":4},"end":{"line":148,"column":24}},"51":{"start":{"line":151,"column":30},"end":{"line":177,"column":3}},"52":{"start":{"line":153,"column":4},"end":{"line":153,"column":56}},"53":{"start":{"line":153,"column":49},"end":{"line":153,"column":56}},"54":{"start":{"line":155,"column":19},"end":{"line":155,"column":36}},"55":{"start":{"line":156,"column":16},"end":{"line":156,"column":39}},"56":{"start":{"line":157,"column":4},"end":{"line":157,"column":21}},"57":{"start":{"line":157,"column":14},"end":{"line":157,"column":21}},"58":{"start":{"line":159,"column":25},"end":{"line":174,"column":5}},"59":{"start":{"line":160,"column":6},"end":{"line":169,"column":7}},"60":{"start":{"line":161,"column":8},"end":{"line":161,"column":51}},"61":{"start":{"line":162,"column":8},"end":{"line":162,"column":53}},"62":{"start":{"line":165,"column":8},"end":{"line":165,"column":46}},"63":{"start":{"line":168,"column":8},"end":{"line":168,"column":28}},"64":{"start":{"line":171,"column":6},"end":{"line":173,"column":7}},"65":{"start":{"line":172,"column":8},"end":{"line":172,"column":44}},"66":{"start":{"line":176,"column":4},"end":{"line":176,"column":19}},"67":{"start":{"line":179,"column":25},"end":{"line":215,"column":3}},"68":{"start":{"line":181,"column":4},"end":{"line":181,"column":15}},"69":{"start":{"line":184,"column":20},"end":{"line":184,"column":40}},"70":{"start":{"line":185,"column":20},"end":{"line":185,"column":41}},"71":{"start":{"line":188,"column":4},"end":{"line":188,"column":41}},"72":{"start":{"line":189,"column":4},"end":{"line":189,"column":62}},"73":{"start":{"line":190,"column":4},"end":{"line":190,"column":15}},"74":{"start":{"line":193,"column":4},"end":{"line":193,"column":28}},"75":{"start":{"line":194,"column":4},"end":{"line":194,"column":33}},"76":{"start":{"line":195,"column":4},"end":{"line":195,"column":29}},"77":{"start":{"line":196,"column":4},"end":{"line":196,"column":53}},"78":{"start":{"line":198,"column":4},"end":{"line":198,"column":28}},"79":{"start":{"line":199,"column":4},"end":{"line":199,"column":64}},"80":{"start":{"line":200,"column":4},"end":{"line":200,"column":85}},"81":{"start":{"line":201,"column":4},"end":{"line":201,"column":107}},"82":{"start":{"line":204,"column":4},"end":{"line":204,"column":30}},"83":{"start":{"line":205,"column":4},"end":{"line":205,"column":20}},"84":{"start":{"line":206,"column":4},"end":{"line":206,"column":40}},"85":{"start":{"line":207,"column":4},"end":{"line":207,"column":15}},"86":{"start":{"line":209,"column":4},"end":{"line":209,"column":28}},"87":{"start":{"line":210,"column":4},"end":{"line":210,"column":28}},"88":{"start":{"line":211,"column":4},"end":{"line":211,"column":29}},"89":{"start":{"line":212,"column":4},"end":{"line":212,"column":31}},"90":{"start":{"line":214,"column":4},"end":{"line":214,"column":18}},"91":{"start":{"line":217,"column":28},"end":{"line":238,"column":3}},"92":{"start":{"line":219,"column":20},"end":{"line":235,"column":5}},"93":{"start":{"line":237,"column":4},"end":{"line":237,"column":26}},"94":{"start":{"line":240,"column":22},"end":{"line":247,"column":3}},"95":{"start":{"line":241,"column":4},"end":{"line":244,"column":5}},"96":{"start":{"line":242,"column":6},"end":{"line":242,"column":56}},"97":{"start":{"line":242,"column":42},"end":{"line":242,"column":54}},"98":{"start":{"line":243,"column":6},"end":{"line":243,"column":22}},"99":{"start":{"line":245,"column":4},"end":{"line":245,"column":25}},"100":{"start":{"line":246,"column":4},"end":{"line":246,"column":14}},"101":{"start":{"line":249,"column":20},"end":{"line":254,"column":3}},"102":{"start":{"line":250,"column":4},"end":{"line":252,"column":5}},"103":{"start":{"line":251,"column":6},"end":{"line":251,"column":56}},"104":{"start":{"line":251,"column":42},"end":{"line":251,"column":54}},"105":{"start":{"line":253,"column":4},"end":{"line":253,"column":19}},"106":{"start":{"line":256,"column":2},"end":{"line":275,"column":3}},"107":{"start":{"line":257,"column":4},"end":{"line":274,"column":6}},"108":{"start":{"line":277,"column":2},"end":{"line":445,"column":4}},"109":{"start":{"line":320,"column":51},"end":{"line":320,"column":65}},"110":{"start":{"line":455,"column":0},"end":{"line":473,"column":1}},"111":{"start":{"line":456,"column":2},"end":{"line":472,"column":4}},"112":{"start":{"line":463,"column":4},"end":{"line":463,"column":29}},"113":{"start":{"line":463,"column":19},"end":{"line":463,"column":29}},"114":{"start":{"line":464,"column":4},"end":{"line":464,"column":29}},"115":{"start":{"line":464,"column":19},"end":{"line":464,"column":29}},"116":{"start":{"line":465,"column":4},"end":{"line":465,"column":21}},"117":{"start":{"line":466,"column":4},"end":{"line":466,"column":26}},"118":{"start":{"line":467,"column":4},"end":{"line":467,"column":42}},"119":{"start":{"line":468,"column":4},"end":{"line":468,"column":42}},"120":{"start":{"line":469,"column":4},"end":{"line":469,"column":34}},"121":{"start":{"line":470,"column":4},"end":{"line":470,"column":34}},"122":{"start":{"line":471,"column":4},"end":{"line":471,"column":21}}},"fnMap":{"0":{"name":"(anonymous_0)","decl":{"start":{"line":46,"column":54},"end":{"line":46,"column":55}},"loc":{"start":{"line":46,"column":84},"end":{"line":446,"column":1}},"line":46},"1":{"name":"(anonymous_1)","decl":{"start":{"line":56,"column":12},"end":{"line":56,"column":13}},"loc":{"start":{"line":56,"column":18},"end":{"line":63,"column":3}},"line":56},"2":{"name":"(anonymous_2)","decl":{"start":{"line":58,"column":11},"end":{"line":58,"column":12}},"loc":{"start":{"line":58,"column":17},"end":{"line":62,"column":5}},"line":58},"3":{"name":"(anonymous_3)","decl":{"start":{"line":60,"column":35},"end":{"line":60,"column":36}},"loc":{"start":{"line":60,"column":44},"end":{"line":60,"column":56}},"line":60},"4":{"name":"(anonymous_4)","decl":{"start":{"line":65,"column":12},"end":{"line":65,"column":13}},"loc":{"start":{"line":65,"column":18},"end":{"line":69,"column":3}},"line":65},"5":{"name":"(anonymous_5)","decl":{"start":{"line":71,"column":25},"end":{"line":71,"column":26}},"loc":{"start":{"line":71,"column":31},"end":{"line":83,"column":3}},"line":71},"6":{"name":"(anonymous_6)","decl":{"start":{"line":74,"column":60},"end":{"line":74,"column":61}},"loc":{"start":{"line":74,"column":75},"end":{"line":76,"column":7}},"line":74},"7":{"name":"(anonymous_7)","decl":{"start":{"line":76,"column":15},"end":{"line":76,"column":16}},"loc":{"start":{"line":76,"column":21},"end":{"line":78,"column":7}},"line":76},"8":{"name":"(anonymous_8)","decl":{"start":{"line":85,"column":23},"end":{"line":85,"column":24}},"loc":{"start":{"line":85,"column":35},"end":{"line":129,"column":3}},"line":85},"9":{"name":"(anonymous_9)","decl":{"start":{"line":131,"column":25},"end":{"line":131,"column":26}},"loc":{"start":{"line":131,"column":43},"end":{"line":142,"column":3}},"line":131},"10":{"name":"(anonymous_10)","decl":{"start":{"line":133,"column":36},"end":{"line":133,"column":37}},"loc":{"start":{"line":133,"column":42},"end":{"line":135,"column":5}},"line":133},"11":{"name":"(anonymous_11)","decl":{"start":{"line":144,"column":26},"end":{"line":144,"column":27}},"loc":{"start":{"line":144,"column":32},"end":{"line":149,"column":3}},"line":144},"12":{"name":"(anonymous_12)","decl":{"start":{"line":151,"column":30},"end":{"line":151,"column":31}},"loc":{"start":{"line":151,"column":36},"end":{"line":177,"column":3}},"line":151},"13":{"name":"(anonymous_13)","decl":{"start":{"line":159,"column":25},"end":{"line":159,"column":26}},"loc":{"start":{"line":159,"column":31},"end":{"line":174,"column":5}},"line":159},"14":{"name":"(anonymous_14)","decl":{"start":{"line":179,"column":25},"end":{"line":179,"column":26}},"loc":{"start":{"line":179,"column":60},"end":{"line":215,"column":3}},"line":179},"15":{"name":"(anonymous_15)","decl":{"start":{"line":217,"column":28},"end":{"line":217,"column":29}},"loc":{"start":{"line":217,"column":34},"end":{"line":238,"column":3}},"line":217},"16":{"name":"(anonymous_16)","decl":{"start":{"line":240,"column":22},"end":{"line":240,"column":23}},"loc":{"start":{"line":240,"column":28},"end":{"line":247,"column":3}},"line":240},"17":{"name":"(anonymous_17)","decl":{"start":{"line":242,"column":33},"end":{"line":242,"column":34}},"loc":{"start":{"line":242,"column":42},"end":{"line":242,"column":54}},"line":242},"18":{"name":"(anonymous_18)","decl":{"start":{"line":249,"column":20},"end":{"line":249,"column":21}},"loc":{"start":{"line":249,"column":26},"end":{"line":254,"column":3}},"line":249},"19":{"name":"(anonymous_19)","decl":{"start":{"line":251,"column":33},"end":{"line":251,"column":34}},"loc":{"start":{"line":251,"column":42},"end":{"line":251,"column":54}},"line":251},"20":{"name":"(anonymous_20)","decl":{"start":{"line":320,"column":45},"end":{"line":320,"column":46}},"loc":{"start":{"line":320,"column":51},"end":{"line":320,"column":65}},"line":320},"21":{"name":"(anonymous_21)","decl":{"start":{"line":372,"column":21},"end":{"line":372,"column":22}},"loc":{"start":{"line":372,"column":27},"end":{"line":372,"column":62}},"line":372},"22":{"name":"(anonymous_22)","decl":{"start":{"line":456,"column":49},"end":{"line":456,"column":50}},"loc":{"start":{"line":462,"column":4},"end":{"line":472,"column":3}},"line":462}},"branchMap":{"0":{"loc":{"start":{"line":59,"column":6},"end":{"line":61,"column":7}},"type":"if","locations":[{"start":{"line":59,"column":6},"end":{"line":61,"column":7}},{"start":{},"end":{}}],"line":59},"1":{"loc":{"start":{"line":66,"column":4},"end":{"line":68,"column":5}},"type":"if","locations":[{"start":{"line":66,"column":4},"end":{"line":68,"column":5}},{"start":{},"end":{}}],"line":66},"2":{"loc":{"start":{"line":66,"column":8},"end":{"line":66,"column":29}},"type":"binary-expr","locations":[{"start":{"line":66,"column":8},"end":{"line":66,"column":12}},{"start":{"line":66,"column":16},"end":{"line":66,"column":29}}],"line":66},"3":{"loc":{"start":{"line":73,"column":4},"end":{"line":82,"column":5}},"type":"if","locations":[{"start":{"line":73,"column":4},"end":{"line":82,"column":5}},{"start":{"line":79,"column":11},"end":{"line":82,"column":5}}],"line":73},"4":{"loc":{"start":{"line":73,"column":8},"end":{"line":73,"column":49}},"type":"binary-expr","locations":[{"start":{"line":73,"column":8},"end":{"line":73,"column":25}},{"start":{"line":73,"column":29},"end":{"line":73,"column":49}}],"line":73},"5":{"loc":{"start":{"line":101,"column":6},"end":{"line":103,"column":7}},"type":"if","locations":[{"start":{"line":101,"column":6},"end":{"line":103,"column":7}},{"start":{},"end":{}}],"line":101},"6":{"loc":{"start":{"line":106,"column":6},"end":{"line":123,"column":7}},"type":"if","locations":[{"start":{"line":106,"column":6},"end":{"line":123,"column":7}},{"start":{"line":121,"column":13},"end":{"line":123,"column":7}}],"line":106},"7":{"loc":{"start":{"line":114,"column":10},"end":{"line":116,"column":11}},"type":"if","locations":[{"start":{"line":114,"column":10},"end":{"line":116,"column":11}},{"start":{},"end":{}}],"line":114},"8":{"loc":{"start":{"line":153,"column":4},"end":{"line":153,"column":56}},"type":"if","locations":[{"start":{"line":153,"column":4},"end":{"line":153,"column":56}},{"start":{},"end":{}}],"line":153},"9":{"loc":{"start":{"line":153,"column":8},"end":{"line":153,"column":47}},"type":"binary-expr","locations":[{"start":{"line":153,"column":8},"end":{"line":153,"column":26}},{"start":{"line":153,"column":30},"end":{"line":153,"column":47}}],"line":153},"10":{"loc":{"start":{"line":157,"column":4},"end":{"line":157,"column":21}},"type":"if","locations":[{"start":{"line":157,"column":4},"end":{"line":157,"column":21}},{"start":{},"end":{}}],"line":157},"11":{"loc":{"start":{"line":160,"column":6},"end":{"line":169,"column":7}},"type":"if","locations":[{"start":{"line":160,"column":6},"end":{"line":169,"column":7}},{"start":{},"end":{}}],"line":160},"12":{"loc":{"start":{"line":171,"column":6},"end":{"line":173,"column":7}},"type":"if","locations":[{"start":{"line":171,"column":6},"end":{"line":173,"column":7}},{"start":{},"end":{}}],"line":171},"13":{"loc":{"start":{"line":241,"column":4},"end":{"line":244,"column":5}},"type":"if","locations":[{"start":{"line":241,"column":4},"end":{"line":244,"column":5}},{"start":{},"end":{}}],"line":241},"14":{"loc":{"start":{"line":250,"column":4},"end":{"line":252,"column":5}},"type":"if","locations":[{"start":{"line":250,"column":4},"end":{"line":252,"column":5}},{"start":{},"end":{}}],"line":250},"15":{"loc":{"start":{"line":256,"column":2},"end":{"line":275,"column":3}},"type":"if","locations":[{"start":{"line":256,"column":2},"end":{"line":275,"column":3}},{"start":{},"end":{}}],"line":256},"16":{"loc":{"start":{"line":288,"column":9},"end":{"line":308,"column":9}},"type":"binary-expr","locations":[{"start":{"line":288,"column":9},"end":{"line":288,"column":18}},{"start":{"line":289,"column":10},"end":{"line":307,"column":16}}],"line":288},"17":{"loc":{"start":{"line":310,"column":9},"end":{"line":324,"column":9}},"type":"binary-expr","locations":[{"start":{"line":310,"column":9},"end":{"line":310,"column":14}},{"start":{"line":311,"column":10},"end":{"line":323,"column":16}}],"line":310},"18":{"loc":{"start":{"line":380,"column":9},"end":{"line":399,"column":9}},"type":"binary-expr","locations":[{"start":{"line":380,"column":9},"end":{"line":380,"column":19}},{"start":{"line":381,"column":10},"end":{"line":398,"column":16}}],"line":380},"19":{"loc":{"start":{"line":455,"column":0},"end":{"line":473,"column":1}},"type":"if","locations":[{"start":{"line":455,"column":0},"end":{"line":473,"column":1}},{"start":{},"end":{}}],"line":455},"20":{"loc":{"start":{"line":463,"column":4},"end":{"line":463,"column":29}},"type":"if","locations":[{"start":{"line":463,"column":4},"end":{"line":463,"column":29}},{"start":{},"end":{}}],"line":463},"21":{"loc":{"start":{"line":464,"column":4},"end":{"line":464,"column":29}},"type":"if","locations":[{"start":{"line":464,"column":4},"end":{"line":464,"column":29}},{"start":{},"end":{}}],"line":464}},"s":{"0":0,"1":0,"2":0,"3":0,"4":0,"5":0,"6":0,"7":0,"8":0,"9":0,"10":0,"11":0,"12":0,"13":0,"14":0,"15":0,"16":0,"17":0,"18":0,"19":0,"20":0,"21":0,"22":0,"23":0,"24":0,"25":0,"26":0,"27":0,"28":0,"29":0,"30":0,"31":0,"32":0,"33":0,"34":0,"35":0,"36":0,"37":0,"38":0,"39":0,"40":0,"41":0,"42":0,"43":0,"44":0,"45":0,"46":0,"47":0,"48":0,"49":0,"50":0,"51":0,"52":0,"53":0,"54":0,"55":0,"56":0,"57":0,"58":0,"59":0,"60":0,"61":0,"62":0,"63":0,"64":0,"65":0,"66":0,"67":0,"68":0,"69":0,"70":0,"71":0,"72":0,"73":0,"74":0,"75":0,"76":0,"77":0,"78":0,"79":0,"80":0,"81":0,"82":0,"83":0,"84":0,"85":0,"86":0,"87":0,"88":0,"89":0,"90":0,"91":0,"92":0,"93":0,"94":0,"95":0,"96":0,"97":0,"98":0,"99":0,"100":0,"101":0,"102":0,"103":0,"104":0,"105":0,"106":0,"107":0,"108":0,"109":0,"110":0,"111":0,"112":0,"113":0,"114":0,"115":0,"116":0,"117":0,"118":0,"119":0,"120":0,"121":0,"122":0},"f":{"0":0,"1":0,"2":0,"3":0,"4":0,"5":0,"6":0,"7":0,"8":0,"9":0,"10":0,"11":0,"12":0,"13":0,"14":0,"15":0,"16":0,"17":0,"18":0,"19":0,"20":0,"21":0,"22":0},"b":{"0":[0,0],"1":[0,0],"2":[0,0],"3":[0,0],"4":[0,0],"5":[0,0],"6":[0,0],"7":[0,0],"8":[0,0],"9":[0,0],"10":[0,0],"11":[0,0],"12":[0,0],"13":[0,0],"14":[0,0],"15":[0,0],"16":[0,0],"17":[0,0],"18":[0,0],"19":[0,0],"20":[0,0],"21":[0,0]}}
,"/Users/mdearaujo/Downloads/LETZ/frontend/src/components/ActivityFeed.tsx": {"path":"/Users/mdearaujo/Downloads/LETZ/frontend/src/components/ActivityFeed.tsx","statementMap":{"0":{"start":{"line":66,"column":50},"end":{"line":367,"column":1}},"1":{"start":{"line":71,"column":38},"end":{"line":71,"column":62}},"2":{"start":{"line":72,"column":32},"end":{"line":72,"column":46}},"3":{"start":{"line":73,"column":28},"end":{"line":73,"column":57}},"4":{"start":{"line":74,"column":26},"end":{"line":74,"column":37}},"5":{"start":{"line":75,"column":32},"end":{"line":75,"column":46}},"6":{"start":{"line":77,"column":2},"end":{"line":79,"column":24}},"7":{"start":{"line":78,"column":4},"end":{"line":78,"column":21}},"8":{"start":{"line":81,"column":25},"end":{"line":118,"column":3}},"9":{"start":{"line":82,"column":4},"end":{"line":117,"column":5}},"10":{"start":{"line":83,"column":6},"end":{"line":83,"column":23}},"11":{"start":{"line":85,"column":21},"end":{"line":88,"column":8}},"12":{"start":{"line":90,"column":6},"end":{"line":90,"column":61}},"13":{"start":{"line":90,"column":18},"end":{"line":90,"column":61}},"14":{"start":{"line":91,"column":6},"end":{"line":91,"column":64}},"15":{"start":{"line":91,"column":19},"end":{"line":91,"column":64}},"16":{"start":{"line":93,"column":23},"end":{"line":97,"column":8}},"17":{"start":{"line":99,"column":6},"end":{"line":101,"column":7}},"18":{"start":{"line":100,"column":8},"end":{"line":100,"column":55}},"19":{"start":{"line":103,"column":19},"end":{"line":103,"column":40}},"20":{"start":{"line":105,"column":6},"end":{"line":109,"column":7}},"21":{"start":{"line":106,"column":8},"end":{"line":106,"column":36}},"22":{"start":{"line":108,"column":8},"end":{"line":108,"column":58}},"23":{"start":{"line":108,"column":30},"end":{"line":108,"column":56}},"24":{"start":{"line":111,"column":6},"end":{"line":111,"column":29}},"25":{"start":{"line":112,"column":6},"end":{"line":112,"column":23}},"26":{"start":{"line":114,"column":6},"end":{"line":114,"column":73}},"27":{"start":{"line":116,"column":6},"end":{"line":116,"column":24}},"28":{"start":{"line":120,"column":21},"end":{"line":145,"column":3}},"29":{"start":{"line":121,"column":4},"end":{"line":144,"column":5}},"30":{"start":{"line":122,"column":23},"end":{"line":127,"column":8}},"31":{"start":{"line":129,"column":6},"end":{"line":141,"column":7}},"32":{"start":{"line":130,"column":8},"end":{"line":140,"column":11}},"33":{"start":{"line":130,"column":30},"end":{"line":140,"column":9}},"34":{"start":{"line":131,"column":10},"end":{"line":139,"column":22}},"35":{"start":{"line":143,"column":6},"end":{"line":143,"column":56}},"36":{"start":{"line":147,"column":22},"end":{"line":166,"column":3}},"37":{"start":{"line":148,"column":4},"end":{"line":165,"column":5}},"38":{"start":{"line":149,"column":23},"end":{"line":154,"column":8}},"39":{"start":{"line":156,"column":6},"end":{"line":162,"column":7}},"40":{"start":{"line":157,"column":8},"end":{"line":161,"column":11}},"41":{"start":{"line":157,"column":30},"end":{"line":161,"column":9}},"42":{"start":{"line":158,"column":10},"end":{"line":160,"column":22}},"43":{"start":{"line":164,"column":6},"end":{"line":164,"column":62}},"44":{"start":{"line":168,"column":26},"end":{"line":186,"column":3}},"45":{"start":{"line":169,"column":4},"end":{"line":185,"column":5}},"46":{"start":{"line":173,"column":8},"end":{"line":173,"column":45}},"47":{"start":{"line":176,"column":8},"end":{"line":176,"column":48}},"48":{"start":{"line":180,"column":8},"end":{"line":180,"column":46}},"49":{"start":{"line":182,"column":8},"end":{"line":182,"column":42}},"50":{"start":{"line":184,"column":8},"end":{"line":184,"column":29}},"51":{"start":{"line":188,"column":27},"end":{"line":201,"column":3}},"52":{"start":{"line":189,"column":4},"end":{"line":200,"column":5}},"53":{"start":{"line":191,"column":8},"end":{"line":191,"column":25}},"54":{"start":{"line":193,"column":8},"end":{"line":193,"column":25}},"55":{"start":{"line":195,"column":8},"end":{"line":195,"column":27}},"56":{"start":{"line":197,"column":8},"end":{"line":197,"column":25}},"57":{"start":{"line":199,"column":8},"end":{"line":199,"column":25}},"58":{"start":{"line":203,"column":2},"end":{"line":209,"column":3}},"59":{"start":{"line":204,"column":4},"end":{"line":208,"column":6}},"60":{"start":{"line":211,"column":2},"end":{"line":217,"column":3}},"61":{"start":{"line":212,"column":4},"end":{"line":216,"column":6}},"62":{"start":{"line":219,"column":2},"end":{"line":230,"column":3}},"63":{"start":{"line":220,"column":4},"end":{"line":229,"column":6}},"64":{"start":{"line":232,"column":2},"end":{"line":366,"column":4}},"65":{"start":{"line":236,"column":10},"end":{"line":349,"column":21}},"66":{"start":{"line":320,"column":35},"end":{"line":320,"column":58}},"67":{"start":{"line":338,"column":35},"end":{"line":338,"column":59}},"68":{"start":{"line":357,"column":27},"end":{"line":357,"column":51}}},"fnMap":{"0":{"name":"(anonymous_0)","decl":{"start":{"line":66,"column":50},"end":{"line":66,"column":51}},"loc":{"start":{"line":70,"column":6},"end":{"line":367,"column":1}},"line":70},"1":{"name":"(anonymous_1)","decl":{"start":{"line":77,"column":12},"end":{"line":77,"column":13}},"loc":{"start":{"line":77,"column":18},"end":{"line":79,"column":3}},"line":77},"2":{"name":"(anonymous_2)","decl":{"start":{"line":81,"column":25},"end":{"line":81,"column":26}},"loc":{"start":{"line":81,"column":48},"end":{"line":118,"column":3}},"line":81},"3":{"name":"(anonymous_3)","decl":{"start":{"line":108,"column":22},"end":{"line":108,"column":23}},"loc":{"start":{"line":108,"column":30},"end":{"line":108,"column":56}},"line":108},"4":{"name":"(anonymous_4)","decl":{"start":{"line":120,"column":21},"end":{"line":120,"column":22}},"loc":{"start":{"line":120,"column":51},"end":{"line":145,"column":3}},"line":120},"5":{"name":"(anonymous_5)","decl":{"start":{"line":130,"column":22},"end":{"line":130,"column":23}},"loc":{"start":{"line":130,"column":30},"end":{"line":140,"column":9}},"line":130},"6":{"name":"(anonymous_6)","decl":{"start":{"line":130,"column":39},"end":{"line":130,"column":40}},"loc":{"start":{"line":131,"column":10},"end":{"line":139,"column":22}},"line":131},"7":{"name":"(anonymous_7)","decl":{"start":{"line":147,"column":22},"end":{"line":147,"column":23}},"loc":{"start":{"line":147,"column":52},"end":{"line":166,"column":3}},"line":147},"8":{"name":"(anonymous_8)","decl":{"start":{"line":157,"column":22},"end":{"line":157,"column":23}},"loc":{"start":{"line":157,"column":30},"end":{"line":161,"column":9}},"line":157},"9":{"name":"(anonymous_9)","decl":{"start":{"line":157,"column":39},"end":{"line":157,"column":40}},"loc":{"start":{"line":158,"column":10},"end":{"line":160,"column":22}},"line":158},"10":{"name":"(anonymous_10)","decl":{"start":{"line":168,"column":26},"end":{"line":168,"column":27}},"loc":{"start":{"line":168,"column":52},"end":{"line":186,"column":3}},"line":168},"11":{"name":"(anonymous_11)","decl":{"start":{"line":188,"column":27},"end":{"line":188,"column":28}},"loc":{"start":{"line":188,"column":53},"end":{"line":201,"column":3}},"line":188},"12":{"name":"(anonymous_12)","decl":{"start":{"line":235,"column":24},"end":{"line":235,"column":25}},"loc":{"start":{"line":236,"column":10},"end":{"line":349,"column":21}},"line":236},"13":{"name":"(anonymous_13)","decl":{"start":{"line":320,"column":29},"end":{"line":320,"column":30}},"loc":{"start":{"line":320,"column":35},"end":{"line":320,"column":58}},"line":320},"14":{"name":"(anonymous_14)","decl":{"start":{"line":338,"column":29},"end":{"line":338,"column":30}},"loc":{"start":{"line":338,"column":35},"end":{"line":338,"column":59}},"line":338},"15":{"name":"(anonymous_15)","decl":{"start":{"line":357,"column":21},"end":{"line":357,"column":22}},"loc":{"start":{"line":357,"column":27},"end":{"line":357,"column":51}},"line":357}},"branchMap":{"0":{"loc":{"start":{"line":69,"column":2},"end":{"line":69,"column":12}},"type":"default-arg","locations":[{"start":{"line":69,"column":10},"end":{"line":69,"column":12}}],"line":69},"1":{"loc":{"start":{"line":81,"column":32},"end":{"line":81,"column":43}},"type":"default-arg","locations":[{"start":{"line":81,"column":42},"end":{"line":81,"column":43}}],"line":81},"2":{"loc":{"start":{"line":90,"column":6},"end":{"line":90,"column":61}},"type":"if","locations":[{"start":{"line":90,"column":6},"end":{"line":90,"column":61}},{"start":{},"end":{}}],"line":90},"3":{"loc":{"start":{"line":91,"column":6},"end":{"line":91,"column":64}},"type":"if","locations":[{"start":{"line":91,"column":6},"end":{"line":91,"column":64}},{"start":{},"end":{}}],"line":91},"4":{"loc":{"start":{"line":99,"column":6},"end":{"line":101,"column":7}},"type":"if","locations":[{"start":{"line":99,"column":6},"end":{"line":101,"column":7}},{"start":{},"end":{}}],"line":99},"5":{"loc":{"start":{"line":105,"column":6},"end":{"line":109,"column":7}},"type":"if","locations":[{"start":{"line":105,"column":6},"end":{"line":109,"column":7}},{"start":{"line":107,"column":13},"end":{"line":109,"column":7}}],"line":105},"6":{"loc":{"start":{"line":114,"column":15},"end":{"line":114,"column":71}},"type":"cond-expr","locations":[{"start":{"line":114,"column":38},"end":{"line":114,"column":49}},{"start":{"line":114,"column":52},"end":{"line":114,"column":71}}],"line":114},"7":{"loc":{"start":{"line":129,"column":6},"end":{"line":141,"column":7}},"type":"if","locations":[{"start":{"line":129,"column":6},"end":{"line":141,"column":7}},{"start":{},"end":{}}],"line":129},"8":{"loc":{"start":{"line":131,"column":10},"end":{"line":139,"column":22}},"type":"cond-expr","locations":[{"start":{"line":132,"column":14},"end":{"line":138,"column":15}},{"start":{"line":139,"column":14},"end":{"line":139,"column":22}}],"line":131},"9":{"loc":{"start":{"line":135,"column":28},"end":{"line":137,"column":43}},"type":"cond-expr","locations":[{"start":{"line":136,"column":20},"end":{"line":136,"column":43}},{"start":{"line":137,"column":20},"end":{"line":137,"column":43}}],"line":135},"10":{"loc":{"start":{"line":156,"column":6},"end":{"line":162,"column":7}},"type":"if","locations":[{"start":{"line":156,"column":6},"end":{"line":162,"column":7}},{"start":{},"end":{}}],"line":156},"11":{"loc":{"start":{"line":158,"column":10},"end":{"line":160,"column":22}},"type":"cond-expr","locations":[{"start":{"line":159,"column":14},"end":{"line":159,"column":68}},{"start":{"line":160,"column":14},"end":{"line":160,"column":22}}],"line":158},"12":{"loc":{"start":{"line":169,"column":4},"end":{"line":185,"column":5}},"type":"switch","locations":[{"start":{"line":170,"column":6},"end":{"line":170,"column":27}},{"start":{"line":171,"column":6},"end":{"line":171,"column":26}},{"start":{"line":172,"column":6},"end":{"line":173,"column":45}},{"start":{"line":174,"column":6},"end":{"line":174,"column":26}},{"start":{"line":175,"column":6},"end":{"line":176,"column":48}},{"start":{"line":177,"column":6},"end":{"line":177,"column":34}},{"start":{"line":178,"column":6},"end":{"line":178,"column":22}},{"start":{"line":179,"column":6},"end":{"line":180,"column":46}},{"start":{"line":181,"column":6},"end":{"line":182,"column":42}},{"start":{"line":183,"column":6},"end":{"line":184,"column":29}}],"line":169},"13":{"loc":{"start":{"line":189,"column":4},"end":{"line":200,"column":5}},"type":"switch","locations":[{"start":{"line":190,"column":6},"end":{"line":191,"column":25}},{"start":{"line":192,"column":6},"end":{"line":193,"column":25}},{"start":{"line":194,"column":6},"end":{"line":195,"column":27}},{"start":{"line":196,"column":6},"end":{"line":197,"column":25}},{"start":{"line":198,"column":6},"end":{"line":199,"column":25}}],"line":189},"14":{"loc":{"start":{"line":203,"column":2},"end":{"line":209,"column":3}},"type":"if","locations":[{"start":{"line":203,"column":2},"end":{"line":209,"column":3}},{"start":{},"end":{}}],"line":203},"15":{"loc":{"start":{"line":203,"column":6},"end":{"line":203,"column":40}},"type":"binary-expr","locations":[{"start":{"line":203,"column":6},"end":{"line":203,"column":13}},{"start":{"line":203,"column":17},"end":{"line":203,"column":40}}],"line":203},"16":{"loc":{"start":{"line":211,"column":2},"end":{"line":217,"column":3}},"type":"if","locations":[{"start":{"line":211,"column":2},"end":{"line":217,"column":3}},{"start":{},"end":{}}],"line":211},"17":{"loc":{"start":{"line":219,"column":2},"end":{"line":230,"column":3}},"type":"if","locations":[{"start":{"line":219,"column":2},"end":{"line":230,"column":3}},{"start":{},"end":{}}],"line":219},"18":{"loc":{"start":{"line":253,"column":25},"end":{"line":255,"column":25}},"type":"binary-expr","locations":[{"start":{"line":253,"column":25},"end":{"line":253,"column":44}},{"start":{"line":254,"column":26},"end":{"line":254,"column":88}}],"line":253},"19":{"loc":{"start":{"line":256,"column":25},"end":{"line":258,"column":25}},"type":"binary-expr","locations":[{"start":{"line":256,"column":25},"end":{"line":256,"column":39}},{"start":{"line":257,"column":26},"end":{"line":257,"column":64}}],"line":256},"20":{"loc":{"start":{"line":278,"column":17},"end":{"line":282,"column":17}},"type":"binary-expr","locations":[{"start":{"line":278,"column":17},"end":{"line":278,"column":37}},{"start":{"line":279,"column":18},"end":{"line":281,"column":31}}],"line":278},"21":{"loc":{"start":{"line":284,"column":17},"end":{"line":297,"column":17}},"type":"binary-expr","locations":[{"start":{"line":284,"column":17},"end":{"line":284,"column":34}},{"start":{"line":285,"column":18},"end":{"line":296,"column":20}}],"line":284},"22":{"loc":{"start":{"line":299,"column":17},"end":{"line":312,"column":17}},"type":"binary-expr","locations":[{"start":{"line":299,"column":17},"end":{"line":299,"column":41}},{"start":{"line":300,"column":18},"end":{"line":311,"column":20}}],"line":299},"23":{"loc":{"start":{"line":321,"column":27},"end":{"line":321,"column":65}},"type":"cond-expr","locations":[{"start":{"line":321,"column":46},"end":{"line":321,"column":53}},{"start":{"line":321,"column":56},"end":{"line":321,"column":65}}],"line":321},"24":{"loc":{"start":{"line":324,"column":21},"end":{"line":324,"column":81}},"type":"cond-expr","locations":[{"start":{"line":324,"column":40},"end":{"line":324,"column":56}},{"start":{"line":324,"column":59},"end":{"line":324,"column":81}}],"line":324},"25":{"loc":{"start":{"line":353,"column":7},"end":{"line":364,"column":7}},"type":"binary-expr","locations":[{"start":{"line":353,"column":7},"end":{"line":353,"column":14}},{"start":{"line":354,"column":8},"end":{"line":363,"column":14}}],"line":353},"26":{"loc":{"start":{"line":359,"column":23},"end":{"line":359,"column":75}},"type":"cond-expr","locations":[{"start":{"line":359,"column":33},"end":{"line":359,"column":63}},{"start":{"line":359,"column":66},"end":{"line":359,"column":75}}],"line":359},"27":{"loc":{"start":{"line":361,"column":13},"end":{"line":361,"column":56}},"type":"cond-expr","locations":[{"start":{"line":361,"column":23},"end":{"line":361,"column":38}},{"start":{"line":361,"column":41},"end":{"line":361,"column":56}}],"line":361}},"s":{"0":0,"1":0,"2":0,"3":0,"4":0,"5":0,"6":0,"7":0,"8":0,"9":0,"10":0,"11":0,"12":0,"13":0,"14":0,"15":0,"16":0,"17":0,"18":0,"19":0,"20":0,"21":0,"22":0,"23":0,"24":0,"25":0,"26":0,"27":0,"28":0,"29":0,"30":0,"31":0,"32":0,"33":0,"34":0,"35":0,"36":0,"37":0,"38":0,"39":0,"40":0,"41":0,"42":0,"43":0,"44":0,"45":0,"46":0,"47":0,"48":0,"49":0,"50":0,"51":0,"52":0,"53":0,"54":0,"55":0,"56":0,"57":0,"58":0,"59":0,"60":0,"61":0,"62":0,"63":0,"64":0,"65":0,"66":0,"67":0,"68":0},"f":{"0":0,"1":0,"2":0,"3":0,"4":0,"5":0,"6":0,"7":0,"8":0,"9":0,"10":0,"11":0,"12":0,"13":0,"14":0,"15":0},"b":{"0":[0],"1":[0],"2":[0,0],"3":[0,0],"4":[0,0],"5":[0,0],"6":[0,0],"7":[0,0],"8":[0,0],"9":[0,0],"10":[0,0],"11":[0,0],"12":[0,0,0,0,0,0,0,0,0,0],"13":[0,0,0,0,0],"14":[0,0],"15":[0,0],"16":[0,0],"17":[0,0],"18":[0,0],"19":[0,0],"20":[0,0],"21":[0,0],"22":[0,0],"23":[0,0],"24":[0,0],"25":[0,0],"26":[0,0],"27":[0,0]}}
,"/Users/mdearaujo/Downloads/LETZ/frontend/src/components/EventCard.tsx": {"path":"/Users/mdearaujo/Downloads/LETZ/frontend/src/components/EventCard.tsx","statementMap":{"0":{"start":{"line":69,"column":44},"end":{"line":240,"column":1}},"1":{"start":{"line":74,"column":19},"end":{"line":74,"column":32}},"2":{"start":{"line":76,"column":26},"end":{"line":78,"column":3}},"3":{"start":{"line":77,"column":4},"end":{"line":77,"column":36}},"4":{"start":{"line":80,"column":26},"end":{"line":87,"column":3}},"5":{"start":{"line":81,"column":4},"end":{"line":86,"column":5}},"6":{"start":{"line":82,"column":19},"end":{"line":82,"column":39}},"7":{"start":{"line":83,"column":6},"end":{"line":83,"column":69}},"8":{"start":{"line":85,"column":6},"end":{"line":85,"column":24}},"9":{"start":{"line":89,"column":28},"end":{"line":102,"column":3}},"10":{"start":{"line":90,"column":4},"end":{"line":101,"column":5}},"11":{"start":{"line":92,"column":8},"end":{"line":92,"column":23}},"12":{"start":{"line":94,"column":8},"end":{"line":94,"column":27}},"13":{"start":{"line":96,"column":8},"end":{"line":96,"column":25}},"14":{"start":{"line":98,"column":8},"end":{"line":98,"column":25}},"15":{"start":{"line":100,"column":8},"end":{"line":100,"column":25}},"16":{"start":{"line":104,"column":25},"end":{"line":117,"column":3}},"17":{"start":{"line":105,"column":4},"end":{"line":116,"column":5}},"18":{"start":{"line":107,"column":8},"end":{"line":107,"column":25}},"19":{"start":{"line":109,"column":8},"end":{"line":109,"column":25}},"20":{"start":{"line":111,"column":8},"end":{"line":111,"column":25}},"21":{"start":{"line":113,"column":8},"end":{"line":113,"column":23}},"22":{"start":{"line":115,"column":8},"end":{"line":115,"column":25}},"23":{"start":{"line":119,"column":2},"end":{"line":239,"column":4}},"24":{"start":{"line":206,"column":10},"end":{"line":206,"column":30}},"25":{"start":{"line":207,"column":10},"end":{"line":207,"column":28}},"26":{"start":{"line":217,"column":16},"end":{"line":217,"column":36}},"27":{"start":{"line":218,"column":16},"end":{"line":218,"column":34}},"28":{"start":{"line":229,"column":16},"end":{"line":229,"column":36}},"29":{"start":{"line":230,"column":16},"end":{"line":230,"column":31}}},"fnMap":{"0":{"name":"(anonymous_0)","decl":{"start":{"line":69,"column":44},"end":{"line":69,"column":45}},"loc":{"start":{"line":73,"column":6},"end":{"line":240,"column":1}},"line":73},"1":{"name":"(anonymous_1)","decl":{"start":{"line":76,"column":26},"end":{"line":76,"column":27}},"loc":{"start":{"line":76,"column":32},"end":{"line":78,"column":3}},"line":76},"2":{"name":"(anonymous_2)","decl":{"start":{"line":80,"column":26},"end":{"line":80,"column":27}},"loc":{"start":{"line":80,"column":50},"end":{"line":87,"column":3}},"line":80},"3":{"name":"(anonymous_3)","decl":{"start":{"line":89,"column":28},"end":{"line":89,"column":29}},"loc":{"start":{"line":89,"column":46},"end":{"line":102,"column":3}},"line":89},"4":{"name":"(anonymous_4)","decl":{"start":{"line":104,"column":25},"end":{"line":104,"column":26}},"loc":{"start":{"line":104,"column":45},"end":{"line":117,"column":3}},"line":104},"5":{"name":"(anonymous_5)","decl":{"start":{"line":205,"column":38},"end":{"line":205,"column":39}},"loc":{"start":{"line":205,"column":45},"end":{"line":208,"column":9}},"line":205},"6":{"name":"(anonymous_6)","decl":{"start":{"line":216,"column":23},"end":{"line":216,"column":24}},"loc":{"start":{"line":216,"column":30},"end":{"line":219,"column":15}},"line":216},"7":{"name":"(anonymous_7)","decl":{"start":{"line":228,"column":23},"end":{"line":228,"column":24}},"loc":{"start":{"line":228,"column":30},"end":{"line":231,"column":15}},"line":228}},"branchMap":{"0":{"loc":{"start":{"line":90,"column":4},"end":{"line":101,"column":5}},"type":"switch","locations":[{"start":{"line":91,"column":6},"end":{"line":92,"column":23}},{"start":{"line":93,"column":6},"end":{"line":94,"column":27}},{"start":{"line":95,"column":6},"end":{"line":96,"column":25}},{"start":{"line":97,"column":6},"end":{"line":98,"column":25}},{"start":{"line":99,"column":6},"end":{"line":100,"column":25}}],"line":90},"1":{"loc":{"start":{"line":105,"column":4},"end":{"line":116,"column":5}},"type":"switch","locations":[{"start":{"line":106,"column":6},"end":{"line":107,"column":25}},{"start":{"line":108,"column":6},"end":{"line":109,"column":25}},{"start":{"line":110,"column":6},"end":{"line":111,"column":25}},{"start":{"line":112,"column":6},"end":{"line":113,"column":23}},{"start":{"line":114,"column":6},"end":{"line":115,"column":25}}],"line":105},"2":{"loc":{"start":{"line":138,"column":13},"end":{"line":143,"column":13}},"type":"binary-expr","locations":[{"start":{"line":138,"column":13},"end":{"line":138,"column":28}},{"start":{"line":139,"column":14},"end":{"line":142,"column":16}}],"line":138},"3":{"loc":{"start":{"line":213,"column":11},"end":{"line":223,"column":11}},"type":"binary-expr","locations":[{"start":{"line":213,"column":11},"end":{"line":213,"column":21}},{"start":{"line":214,"column":12},"end":{"line":222,"column":25}}],"line":213},"4":{"loc":{"start":{"line":225,"column":11},"end":{"line":235,"column":11}},"type":"binary-expr","locations":[{"start":{"line":225,"column":11},"end":{"line":225,"column":18}},{"start":{"line":226,"column":12},"end":{"line":234,"column":25}}],"line":225}},"s":{"0":1,"1":0,"2":0,"3":0,"4":0,"5":0,"6":0,"7":0,"8":0,"9":0,"10":0,"11":0,"12":0,"13":0,"14":0,"15":0,"16":0,"17":0,"18":0,"19":0,"20":0,"21":0,"22":0,"23":0,"24":0,"25":0,"26":0,"27":0,"28":0,"29":0},"f":{"0":0,"1":0,"2":0,"3":0,"4":0,"5":0,"6":0,"7":0},"b":{"0":[0,0,0,0,0],"1":[0,0,0,0,0],"2":[0,0],"3":[0,0],"4":[0,0]},"_coverageSchema":"1a1c01bbd47fc00a2c39e90264f33305004495a9","hash":"07329c97f6866a25d084446c35e706874319d19e"}
,"/Users/mdearaujo/Downloads/LETZ/frontend/src/components/GoogleMap.tsx": {"path":"/Users/mdearaujo/Downloads/LETZ/frontend/src/components/GoogleMap.tsx","statementMap":{"0":{"start":{"line":5,"column":28},"end":{"line":5,"column":92}},"1":{"start":{"line":16,"column":32},"end":{"line":75,"column":1}},"2":{"start":{"line":24,"column":14},"end":{"line":24,"column":42}},"3":{"start":{"line":25,"column":24},"end":{"line":25,"column":51}},"4":{"start":{"line":27,"column":2},"end":{"line":55,"column":43}},"5":{"start":{"line":28,"column":4},"end":{"line":54,"column":5}},"6":{"start":{"line":29,"column":21},"end":{"line":39,"column":8}},"7":{"start":{"line":41,"column":6},"end":{"line":41,"column":21}},"8":{"start":{"line":44,"column":6},"end":{"line":53,"column":7}},"9":{"start":{"line":45,"column":8},"end":{"line":52,"column":11}},"10":{"start":{"line":46,"column":10},"end":{"line":51,"column":11}},"11":{"start":{"line":47,"column":12},"end":{"line":50,"column":15}},"12":{"start":{"line":58,"column":2},"end":{"line":72,"column":21}},"13":{"start":{"line":59,"column":4},"end":{"line":71,"column":5}},"14":{"start":{"line":60,"column":6},"end":{"line":70,"column":9}},"15":{"start":{"line":61,"column":8},"end":{"line":69,"column":11}},"16":{"start":{"line":74,"column":2},"end":{"line":74,"column":53}},"17":{"start":{"line":77,"column":15},"end":{"line":99,"column":1}},"18":{"start":{"line":78,"column":2},"end":{"line":98,"column":3}},"19":{"start":{"line":80,"column":6},"end":{"line":89,"column":8}},"20":{"start":{"line":91,"column":6},"end":{"line":95,"column":8}},"21":{"start":{"line":97,"column":6},"end":{"line":97,"column":73}},"22":{"start":{"line":105,"column":44},"end":{"line":122,"column":1}},"23":{"start":{"line":109,"column":2},"end":{"line":115,"column":3}},"24":{"start":{"line":110,"column":4},"end":{"line":114,"column":6}},"25":{"start":{"line":117,"column":2},"end":{"line":121,"column":4}},"26":{"start":{"line":131,"column":61},"end":{"line":169,"column":1}},"27":{"start":{"line":136,"column":50},"end":{"line":136,"column":102}},"28":{"start":{"line":138,"column":25},"end":{"line":158,"column":3}},"29":{"start":{"line":139,"column":4},"end":{"line":139,"column":34}},"30":{"start":{"line":142,"column":4},"end":{"line":157,"column":5}},"31":{"start":{"line":143,"column":23},"end":{"line":143,"column":49}},"32":{"start":{"line":144,"column":23},"end":{"line":144,"column":59}},"33":{"start":{"line":146,"column":6},"end":{"line":153,"column":7}},"34":{"start":{"line":147,"column":8},"end":{"line":150,"column":11}},"35":{"start":{"line":152,"column":8},"end":{"line":152,"column":35}},"36":{"start":{"line":155,"column":6},"end":{"line":155,"column":57}},"37":{"start":{"line":156,"column":6},"end":{"line":156,"column":33}},"38":{"start":{"line":160,"column":2},"end":{"line":168,"column":4}}},"fnMap":{"0":{"name":"(anonymous_0)","decl":{"start":{"line":16,"column":32},"end":{"line":16,"column":33}},"loc":{"start":{"line":23,"column":6},"end":{"line":75,"column":1}},"line":23},"1":{"name":"(anonymous_1)","decl":{"start":{"line":27,"column":12},"end":{"line":27,"column":13}},"loc":{"start":{"line":27,"column":18},"end":{"line":55,"column":3}},"line":27},"2":{"name":"(anonymous_2)","decl":{"start":{"line":45,"column":36},"end":{"line":45,"column":37}},"loc":{"start":{"line":45,"column":70},"end":{"line":52,"column":9}},"line":45},"3":{"name":"(anonymous_3)","decl":{"start":{"line":58,"column":12},"end":{"line":58,"column":13}},"loc":{"start":{"line":58,"column":18},"end":{"line":72,"column":3}},"line":58},"4":{"name":"(anonymous_4)","decl":{"start":{"line":60,"column":22},"end":{"line":60,"column":23}},"loc":{"start":{"line":60,"column":36},"end":{"line":70,"column":7}},"line":60},"5":{"name":"(anonymous_5)","decl":{"start":{"line":77,"column":15},"end":{"line":77,"column":16}},"loc":{"start":{"line":77,"column":35},"end":{"line":99,"column":1}},"line":77},"6":{"name":"(anonymous_6)","decl":{"start":{"line":105,"column":44},"end":{"line":105,"column":45}},"loc":{"start":{"line":108,"column":6},"end":{"line":122,"column":1}},"line":108},"7":{"name":"(anonymous_7)","decl":{"start":{"line":131,"column":61},"end":{"line":131,"column":62}},"loc":{"start":{"line":135,"column":6},"end":{"line":169,"column":1}},"line":135},"8":{"name":"(anonymous_8)","decl":{"start":{"line":138,"column":25},"end":{"line":138,"column":26}},"loc":{"start":{"line":138,"column":72},"end":{"line":158,"column":3}},"line":138}},"branchMap":{"0":{"loc":{"start":{"line":5,"column":28},"end":{"line":5,"column":92}},"type":"binary-expr","locations":[{"start":{"line":5,"column":28},"end":{"line":5,"column":69}},{"start":{"line":5,"column":73},"end":{"line":5,"column":92}}],"line":5},"1":{"loc":{"start":{"line":19,"column":2},"end":{"line":19,"column":14}},"type":"default-arg","locations":[{"start":{"line":19,"column":12},"end":{"line":19,"column":14}}],"line":19},"2":{"loc":{"start":{"line":21,"column":2},"end":{"line":21,"column":18}},"type":"default-arg","locations":[{"start":{"line":21,"column":11},"end":{"line":21,"column":18}}],"line":21},"3":{"loc":{"start":{"line":22,"column":2},"end":{"line":22,"column":16}},"type":"default-arg","locations":[{"start":{"line":22,"column":10},"end":{"line":22,"column":16}}],"line":22},"4":{"loc":{"start":{"line":28,"column":4},"end":{"line":54,"column":5}},"type":"if","locations":[{"start":{"line":28,"column":4},"end":{"line":54,"column":5}},{"start":{},"end":{}}],"line":28},"5":{"loc":{"start":{"line":28,"column":8},"end":{"line":28,"column":27}},"type":"binary-expr","locations":[{"start":{"line":28,"column":8},"end":{"line":28,"column":19}},{"start":{"line":28,"column":23},"end":{"line":28,"column":27}}],"line":28},"6":{"loc":{"start":{"line":44,"column":6},"end":{"line":53,"column":7}},"type":"if","locations":[{"start":{"line":44,"column":6},"end":{"line":53,"column":7}},{"start":{},"end":{}}],"line":44},"7":{"loc":{"start":{"line":46,"column":10},"end":{"line":51,"column":11}},"type":"if","locations":[{"start":{"line":46,"column":10},"end":{"line":51,"column":11}},{"start":{},"end":{}}],"line":46},"8":{"loc":{"start":{"line":59,"column":4},"end":{"line":71,"column":5}},"type":"if","locations":[{"start":{"line":59,"column":4},"end":{"line":71,"column":5}},{"start":{},"end":{}}],"line":59},"9":{"loc":{"start":{"line":59,"column":8},"end":{"line":59,"column":33}},"type":"binary-expr","locations":[{"start":{"line":59,"column":8},"end":{"line":59,"column":11}},{"start":{"line":59,"column":15},"end":{"line":59,"column":33}}],"line":59},"10":{"loc":{"start":{"line":78,"column":2},"end":{"line":98,"column":3}},"type":"switch","locations":[{"start":{"line":79,"column":4},"end":{"line":89,"column":8}},{"start":{"line":90,"column":4},"end":{"line":95,"column":8}},{"start":{"line":96,"column":4},"end":{"line":97,"column":73}}],"line":78},"11":{"loc":{"start":{"line":106,"column":2},"end":{"line":106,"column":30}},"type":"default-arg","locations":[{"start":{"line":106,"column":11},"end":{"line":106,"column":30}}],"line":106},"12":{"loc":{"start":{"line":109,"column":2},"end":{"line":115,"column":3}},"type":"if","locations":[{"start":{"line":109,"column":2},"end":{"line":115,"column":3}},{"start":{},"end":{}}],"line":109},"13":{"loc":{"start":{"line":109,"column":6},"end":{"line":109,"column":47}},"type":"binary-expr","locations":[{"start":{"line":109,"column":6},"end":{"line":109,"column":13}},{"start":{"line":109,"column":17},"end":{"line":109,"column":47}}],"line":109},"14":{"loc":{"start":{"line":133,"column":2},"end":{"line":133,"column":52}},"type":"default-arg","locations":[{"start":{"line":133,"column":20},"end":{"line":133,"column":52}}],"line":133},"15":{"loc":{"start":{"line":134,"column":2},"end":{"line":134,"column":18}},"type":"default-arg","locations":[{"start":{"line":134,"column":11},"end":{"line":134,"column":18}}],"line":134},"16":{"loc":{"start":{"line":146,"column":6},"end":{"line":153,"column":7}},"type":"if","locations":[{"start":{"line":146,"column":6},"end":{"line":153,"column":7}},{"start":{"line":151,"column":13},"end":{"line":153,"column":7}}],"line":146}},"s":{"0":0,"1":0,"2":0,"3":0,"4":0,"5":0,"6":0,"7":0,"8":0,"9":0,"10":0,"11":0,"12":0,"13":0,"14":0,"15":0,"16":0,"17":0,"18":0,"19":0,"20":0,"21":0,"22":0,"23":0,"24":0,"25":0,"26":0,"27":0,"28":0,"29":0,"30":0,"31":0,"32":0,"33":0,"34":0,"35":0,"36":0,"37":0,"38":0},"f":{"0":0,"1":0,"2":0,"3":0,"4":0,"5":0,"6":0,"7":0,"8":0},"b":{"0":[0,0],"1":[0],"2":[0],"3":[0],"4":[0,0],"5":[0,0],"6":[0,0],"7":[0,0],"8":[0,0],"9":[0,0],"10":[0,0,0],"11":[0],"12":[0,0],"13":[0,0],"14":[0],"15":[0],"16":[0,0]}}
,"/Users/mdearaujo/Downloads/LETZ/frontend/src/components/MapPicker.tsx": {"path":"/Users/mdearaujo/Downloads/LETZ/frontend/src/components/MapPicker.tsx","statementMap":{"0":{"start":{"line":29,"column":44},"end":{"line":309,"column":1}},"1":{"start":{"line":35,"column":17},"end":{"line":35,"column":45}},"2":{"start":{"line":36,"column":25},"end":{"line":36,"column":61}},"3":{"start":{"line":37,"column":20},"end":{"line":37,"column":59}},"4":{"start":{"line":38,"column":36},"end":{"line":38,"column":50}},"5":{"start":{"line":39,"column":28},"end":{"line":39,"column":57}},"6":{"start":{"line":40,"column":32},"end":{"line":40,"column":65}},"7":{"start":{"line":43,"column":25},"end":{"line":74,"column":8}},"8":{"start":{"line":44,"column":4},"end":{"line":73,"column":5}},"9":{"start":{"line":45,"column":6},"end":{"line":45,"column":25}},"10":{"start":{"line":46,"column":6},"end":{"line":46,"column":21}},"11":{"start":{"line":49,"column":6},"end":{"line":52,"column":7}},"12":{"start":{"line":50,"column":8},"end":{"line":50,"column":24}},"13":{"start":{"line":51,"column":8},"end":{"line":51,"column":15}},"14":{"start":{"line":55,"column":21},"end":{"line":55,"column":53}},"15":{"start":{"line":56,"column":6},"end":{"line":56,"column":127}},"16":{"start":{"line":57,"column":6},"end":{"line":57,"column":26}},"17":{"start":{"line":58,"column":6},"end":{"line":58,"column":26}},"18":{"start":{"line":60,"column":6},"end":{"line":62,"column":8}},"19":{"start":{"line":61,"column":8},"end":{"line":61,"column":24}},"20":{"start":{"line":64,"column":6},"end":{"line":67,"column":8}},"21":{"start":{"line":65,"column":8},"end":{"line":65,"column":82}},"22":{"start":{"line":66,"column":8},"end":{"line":66,"column":28}},"23":{"start":{"line":69,"column":6},"end":{"line":69,"column":40}},"24":{"start":{"line":71,"column":6},"end":{"line":71,"column":45}},"25":{"start":{"line":72,"column":6},"end":{"line":72,"column":26}},"26":{"start":{"line":76,"column":24},"end":{"line":156,"column":34}},"27":{"start":{"line":77,"column":4},"end":{"line":77,"column":32}},"28":{"start":{"line":77,"column":25},"end":{"line":77,"column":32}},"29":{"start":{"line":79,"column":28},"end":{"line":79,"column":72}},"30":{"start":{"line":81,"column":16},"end":{"line":91,"column":6}},"31":{"start":{"line":93,"column":19},"end":{"line":98,"column":6}},"32":{"start":{"line":101,"column":4},"end":{"line":124,"column":7}},"33":{"start":{"line":102,"column":23},"end":{"line":102,"column":43}},"34":{"start":{"line":103,"column":6},"end":{"line":123,"column":7}},"35":{"start":{"line":104,"column":28},"end":{"line":107,"column":9}},"36":{"start":{"line":110,"column":25},"end":{"line":110,"column":51}},"37":{"start":{"line":111,"column":8},"end":{"line":122,"column":11}},"38":{"start":{"line":112,"column":10},"end":{"line":121,"column":11}},"39":{"start":{"line":113,"column":37},"end":{"line":113,"column":65}},"40":{"start":{"line":114,"column":12},"end":{"line":114,"column":41}},"41":{"start":{"line":115,"column":12},"end":{"line":118,"column":15}},"42":{"start":{"line":120,"column":12},"end":{"line":120,"column":42}},"43":{"start":{"line":127,"column":4},"end":{"line":151,"column":7}},"44":{"start":{"line":128,"column":6},"end":{"line":150,"column":7}},"45":{"start":{"line":129,"column":28},"end":{"line":132,"column":9}},"46":{"start":{"line":134,"column":8},"end":{"line":134,"column":37}},"47":{"start":{"line":137,"column":25},"end":{"line":137,"column":51}},"48":{"start":{"line":138,"column":8},"end":{"line":149,"column":11}},"49":{"start":{"line":139,"column":10},"end":{"line":148,"column":11}},"50":{"start":{"line":140,"column":37},"end":{"line":140,"column":65}},"51":{"start":{"line":141,"column":12},"end":{"line":141,"column":41}},"52":{"start":{"line":142,"column":12},"end":{"line":145,"column":15}},"53":{"start":{"line":147,"column":12},"end":{"line":147,"column":42}},"54":{"start":{"line":153,"column":4},"end":{"line":153,"column":33}},"55":{"start":{"line":154,"column":4},"end":{"line":154,"column":31}},"56":{"start":{"line":155,"column":4},"end":{"line":155,"column":24}},"57":{"start":{"line":159,"column":29},"end":{"line":196,"column":24}},"58":{"start":{"line":160,"column":4},"end":{"line":195,"column":5}},"59":{"start":{"line":161,"column":6},"end":{"line":192,"column":8}},"60":{"start":{"line":163,"column":30},"end":{"line":166,"column":11}},"61":{"start":{"line":168,"column":10},"end":{"line":186,"column":11}},"62":{"start":{"line":169,"column":12},"end":{"line":169,"column":58}},"63":{"start":{"line":170,"column":12},"end":{"line":170,"column":55}},"64":{"start":{"line":173,"column":29},"end":{"line":173,"column":55}},"65":{"start":{"line":174,"column":12},"end":{"line":185,"column":15}},"66":{"start":{"line":175,"column":14},"end":{"line":184,"column":15}},"67":{"start":{"line":176,"column":41},"end":{"line":176,"column":69}},"68":{"start":{"line":177,"column":16},"end":{"line":177,"column":45}},"69":{"start":{"line":178,"column":16},"end":{"line":181,"column":19}},"70":{"start":{"line":183,"column":16},"end":{"line":183,"column":46}},"71":{"start":{"line":189,"column":10},"end":{"line":189,"column":61}},"72":{"start":{"line":190,"column":10},"end":{"line":190,"column":67}},"73":{"start":{"line":194,"column":6},"end":{"line":194,"column":68}},"74":{"start":{"line":199,"column":26},"end":{"line":223,"column":33}},"75":{"start":{"line":200,"column":4},"end":{"line":200,"column":32}},"76":{"start":{"line":200,"column":25},"end":{"line":200,"column":32}},"77":{"start":{"line":202,"column":21},"end":{"line":202,"column":47}},"78":{"start":{"line":203,"column":4},"end":{"line":222,"column":7}},"79":{"start":{"line":204,"column":6},"end":{"line":221,"column":7}},"80":{"start":{"line":205,"column":25},"end":{"line":205,"column":53}},"81":{"start":{"line":206,"column":28},"end":{"line":210,"column":9}},"82":{"start":{"line":212,"column":8},"end":{"line":215,"column":9}},"83":{"start":{"line":213,"column":10},"end":{"line":213,"column":53}},"84":{"start":{"line":214,"column":10},"end":{"line":214,"column":50}},"85":{"start":{"line":217,"column":8},"end":{"line":217,"column":49}},"86":{"start":{"line":218,"column":8},"end":{"line":218,"column":38}},"87":{"start":{"line":220,"column":8},"end":{"line":220,"column":44}},"88":{"start":{"line":225,"column":2},"end":{"line":227,"column":23}},"89":{"start":{"line":226,"column":4},"end":{"line":226,"column":21}},"90":{"start":{"line":229,"column":2},"end":{"line":308,"column":4}},"91":{"start":{"line":241,"column":27},"end":{"line":241,"column":53}},"92":{"start":{"line":242,"column":29},"end":{"line":242,"column":67}}},"fnMap":{"0":{"name":"(anonymous_0)","decl":{"start":{"line":29,"column":44},"end":{"line":29,"column":45}},"loc":{"start":{"line":34,"column":6},"end":{"line":309,"column":1}},"line":34},"1":{"name":"(anonymous_1)","decl":{"start":{"line":43,"column":37},"end":{"line":43,"column":38}},"loc":{"start":{"line":43,"column":49},"end":{"line":74,"column":3}},"line":43},"2":{"name":"(anonymous_2)","decl":{"start":{"line":60,"column":22},"end":{"line":60,"column":23}},"loc":{"start":{"line":60,"column":28},"end":{"line":62,"column":7}},"line":60},"3":{"name":"(anonymous_3)","decl":{"start":{"line":64,"column":23},"end":{"line":64,"column":24}},"loc":{"start":{"line":64,"column":29},"end":{"line":67,"column":7}},"line":64},"4":{"name":"(anonymous_4)","decl":{"start":{"line":76,"column":36},"end":{"line":76,"column":37}},"loc":{"start":{"line":76,"column":42},"end":{"line":156,"column":3}},"line":76},"5":{"name":"(anonymous_5)","decl":{"start":{"line":101,"column":34},"end":{"line":101,"column":35}},"loc":{"start":{"line":101,"column":40},"end":{"line":124,"column":5}},"line":101},"6":{"name":"(anonymous_6)","decl":{"start":{"line":111,"column":52},"end":{"line":111,"column":53}},"loc":{"start":{"line":111,"column":73},"end":{"line":122,"column":9}},"line":111},"7":{"name":"(anonymous_7)","decl":{"start":{"line":127,"column":29},"end":{"line":127,"column":30}},"loc":{"start":{"line":127,"column":63},"end":{"line":151,"column":5}},"line":127},"8":{"name":"(anonymous_8)","decl":{"start":{"line":138,"column":52},"end":{"line":138,"column":53}},"loc":{"start":{"line":138,"column":73},"end":{"line":149,"column":9}},"line":138},"9":{"name":"(anonymous_9)","decl":{"start":{"line":159,"column":41},"end":{"line":159,"column":42}},"loc":{"start":{"line":159,"column":47},"end":{"line":196,"column":3}},"line":159},"10":{"name":"(anonymous_10)","decl":{"start":{"line":162,"column":8},"end":{"line":162,"column":9}},"loc":{"start":{"line":162,"column":22},"end":{"line":187,"column":9}},"line":162},"11":{"name":"(anonymous_11)","decl":{"start":{"line":174,"column":56},"end":{"line":174,"column":57}},"loc":{"start":{"line":174,"column":77},"end":{"line":185,"column":13}},"line":174},"12":{"name":"(anonymous_12)","decl":{"start":{"line":188,"column":8},"end":{"line":188,"column":9}},"loc":{"start":{"line":188,"column":19},"end":{"line":191,"column":9}},"line":188},"13":{"name":"(anonymous_13)","decl":{"start":{"line":199,"column":38},"end":{"line":199,"column":39}},"loc":{"start":{"line":199,"column":44},"end":{"line":223,"column":3}},"line":199},"14":{"name":"(anonymous_14)","decl":{"start":{"line":203,"column":34},"end":{"line":203,"column":35}},"loc":{"start":{"line":203,"column":55},"end":{"line":222,"column":5}},"line":203},"15":{"name":"(anonymous_15)","decl":{"start":{"line":225,"column":12},"end":{"line":225,"column":13}},"loc":{"start":{"line":225,"column":18},"end":{"line":227,"column":3}},"line":225},"16":{"name":"(anonymous_16)","decl":{"start":{"line":241,"column":20},"end":{"line":241,"column":21}},"loc":{"start":{"line":241,"column":27},"end":{"line":241,"column":53}},"line":241},"17":{"name":"(anonymous_17)","decl":{"start":{"line":242,"column":22},"end":{"line":242,"column":23}},"loc":{"start":{"line":242,"column":29},"end":{"line":242,"column":67}},"line":242}},"branchMap":{"0":{"loc":{"start":{"line":32,"column":2},"end":{"line":32,"column":16}},"type":"default-arg","locations":[{"start":{"line":32,"column":10},"end":{"line":32,"column":16}}],"line":32},"1":{"loc":{"start":{"line":33,"column":2},"end":{"line":33,"column":14}},"type":"default-arg","locations":[{"start":{"line":33,"column":11},"end":{"line":33,"column":14}}],"line":33},"2":{"loc":{"start":{"line":40,"column":41},"end":{"line":40,"column":64}},"type":"binary-expr","locations":[{"start":{"line":40,"column":41},"end":{"line":40,"column":58}},{"start":{"line":40,"column":62},"end":{"line":40,"column":64}}],"line":40},"3":{"loc":{"start":{"line":49,"column":6},"end":{"line":52,"column":7}},"type":"if","locations":[{"start":{"line":49,"column":6},"end":{"line":52,"column":7}},{"start":{},"end":{}}],"line":49},"4":{"loc":{"start":{"line":77,"column":4},"end":{"line":77,"column":32}},"type":"if","locations":[{"start":{"line":77,"column":4},"end":{"line":77,"column":32}},{"start":{},"end":{}}],"line":77},"5":{"loc":{"start":{"line":79,"column":28},"end":{"line":79,"column":72}},"type":"binary-expr","locations":[{"start":{"line":79,"column":28},"end":{"line":79,"column":36}},{"start":{"line":79,"column":40},"end":{"line":79,"column":72}}],"line":79},"6":{"loc":{"start":{"line":103,"column":6},"end":{"line":123,"column":7}},"type":"if","locations":[{"start":{"line":103,"column":6},"end":{"line":123,"column":7}},{"start":{},"end":{}}],"line":103},"7":{"loc":{"start":{"line":112,"column":10},"end":{"line":121,"column":11}},"type":"if","locations":[{"start":{"line":112,"column":10},"end":{"line":121,"column":11}},{"start":{"line":119,"column":17},"end":{"line":121,"column":11}}],"line":112},"8":{"loc":{"start":{"line":112,"column":14},"end":{"line":112,"column":45}},"type":"binary-expr","locations":[{"start":{"line":112,"column":14},"end":{"line":112,"column":29}},{"start":{"line":112,"column":33},"end":{"line":112,"column":45}}],"line":112},"9":{"loc":{"start":{"line":128,"column":6},"end":{"line":150,"column":7}},"type":"if","locations":[{"start":{"line":128,"column":6},"end":{"line":150,"column":7}},{"start":{},"end":{}}],"line":128},"10":{"loc":{"start":{"line":139,"column":10},"end":{"line":148,"column":11}},"type":"if","locations":[{"start":{"line":139,"column":10},"end":{"line":148,"column":11}},{"start":{"line":146,"column":17},"end":{"line":148,"column":11}}],"line":139},"11":{"loc":{"start":{"line":139,"column":14},"end":{"line":139,"column":45}},"type":"binary-expr","locations":[{"start":{"line":139,"column":14},"end":{"line":139,"column":29}},{"start":{"line":139,"column":33},"end":{"line":139,"column":45}}],"line":139},"12":{"loc":{"start":{"line":160,"column":4},"end":{"line":195,"column":5}},"type":"if","locations":[{"start":{"line":160,"column":4},"end":{"line":195,"column":5}},{"start":{"line":193,"column":11},"end":{"line":195,"column":5}}],"line":160},"13":{"loc":{"start":{"line":168,"column":10},"end":{"line":186,"column":11}},"type":"if","locations":[{"start":{"line":168,"column":10},"end":{"line":186,"column":11}},{"start":{},"end":{}}],"line":168},"14":{"loc":{"start":{"line":168,"column":14},"end":{"line":168,"column":57}},"type":"binary-expr","locations":[{"start":{"line":168,"column":14},"end":{"line":168,"column":36}},{"start":{"line":168,"column":40},"end":{"line":168,"column":57}}],"line":168},"15":{"loc":{"start":{"line":175,"column":14},"end":{"line":184,"column":15}},"type":"if","locations":[{"start":{"line":175,"column":14},"end":{"line":184,"column":15}},{"start":{"line":182,"column":21},"end":{"line":184,"column":15}}],"line":175},"16":{"loc":{"start":{"line":175,"column":18},"end":{"line":175,"column":49}},"type":"binary-expr","locations":[{"start":{"line":175,"column":18},"end":{"line":175,"column":33}},{"start":{"line":175,"column":37},"end":{"line":175,"column":49}}],"line":175},"17":{"loc":{"start":{"line":200,"column":4},"end":{"line":200,"column":32}},"type":"if","locations":[{"start":{"line":200,"column":4},"end":{"line":200,"column":32}},{"start":{},"end":{}}],"line":200},"18":{"loc":{"start":{"line":204,"column":6},"end":{"line":221,"column":7}},"type":"if","locations":[{"start":{"line":204,"column":6},"end":{"line":221,"column":7}},{"start":{"line":219,"column":13},"end":{"line":221,"column":7}}],"line":204},"19":{"loc":{"start":{"line":204,"column":10},"end":{"line":204,"column":41}},"type":"binary-expr","locations":[{"start":{"line":204,"column":10},"end":{"line":204,"column":25}},{"start":{"line":204,"column":29},"end":{"line":204,"column":41}}],"line":204},"20":{"loc":{"start":{"line":212,"column":8},"end":{"line":215,"column":9}},"type":"if","locations":[{"start":{"line":212,"column":8},"end":{"line":215,"column":9}},{"start":{},"end":{}}],"line":212},"21":{"loc":{"start":{"line":212,"column":12},"end":{"line":212,"column":55}},"type":"binary-expr","locations":[{"start":{"line":212,"column":12},"end":{"line":212,"column":34}},{"start":{"line":212,"column":38},"end":{"line":212,"column":55}}],"line":212},"22":{"loc":{"start":{"line":242,"column":29},"end":{"line":242,"column":67}},"type":"binary-expr","locations":[{"start":{"line":242,"column":29},"end":{"line":242,"column":46}},{"start":{"line":242,"column":50},"end":{"line":242,"column":67}}],"line":242},"23":{"loc":{"start":{"line":261,"column":7},"end":{"line":265,"column":7}},"type":"binary-expr","locations":[{"start":{"line":261,"column":7},"end":{"line":261,"column":12}},{"start":{"line":262,"column":8},"end":{"line":264,"column":16}}],"line":261},"24":{"loc":{"start":{"line":276,"column":9},"end":{"line":293,"column":9}},"type":"binary-expr","locations":[{"start":{"line":276,"column":9},"end":{"line":276,"column":18}},{"start":{"line":277,"column":10},"end":{"line":292,"column":16}}],"line":276}},"s":{"0":0,"1":0,"2":0,"3":0,"4":0,"5":0,"6":0,"7":0,"8":0,"9":0,"10":0,"11":0,"12":0,"13":0,"14":0,"15":0,"16":0,"17":0,"18":0,"19":0,"20":0,"21":0,"22":0,"23":0,"24":0,"25":0,"26":0,"27":0,"28":0,"29":0,"30":0,"31":0,"32":0,"33":0,"34":0,"35":0,"36":0,"37":0,"38":0,"39":0,"40":0,"41":0,"42":0,"43":0,"44":0,"45":0,"46":0,"47":0,"48":0,"49":0,"50":0,"51":0,"52":0,"53":0,"54":0,"55":0,"56":0,"57":0,"58":0,"59":0,"60":0,"61":0,"62":0,"63":0,"64":0,"65":0,"66":0,"67":0,"68":0,"69":0,"70":0,"71":0,"72":0,"73":0,"74":0,"75":0,"76":0,"77":0,"78":0,"79":0,"80":0,"81":0,"82":0,"83":0,"84":0,"85":0,"86":0,"87":0,"88":0,"89":0,"90":0,"91":0,"92":0},"f":{"0":0,"
[...]
":{"line":89,"column":4},"end":{"line":99,"column":7}},"23":{"start":{"line":90,"column":6},"end":{"line":98,"column":12}},"24":{"start":{"line":91,"column":25},"end":{"line":91,"column":101}},"25":{"start":{"line":93,"column":8},"end":{"line":97,"column":9}},"26":{"start":{"line":94,"column":10},"end":{"line":94,"column":90}},"27":{"start":{"line":95,"column":10},"end":{"line":95,"column":106}},"28":{"start":{"line":96,"column":10},"end":{"line":96,"column":64}},"29":{"start":{"line":102,"column":4},"end":{"line":102,"column":28}},"30":{"start":{"line":106,"column":25},"end":{"line":106,"column":62}},"31":{"start":{"line":107,"column":23},"end":{"line":107,"column":79}},"32":{"start":{"line":107,"column":50},"end":{"line":107,"column":78}},"33":{"start":{"line":108,"column":4},"end":{"line":108,"column":49}},"34":{"start":{"line":113,"column":4},"end":{"line":146,"column":5}},"35":{"start":{"line":114,"column":6},"end":{"line":145,"column":7}},"36":{"start":{"line":115,"column":28},"end":{"line":119,"column":10}},"37":{"start":{"line":116,"column":26},"end":{"line":116,"column":43}},"38":{"start":{"line":117,"column":28},"end":{"line":117,"column":55}},"39":{"start":{"line":118,"column":10},"end":{"line":118,"column":55}},"40":{"start":{"line":120,"column":8},"end":{"line":120,"column":74}},"41":{"start":{"line":123,"column":28},"end":{"line":128,"column":10}},"42":{"start":{"line":124,"column":10},"end":{"line":127,"column":11}},"43":{"start":{"line":125,"column":24},"end":{"line":125,"column":72}},"44":{"start":{"line":126,"column":12},"end":{"line":126,"column":41}},"45":{"start":{"line":129,"column":8},"end":{"line":129,"column":61}},"46":{"start":{"line":132,"column":23},"end":{"line":132,"column":24}},"47":{"start":{"line":133,"column":28},"end":{"line":140,"column":10}},"48":{"start":{"line":134,"column":10},"end":{"line":138,"column":11}},"49":{"start":{"line":135,"column":12},"end":{"line":137,"column":13}},"50":{"start":{"line":136,"column":14},"end":{"line":136,"column":47}},"51":{"start":{"line":139,"column":10},"end":{"line":139,"column":44}},"52":{"start":{"line":141,"column":8},"end":{"line":141,"column":62}},"53":{"start":{"line":143,"column":20},"end":{"line":143,"column":77}},"54":{"start":{"line":144,"column":8},"end":{"line":144,"column":69}},"55":{"start":{"line":150,"column":4},"end":{"line":150,"column":25}},"56":{"start":{"line":154,"column":4},"end":{"line":164,"column":6}},"57":{"start":{"line":168,"column":18},"end":{"line":168,"column":68}},"58":{"start":{"line":169,"column":4},"end":{"line":169,"column":28}},"59":{"start":{"line":170,"column":4},"end":{"line":170,"column":51}},"60":{"start":{"line":174,"column":18},"end":{"line":174,"column":67}},"61":{"start":{"line":175,"column":4},"end":{"line":175,"column":28}},"62":{"start":{"line":176,"column":4},"end":{"line":176,"column":49}},"63":{"start":{"line":180,"column":18},"end":{"line":180,"column":67}},"64":{"start":{"line":181,"column":4},"end":{"line":181,"column":28}},"65":{"start":{"line":182,"column":4},"end":{"line":182,"column":52}},"66":{"start":{"line":186,"column":18},"end":{"line":186,"column":75}},"67":{"start":{"line":187,"column":4},"end":{"line":187,"column":28}},"68":{"start":{"line":188,"column":4},"end":{"line":188,"column":58}},"69":{"start":{"line":191,"column":4},"end":{"line":193,"column":5}},"70":{"start":{"line":192,"column":6},"end":{"line":192,"column":29}},"71":{"start":{"line":197,"column":38},"end":{"line":204,"column":5}},"72":{"start":{"line":206,"column":4},"end":{"line":206,"column":36}},"73":{"start":{"line":207,"column":4},"end":{"line":207,"column":69}},"74":{"start":{"line":210,"column":4},"end":{"line":212,"column":5}},"75":{"start":{"line":211,"column":6},"end":{"line":211,"column":26}},"76":{"start":{"line":216,"column":4},"end":{"line":216,"column":31}},"77":{"start":{"line":219,"column":4},"end":{"line":221,"column":5}},"78":{"start":{"line":220,"column":6},"end":{"line":220,"column":23}},"79":{"start":{"line":225,"column":4},"end":{"line":228,"column":7}},"80":{"start":{"line":232,"column":4},"end":{"line":232,"column":62}},"81":{"start":{"line":232,"column":55},"end":{"line":232,"column":62}},"82":{"start":{"line":234,"column":23},"end":{"line":234,"column":42}},"83":{"start":{"line":235,"column":4},"end":{"line":235,"column":24}},"84":{"start":{"line":237,"column":4},"end":{"line":243,"column":5}},"85":{"start":{"line":238,"column":6},"end":{"line":238,"column":38}},"86":{"start":{"line":241,"column":6},"end":{"line":241,"column":44}},"87":{"start":{"line":242,"column":6},"end":{"line":242,"column":51}},"88":{"start":{"line":247,"column":4},"end":{"line":247,"column":66}},"89":{"start":{"line":247,"column":59},"end":{"line":247,"column":66}},"90":{"start":{"line":249,"column":26},"end":{"line":249,"column":49}},"91":{"start":{"line":250,"column":4},"end":{"line":250,"column":28}},"92":{"start":{"line":252,"column":4},"end":{"line":258,"column":5}},"93":{"start":{"line":253,"column":6},"end":{"line":253,"column":44}},"94":{"start":{"line":256,"column":6},"end":{"line":256,"column":51}},"95":{"start":{"line":257,"column":6},"end":{"line":257,"column":54}},"96":{"start":{"line":262,"column":18},"end":{"line":262,"column":47}},"97":{"start":{"line":264,"column":4},"end":{"line":271,"column":7}},"98":{"start":{"line":275,"column":18},"end":{"line":275,"column":47}},"99":{"start":{"line":277,"column":4},"end":{"line":284,"column":7}},"100":{"start":{"line":289,"column":4},"end":{"line":289,"column":31}},"101":{"start":{"line":294,"column":4},"end":{"line":294,"column":49}},"102":{"start":{"line":295,"column":4},"end":{"line":295,"column":60}},"103":{"start":{"line":300,"column":4},"end":{"line":304,"column":7}},"104":{"start":{"line":306,"column":4},"end":{"line":308,"column":5}},"105":{"start":{"line":307,"column":6},"end":{"line":307,"column":77}},"106":{"start":{"line":313,"column":26},"end":{"line":313,"column":49}},"107":{"start":{"line":316,"column":29},"end":{"line":326,"column":1}},"108":{"start":{"line":317,"column":2},"end":{"line":325,"column":4}}},"fnMap":{"0":{"name":"(anonymous_0)","decl":{"start":{"line":38,"column":2},"end":{"line":38,"column":3}},"loc":{"start":{"line":38,"column":16},"end":{"line":42,"column":3}},"line":38},"1":{"name":"(anonymous_1)","decl":{"start":{"line":44,"column":2},"end":{"line":44,"column":3}},"loc":{"start":{"line":44,"column":38},"end":{"line":46,"column":3}},"line":44},"2":{"name":"(anonymous_2)","decl":{"start":{"line":48,"column":2},"end":{"line":48,"column":3}},"loc":{"start":{"line":48,"column":32},"end":{"line":85,"column":3}},"line":48},"3":{"name":"(anonymous_3)","decl":{"start":{"line":50,"column":38},"end":{"line":50,"column":39}},"loc":{"start":{"line":50,"column":44},"end":{"line":53,"column":5}},"line":50},"4":{"name":"(anonymous_4)","decl":{"start":{"line":55,"column":39},"end":{"line":55,"column":40}},"loc":{"start":{"line":55,"column":45},"end":{"line":57,"column":5}},"line":55},"5":{"name":"(anonymous_5)","decl":{"start":{"line":60,"column":37},"end":{"line":60,"column":38}},"loc":{"start":{"line":60,"column":48},"end":{"line":66,"column":5}},"line":60},"6":{"name":"(anonymous_6)","decl":{"start":{"line":69,"column":50},"end":{"line":69,"column":51}},"loc":{"start":{"line":69,"column":61},"end":{"line":72,"column":5}},"line":69},"7":{"name":"(anonymous_7)","decl":{"start":{"line":75,"column":50},"end":{"line":75,"column":51}},"loc":{"start":{"line":75,"column":56},"end":{"line":79,"column":5}},"line":75},"8":{"name":"(anonymous_8)","decl":{"start":{"line":82,"column":44},"end":{"line":82,"column":45}},"loc":{"start":{"line":82,"column":50},"end":{"line":84,"column":5}},"line":82},"9":{"name":"(anonymous_9)","decl":{"start":{"line":87,"column":2},"end":{"line":87,"column":3}},"loc":{"start":{"line":87,"column":39},"end":{"line":103,"column":3}},"line":87},"10":{"name":"(anonymous_10)","decl":{"start":{"line":89,"column":36},"end":{"line":89,"column":37}},"loc":{"start":{"line":89,"column":42},"end":{"line":99,"column":5}},"line":89},"11":{"name":"(anonymous_11)","decl":{"start":{"line":90,"column":17},"end":{"line":90,"column":18}},"loc":{"start":{"line":90,"column":23},"end":{"line":98,"column":7}},"line":90},"12":{"name":"(anonymous_12)","decl":{"start":{"line":105,"column":2},"end":{"line":105,"column":3}},"loc":{"start":{"line":105,"column":34},"end":{"line":109,"column":3}},"line":105},"13":{"name":"(anonymous_13)","decl":{"start":{"line":107,"column":41},"end":{"line":107,"column":42}},"loc":{"start":{"line":107,"column":50},"end":{"line":107,"column":78}},"line":107},"14":{"name":"(anonymous_14)","decl":{"start":{"line":111,"column":2},"end":{"line":111,"column":3}},"loc":{"start":{"line":111,"column":29},"end":{"line":147,"column":3}},"line":111},"15":{"name":"(anonymous_15)","decl":{"start":{"line":115,"column":52},"end":{"line":115,"column":53}},"loc":{"start":{"line":115,"column":62},"end":{"line":119,"column":9}},"line":115},"16":{"name":"(anonymous_16)","decl":{"start":{"line":123,"column":52},"end":{"line":123,"column":53}},"loc":{"start":{"line":123,"column":62},"end":{"line":128,"column":9}},"line":123},"17":{"name":"(anonymous_17)","decl":{"start":{"line":133,"column":52},"end":{"line":133,"column":53}},"loc":{"start":{"line":133,"column":62},"end":{"line":140,"column":9}},"line":133},"18":{"name":"(anonymous_18)","decl":{"start":{"line":149,"column":2},"end":{"line":149,"column":3}},"loc":{"start":{"line":149,"column":28},"end":{"line":151,"column":3}},"line":149},"19":{"name":"(anonymous_19)","decl":{"start":{"line":153,"column":2},"end":{"line":153,"column":3}},"loc":{"start":{"line":153,"column":96},"end":{"line":165,"column":3}},"line":153},"20":{"name":"(anonymous_20)","decl":{"start":{"line":167,"column":2},"end":{"line":167,"column":3}},"loc":{"start":{"line":167,"column":40},"end":{"line":171,"column":3}},"line":167},"21":{"name":"(anonymous_21)","decl":{"start":{"line":173,"column":2},"end":{"line":173,"column":3}},"loc":{"start":{"line":173,"column":39},"end":{"line":177,"column":3}},"line":173},"22":{"name":"(anonymous_22)","decl":{"start":{"line":179,"column":2},"end":{"line":179,"column":3}},"loc":{"start":{"line":179,"column":39},"end":{"line":183,"column":3}},"line":179},"23":{"name":"(anonymous_23)","decl":{"start":{"line":185,"column":2},"end":{"line":185,"column":3}},"loc":{"start":{"line":185,"column":55},"end":{"line":194,"column":3}},"line":185},"24":{"name":"(anonymous_24)","decl":{"start":{"line":196,"column":2},"end":{"line":196,"column":3}},"loc":{"start":{"line":196,"column":65},"end":{"line":213,"column":3}},"line":196},"25":{"name":"(anonymous_25)","decl":{"start":{"line":215,"column":2},"end":{"line":215,"column":3}},"loc":{"start":{"line":215,"column":39},"end":{"line":222,"column":3}},"line":215},"26":{"name":"(anonymous_26)","decl":{"start":{"line":224,"column":2},"end":{"line":224,"column":3}},"loc":{"start":{"line":224,"column":31},"end":{"line":229,"column":3}},"line":224},"27":{"name":"(anonymous_27)","decl":{"start":{"line":231,"column":2},"end":{"line":231,"column":3}},"loc":{"start":{"line":231,"column":28},"end":{"line":244,"column":3}},"line":231},"28":{"name":"(anonymous_28)","decl":{"start":{"line":246,"column":2},"end":{"line":246,"column":3}},"loc":{"start":{"line":246,"column":31},"end":{"line":259,"column":3}},"line":246},"29":{"name":"(anonymous_29)","decl":{"start":{"line":261,"column":2},"end":{"line":261,"column":3}},"loc":{"start":{"line":261,"column":43},"end":{"line":272,"column":3}},"line":261},"30":{"name":"(anonymous_30)","decl":{"start":{"line":274,"column":2},"end":{"line":274,"column":3}},"loc":{"start":{"line":274,"column":58},"end":{"line":285,"column":3}},"line":274},"31":{"name":"(anonymous_31)","decl":{"start":{"line":288,"column":2},"end":{"line":288,"column":3}},"loc":{"start":{"line":288,"column":10},"end":{"line":290,"column":3}},"line":288},"32":{"name":"(anonymous_32)","decl":{"start":{"line":293,"column":2},"end":{"line":293,"column":3}},"loc":{"start":{"line":293,"column":46},"end":{"line":296,"column":3}},"line":293},"33":{"name":"(anonymous_33)","decl":{"start":{"line":299,"column":2},"end":{"line":299,"column":3}},"loc":{"start":{"line":299,"column":83},"end":{"line":309,"column":3}},"line":299},"34":{"name":"(anonymous_34)","decl":{"start":{"line":316,"column":29},"end":{"line":316,"column":30}},"loc":{"start":{"line":316,"column":35},"end":{"line":326,"column":1}},"line":316}},"branchMap":{"0":{"loc":{"start":{"line":70,"column":20},"end":{"line":70,"column":98}},"type":"cond-expr","locations":[{"start":{"line":70,"column":52},"end":{"line":70,"column":64}},{"start":{"line":70,"column":67},"end":{"line":70,"column":98}}],"line":70},"1":{"loc":{"start":{"line":76,"column":6},"end":{"line":78,"column":7}},"type":"if","locations":[{"start":{"line":76,"column":6},"end":{"line":78,"column":7}},{"start":{},"end":{}}],"line":76},"2":{"loc":{"start":{"line":93,"column":8},"end":{"line":97,"column":9}},"type":"if","locations":[{"start":{"line":93,"column":8},"end":{"line":97,"column":9}},{"start":{},"end":{}}],"line":93},"3":{"loc":{"start":{"line":108,"column":11},"end":{"line":108,"column":48}},"type":"cond-expr","locations":[{"start":{"line":108,"column":24},"end":{"line":108,"column":44}},{"start":{"line":108,"column":47},"end":{"line":108,"column":48}}],"line":108},"4":{"loc":{"start":{"line":113,"column":4},"end":{"line":146,"column":5}},"type":"if","locations":[{"start":{"line":113,"column":4},"end":{"line":146,"column":5}},{"start":{},"end":{}}],"line":113},"5":{"loc":{"start":{"line":135,"column":12},"end":{"line":137,"column":13}},"type":"if","locations":[{"start":{"line":135,"column":12},"end":{"line":137,"column":13}},{"start":{},"end":{}}],"line":135},"6":{"loc":{"start":{"line":143,"column":20},"end":{"line":143,"column":77}},"type":"cond-expr","locations":[{"start":{"line":143,"column":45},"end":{"line":143,"column":50}},{"start":{"line":143,"column":53},"end":{"line":143,"column":77}}],"line":143},"7":{"loc":{"start":{"line":191,"column":4},"end":{"line":193,"column":5}},"type":"if","locations":[{"start":{"line":191,"column":4},"end":{"line":193,"column":5}},{"start":{},"end":{}}],"line":191},"8":{"loc":{"start":{"line":210,"column":4},"end":{"line":212,"column":5}},"type":"if","locations":[{"start":{"line":210,"column":4},"end":{"line":212,"column":5}},{"start":{},"end":{}}],"line":210},"9":{"loc":{"start":{"line":219,"column":4},"end":{"line":221,"column":5}},"type":"if","locations":[{"start":{"line":219,"column":4},"end":{"line":221,"column":5}},{"start":{},"end":{}}],"line":219},"10":{"loc":{"start":{"line":232,"column":4},"end":{"line":232,"column":62}},"type":"if","locations":[{"start":{"line":232,"column":4},"end":{"line":232,"column":62}},{"start":{},"end":{}}],"line":232},"11":{"loc":{"start":{"line":232,"column":8},"end":{"line":232,"column":53}},"type":"binary-expr","locations":[{"start":{"line":232,"column":8},"end":{"line":232,"column":35}},{"start":{"line":232,"column":39},"end":{"line":232,"column":53}}],"line":232},"12":{"loc":{"start":{"line":247,"column":4},"end":{"line":247,"column":66}},"type":"if","locations":[{"start":{"line":247,"column":4},"end":{"line":247,"column":66}},{"start":{},"end":{}}],"line":247},"13":{"loc":{"start":{"line":247,"column":8},"end":{"line":247,"column":57}},"type":"binary-expr","locations":[{"start":{"line":247,"column":8},"end":{"line":247,"column":39}},{"start":{"line":247,"column":43},"end":{"line":247,"column":57}}],"line":247},"14":{"loc":{"start":{"line":268,"column":12},"end":{"line":268,"column":59}},"type":"binary-expr","locations":[{"start":{"line":268,"column":12},"end":{"line":268,"column":17}},{"start":{"line":268,"column":21},"end":{"line":268,"column":59}}],"line":268},"15":{"loc":{"start":{"line":281,"column":12},"end":{"line":281,"column":59}},"type":"binary-expr","locations":[{"start":{"line":281,"column":12},"end":{"line":281,"column":17}},{"start":{"line":281,"column":21},"end":{"line":281,"column":59}}],"line":281},"16":{"loc":{"start":{"line":306,"column":4},"end":{"line":308,"column":5}},"type":"if","locations":[{"start":{"line":306,"column":4},"end":{"line":308,"column":5}},{"start":{},"end":{}}],"line":306}},"s":{"0":0,"1":0,"2":0,"3":0,"4":0,"5":0,"6":0,"7":0,"8":0,"9":0,"10":0,"11":0,"12":0,"13":0,"14":0,"15":0,"16":0,"17":0,"18":0,"19":0,"20":0,"21":0,"22":0,"23":0,"24":0,"25":0,"26":0,"27":0,"28":0,"29":0,"30":0,"31":0,"32":0,"33":0,"34":0,"35":0,"36":0,"37":0,"38":0,"39":0,"40":0,"41":0,"42":0,"43":0,"44":0,"45":0,"46":0,"47":0,"48":0,"49":0,"50":0,"51":0,"52":0,"53":0,"54":0,"55":0,"56":0,"57":0,"58":0,"59":0,"60":0,"61":0,"62":0,"63":0,"64":0,"65":0,"66":0,"67":0,"68":0,"69":0,"70":0,"71":0,"72":0,"73":0,"74":0,"75":0,"76":0,"77":0,"78":0,"79":0,"80":0,"81":0,"82":0,"83":0,"84":0,"85":0,"86":0,"87":0,"88":0,"89":0,"90":0,"91":0,"92":0,"93":0,"94":0,"95":0,"96":0,"97":0,"98":0,"99":0,"100":0,"101":0,"102":0,"103":0,"104":0,"105":0,"106":0,"107":0,"108":0},"f":{"0":0,"1":0,"2":0,"3":0,"4":0,"5":0,"6":0,"7":0,"8":0,"9":0,"10":0,"11":0,"12":0,"13":0,"14":0,"15":0,"16":0,"17":0,"18":0,"19":0,"20":0,"21":0,"22":0,"23":0,"24":0,"25":0,"26":0,"27":0,"28":0,"29":0,"30":0,"31":0,"32":0,"33":0,"34":0},"b":{"0":[0,0],"1":[0,0],"2":[0,0],"3":[0,0],"4":[0,0],"5":[0,0],"6":[0,0],"7":[0,0],"8":[0,0],"9":[0,0],"10":[0,0],"11":[0,0],"12":[0,0],"13":[0,0],"14":[0,0],"15":[0,0],"16":[0,0]}}
,"/Users/mdearaujo/Downloads/LETZ/frontend/src/utils/testEventCreation.ts": {"path":"/Users/mdearaujo/Downloads/LETZ/frontend/src/utils/testEventCreation.ts","statementMap":{"0":{"start":{"line":3,"column":33},"end":{"line":27,"column":1}},"1":{"start":{"line":4,"column":2},"end":{"line":26,"column":3}},"2":{"start":{"line":5,"column":22},"end":{"line":14,"column":5}},"3":{"start":{"line":16,"column":4},"end":{"line":16,"column":56}},"4":{"start":{"line":18,"column":21},"end":{"line":18,"column":58}},"5":{"start":{"line":20,"column":4},"end":{"line":20,"column":61}},"6":{"start":{"line":21,"column":4},"end":{"line":21,"column":25}},"7":{"start":{"line":23,"column":4},"end":{"line":23,"column":50}},"8":{"start":{"line":24,"column":4},"end":{"line":24,"column":61}},"9":{"start":{"line":25,"column":4},"end":{"line":25,"column":16}},"10":{"start":{"line":29,"column":25},"end":{"line":59,"column":1}},"11":{"start":{"line":30,"column":2},"end":{"line":58,"column":3}},"12":{"start":{"line":31,"column":22},"end":{"line":34,"column":5}},"13":{"start":{"line":36,"column":4},"end":{"line":36,"column":36}},"14":{"start":{"line":38,"column":21},"end":{"line":44,"column":6}},"15":{"start":{"line":46,"column":17},"end":{"line":46,"column":38}},"16":{"start":{"line":48,"column":4},"end":{"line":54,"column":5}},"17":{"start":{"line":49,"column":6},"end":{"line":49,"column":48}},"18":{"start":{"line":50,"column":6},"end":{"line":50,"column":62}},"19":{"start":{"line":51,"column":6},"end":{"line":51,"column":18}},"20":{"start":{"line":53,"column":6},"end":{"line":53,"column":44}},"21":{"start":{"line":56,"column":4},"end":{"line":56,"column":43}},"22":{"start":{"line":57,"column":4},"end":{"line":57,"column":16}}},"fnMap":{"0":{"name":"(anonymous_0)","decl":{"start":{"line":3,"column":33},"end":{"line":3,"column":34}},"loc":{"start":{"line":3,"column":45},"end":{"line":27,"column":1}},"line":3},"1":{"name":"(anonymous_1)","decl":{"start":{"line":29,"column":25},"end":{"line":29,"column":26}},"loc":{"start":{"line":29,"column":37},"end":{"line":59,"column":1}},"line":29}},"branchMap":{"0":{"loc":{"start":{"line":48,"column":4},"end":{"line":54,"column":5}},"type":"if","locations":[{"start":{"line":48,"column":4},"end":{"line":54,"column":5}},{"start":{"line":52,"column":11},"end":{"line":54,"column":5}}],"line":48}},"s":{"0":0,"1":0,"2":0,"3":0,"4":0,"5":0,"6":0,"7":0,"8":0,"9":0,"10":0,"11":0,"12":0,"13":0,"14":0,"15":0,"16":0,"17":0,"18":0,"19":0,"20":0,"21":0,"22":0},"f":{"0":0,"1":0},"b":{"0":[0,0]}}
}
