TN:
SF:src/App.tsx
FN:36,PWAManager
FN:54,(anonymous_1)
FN:56,(anonymous_2)
FN:60,(anonymous_3)
FN:65,(anonymous_4)
FN:70,(anonymous_5)
FN:75,(anonymous_6)
FN:81,(anonymous_7)
FN:88,(anonymous_8)
FN:89,(anonymous_9)
FN:103,(anonymous_10)
FN:106,(anonymous_11)
FN:117,(anonymous_12)
FN:162,(anonymous_13)
FN:234,(anonymous_14)
FN:266,(anonymous_15)
FN:338,(anonymous_16)
FN:370,(anonymous_17)
FN:374,(anonymous_18)
FN:392,AppContent
FN:393,(anonymous_20)
FN:545,App
FNF:22
FNH:0
FNDA:0,PWAManager
FNDA:0,(anonymous_1)
FNDA:0,(anonymous_2)
FNDA:0,(anonymous_3)
FNDA:0,(anonymous_4)
FNDA:0,(anonymous_5)
FNDA:0,(anonymous_6)
FNDA:0,(anonymous_7)
FNDA:0,(anonymous_8)
FNDA:0,(anonymous_9)
FNDA:0,(anonymous_10)
FNDA:0,(anonymous_11)
FNDA:0,(anonymous_12)
FNDA:0,(anonymous_13)
FNDA:0,(anonymous_14)
FNDA:0,(anonymous_15)
FNDA:0,(anonymous_16)
FNDA:0,(anonymous_17)
FNDA:0,(anonymous_18)
FNDA:0,AppContent
FNDA:0,(anonymous_20)
FNDA:0,App
DA:47,0
DA:49,0
DA:50,0
DA:51,0
DA:54,0
DA:55,0
DA:56,0
DA:57,0
DA:60,0
DA:65,0
DA:66,0
DA:67,0
DA:69,0
DA:70,0
DA:71,0
DA:72,0
DA:75,0
DA:81,0
DA:82,0
DA:83,0
DA:88,0
DA:89,0
DA:90,0
DA:91,0
DA:94,0
DA:95,0
DA:102,0
DA:103,0
DA:106,0
DA:107,0
DA:108,0
DA:109,0
DA:114,0
DA:117,0
DA:118,0
DA:119,0
DA:120,0
DA:125,0
DA:128,0
DA:162,0
DA:234,0
DA:266,0
DA:338,0
DA:370,0
DA:374,0
DA:393,0
DA:395,0
DA:546,0
LF:48
LH:0
BRDA:55,0,0,0
BRDA:55,0,1,0
BRDA:55,1,0,0
BRDA:55,1,1,0
BRDA:66,2,0,0
BRDA:66,2,1,0
BRDA:66,3,0,0
BRDA:66,3,1,0
BRDA:69,4,0,0
BRDA:69,4,1,0
BRDA:82,5,0,0
BRDA:82,5,1,0
BRDA:94,6,0,0
BRDA:94,6,1,0
BRDA:94,7,0,0
BRDA:94,7,1,0
BRDA:108,8,0,0
BRDA:108,8,1,0
BRDA:119,9,0,0
BRDA:119,9,1,0
BRDA:140,10,0,0
BRDA:140,10,1,0
BRDA:151,11,0,0
BRDA:151,11,1,0
BRDA:152,12,0,0
BRDA:152,12,1,0
BRDA:155,13,0,0
BRDA:155,13,1,0
BRDA:156,14,0,0
BRDA:156,14,1,0
BRDA:258,15,0,0
BRDA:258,15,1,0
BRDA:397,16,0,0
BRDA:397,16,1,0
BRDA:402,17,0,0
BRDA:402,17,1,0
BRDA:407,18,0,0
BRDA:407,18,1,0
BRDA:411,19,0,0
BRDA:411,19,1,0
BRDA:524,20,0,0
BRDA:524,20,1,0
BRDA:534,21,0,0
BRDA:534,21,1,0
BRF:44
BRH:0
end_of_record
TN:
SF:src/index.tsx
FNF:0
FNH:0
DA:6,0
DA:10,0
LF:2
LH:0
BRF:0
BRH:0
end_of_record
TN:
SF:src/components/AREventPreview.tsx
FN:46,(anonymous_0)
FN:56,(anonymous_1)
FN:58,(anonymous_2)
FN:60,(anonymous_3)
FN:65,(anonymous_4)
FN:71,(anonymous_5)
FN:74,(anonymous_6)
FN:76,(anonymous_7)
FN:85,(anonymous_8)
FN:131,(anonymous_9)
FN:133,(anonymous_10)
FN:144,(anonymous_11)
FN:151,(anonymous_12)
FN:159,(anonymous_13)
FN:179,(anonymous_14)
FN:217,(anonymous_15)
FN:240,(anonymous_16)
FN:242,(anonymous_17)
FN:249,(anonymous_18)
FN:251,(anonymous_19)
FN:320,(anonymous_20)
FN:372,(anonymous_21)
FN:456,(anonymous_22)
FNF:23
FNH:0
FNDA:0,(anonymous_0)
FNDA:0,(anonymous_1)
FNDA:0,(anonymous_2)
FNDA:0,(anonymous_3)
FNDA:0,(anonymous_4)
FNDA:0,(anonymous_5)
FNDA:0,(anonymous_6)
FNDA:0,(anonymous_7)
FNDA:0,(anonymous_8)
FNDA:0,(anonymous_9)
FNDA:0,(anonymous_10)
FNDA:0,(anonymous_11)
FNDA:0,(anonymous_12)
FNDA:0,(anonymous_13)
FNDA:0,(anonymous_14)
FNDA:0,(anonymous_15)
FNDA:0,(anonymous_16)
FNDA:0,(anonymous_17)
FNDA:0,(anonymous_18)
FNDA:0,(anonymous_19)
FNDA:0,(anonymous_20)
FNDA:0,(anonymous_21)
FNDA:0,(anonymous_22)
DA:46,0
DA:47,0
DA:48,0
DA:49,0
DA:50,0
DA:51,0
DA:52,0
DA:53,0
DA:54,0
DA:56,0
DA:57,0
DA:58,0
DA:59,0
DA:60,0
DA:65,0
DA:66,0
DA:67,0
DA:71,0
DA:73,0
DA:74,0
DA:75,0
DA:77,0
DA:81,0
DA:85,0
DA:86,0
DA:87,0
DA:88,0
DA:91,0
DA:99,0
DA:101,0
DA:102,0
DA:106,0
DA:107,0
DA:108,0
DA:114,0
DA:115,0
DA:118,0
DA:119,0
DA:122,0
DA:125,0
DA:127,0
DA:131,0
DA:133,0
DA:134,0
DA:138,0
DA:141,0
DA:144,0
DA:146,0
DA:147,0
DA:148,0
DA:151,0
DA:153,0
DA:155,0
DA:156,0
DA:157,0
DA:159,0
DA:160,0
DA:161,0
DA:162,0
DA:165,0
DA:168,0
DA:171,0
DA:172,0
DA:176,0
DA:179,0
DA:181,0
DA:184,0
DA:185,0
DA:188,0
DA:189,0
DA:190,0
DA:193,0
DA:194,0
DA:195,0
DA:196,0
DA:198,0
DA:199,0
DA:200,0
DA:201,0
DA:204,0
DA:205,0
DA:206,0
DA:207,0
DA:209,0
DA:210,0
DA:211,0
DA:212,0
DA:214,0
DA:217,0
DA:219,0
DA:237,0
DA:240,0
DA:241,0
DA:242,0
DA:243,0
DA:245,0
DA:246,0
DA:249,0
DA:250,0
DA:251,0
DA:253,0
DA:256,0
DA:257,0
DA:277,0
DA:320,0
DA:455,0
DA:456,0
DA:463,0
DA:464,0
DA:465,0
DA:466,0
DA:467,0
DA:468,0
DA:469,0
DA:470,0
DA:471,0
LF:116
LH:0
BRDA:59,0,0,0
BRDA:59,0,1,0
BRDA:66,1,0,0
BRDA:66,1,1,0
BRDA:66,2,0,0
BRDA:66,2,1,0
BRDA:73,3,0,0
BRDA:73,3,1,0
BRDA:73,4,0,0
BRDA:73,4,1,0
BRDA:101,5,0,0
BRDA:101,5,1,0
BRDA:106,6,0,0
BRDA:106,6,1,0
BRDA:114,7,0,0
BRDA:114,7,1,0
BRDA:153,8,0,0
BRDA:153,8,1,0
BRDA:153,9,0,0
BRDA:153,9,1,0
BRDA:157,10,0,0
BRDA:157,10,1,0
BRDA:160,11,0,0
BRDA:160,11,1,0
BRDA:171,12,0,0
BRDA:171,12,1,0
BRDA:241,13,0,0
BRDA:241,13,1,0
BRDA:250,14,0,0
BRDA:250,14,1,0
BRDA:256,15,0,0
BRDA:256,15,1,0
BRDA:288,16,0,0
BRDA:288,16,1,0
BRDA:310,17,0,0
BRDA:310,17,1,0
BRDA:380,18,0,0
BRDA:380,18,1,0
BRDA:455,19,0,0
BRDA:455,19,1,0
BRDA:463,20,0,0
BRDA:463,20,1,0
BRDA:464,21,0,0
BRDA:464,21,1,0
BRF:44
BRH:0
end_of_record
TN:
SF:src/components/ActivityFeed.tsx
FN:66,(anonymous_0)
FN:77,(anonymous_1)
FN:81,(anonymous_2)
FN:108,(anonymous_3)
FN:120,(anonymous_4)
FN:130,(anonymous_5)
FN:130,(anonymous_6)
FN:147,(anonymous_7)
FN:157,(anonymous_8)
FN:157,(anonymous_9)
FN:168,(anonymous_10)
FN:188,(anonymous_11)
FN:235,(anonymous_12)
FN:320,(anonymous_13)
FN:338,(anonymous_14)
FN:357,(anonymous_15)
FNF:16
FNH:0
FNDA:0,(anonymous_0)
FNDA:0,(anonymous_1)
FNDA:0,(anonymous_2)
FNDA:0,(anonymous_3)
FNDA:0,(anonymous_4)
FNDA:0,(anonymous_5)
FNDA:0,(anonymous_6)
FNDA:0,(anonymous_7)
FNDA:0,(anonymous_8)
FNDA:0,(anonymous_9)
FNDA:0,(anonymous_10)
FNDA:0,(anonymous_11)
FNDA:0,(anonymous_12)
FNDA:0,(anonymous_13)
FNDA:0,(anonymous_14)
FNDA:0,(anonymous_15)
DA:66,0
DA:71,0
DA:72,0
DA:73,0
DA:74,0
DA:75,0
DA:77,0
DA:78,0
DA:81,0
DA:82,0
DA:83,0
DA:85,0
DA:90,0
DA:91,0
DA:93,0
DA:99,0
DA:100,0
DA:103,0
DA:105,0
DA:106,0
DA:108,0
DA:111,0
DA:112,0
DA:114,0
DA:116,0
DA:120,0
DA:121,0
DA:122,0
DA:129,0
DA:130,0
DA:131,0
DA:143,0
DA:147,0
DA:148,0
DA:149,0
DA:156,0
DA:157,0
DA:158,0
DA:164,0
DA:168,0
DA:169,0
DA:173,0
DA:176,0
DA:180,0
DA:182,0
DA:184,0
DA:188,0
DA:189,0
DA:191,0
DA:193,0
DA:195,0
DA:197,0
DA:199,0
DA:203,0
DA:204,0
DA:211,0
DA:212,0
DA:219,0
DA:220,0
DA:232,0
DA:236,0
DA:320,0
DA:338,0
DA:357,0
LF:64
LH:0
BRDA:69,0,0,0
BRDA:81,1,0,0
BRDA:90,2,0,0
BRDA:90,2,1,0
BRDA:91,3,0,0
BRDA:91,3,1,0
BRDA:99,4,0,0
BRDA:99,4,1,0
BRDA:105,5,0,0
BRDA:105,5,1,0
BRDA:114,6,0,0
BRDA:114,6,1,0
BRDA:129,7,0,0
BRDA:129,7,1,0
BRDA:131,8,0,0
BRDA:131,8,1,0
BRDA:135,9,0,0
BRDA:135,9,1,0
BRDA:156,10,0,0
BRDA:156,10,1,0
BRDA:158,11,0,0
BRDA:158,11,1,0
BRDA:169,12,0,0
BRDA:169,12,1,0
BRDA:169,12,2,0
BRDA:169,12,3,0
BRDA:169,12,4,0
BRDA:169,12,5,0
BRDA:169,12,6,0
BRDA:169,12,7,0
BRDA:169,12,8,0
BRDA:169,12,9,0
BRDA:189,13,0,0
BRDA:189,13,1,0
BRDA:189,13,2,0
BRDA:189,13,3,0
BRDA:189,13,4,0
BRDA:203,14,0,0
BRDA:203,14,1,0
BRDA:203,15,0,0
BRDA:203,15,1,0
BRDA:211,16,0,0
BRDA:211,16,1,0
BRDA:219,17,0,0
BRDA:219,17,1,0
BRDA:253,18,0,0
BRDA:253,18,1,0
BRDA:256,19,0,0
BRDA:256,19,1,0
BRDA:278,20,0,0
BRDA:278,20,1,0
BRDA:284,21,0,0
BRDA:284,21,1,0
BRDA:299,22,0,0
BRDA:299,22,1,0
BRDA:321,23,0,0
BRDA:321,23,1,0
BRDA:324,24,0,0
BRDA:324,24,1,0
BRDA:353,25,0,0
BRDA:353,25,1,0
BRDA:359,26,0,0
BRDA:359,26,1,0
BRDA:361,27,0,0
BRDA:361,27,1,0
BRF:65
BRH:0
end_of_record
TN:
SF:src/components/EventCard.tsx
FN:69,(anonymous_0)
FN:76,(anonymous_1)
FN:80,(anonymous_2)
FN:89,(anonymous_3)
FN:104,(anonymous_4)
FN:205,(anonymous_5)
FN:216,(anonymous_6)
FN:228,(anonymous_7)
FNF:8
FNH:0
FNDA:0,(anonymous_0)
FNDA:0,(anonymous_1)
FNDA:0,(anonymous_2)
FNDA:0,(anonymous_3)
FNDA:0,(anonymous_4)
FNDA:0,(anonymous_5)
FNDA:0,(anonymous_6)
FNDA:0,(anonymous_7)
DA:69,1
DA:74,0
DA:76,0
DA:77,0
DA:80,0
DA:81,0
DA:82,0
DA:83,0
DA:85,0
DA:89,0
DA:90,0
DA:92,0
DA:94,0
DA:96,0
DA:98,0
DA:100,0
DA:104,0
DA:105,0
DA:107,0
DA:109,0
DA:111,0
DA:113,0
DA:115,0
DA:119,0
DA:206,0
DA:207,0
DA:217,0
DA:218,0
DA:229,0
DA:230,0
LF:30
LH:1
BRDA:90,0,0,0
BRDA:90,0,1,0
BRDA:90,0,2,0
BRDA:90,0,3,0
BRDA:90,0,4,0
BRDA:105,1,0,0
BRDA:105,1,1,0
BRDA:105,1,2,0
BRDA:105,1,3,0
BRDA:105,1,4,0
BRDA:138,2,0,0
BRDA:138,2,1,0
BRDA:213,3,0,0
BRDA:213,3,1,0
BRDA:225,4,0,0
BRDA:225,4,1,0
BRF:16
BRH:0
end_of_record
TN:
SF:src/components/GoogleMap.tsx
FN:16,(anonymous_0)
FN:27,(anonymous_1)
FN:45,(anonymous_2)
FN:58,(anonymous_3)
FN:60,(anonymous_4)
FN:77,(anonymous_5)
FN:105,(anonymous_6)
FN:131,(anonymous_7)
FN:138,(anonymous_8)
FNF:9
FNH:0
FNDA:0,(anonymous_0)
FNDA:0,(anonymous_1)
FNDA:0,(anonymous_2)
FNDA:0,(anonymous_3)
FNDA:0,(anonymous_4)
FNDA:0,(anonymous_5)
FNDA:0,(anonymous_6)
FNDA:0,(anonymous_7)
FNDA:0,(anonymous_8)
DA:5,0
DA:16,0
DA:24,0
DA:25,0
DA:27,0
DA:28,0
DA:29,0
DA:41,0
DA:44,0
DA:45,0
DA:46,0
DA:47,0
DA:58,0
DA:59,0
DA:60,0
DA:61,0
DA:74,0
DA:77,0
DA:78,0
DA:80,0
DA:91,0
DA:97,0
DA:105,0
DA:109,0
DA:110,0
DA:117,0
DA:131,0
DA:136,0
DA:138,0
DA:139,0
DA:142,0
DA:143,0
DA:144,0
DA:146,0
DA:147,0
DA:152,0
DA:155,0
DA:156,0
DA:160,0
LF:39
LH:0
BRDA:5,0,0,0
BRDA:5,0,1,0
BRDA:19,1,0,0
BRDA:21,2,0,0
BRDA:22,3,0,0
BRDA:28,4,0,0
BRDA:28,4,1,0
BRDA:28,5,0,0
BRDA:28,5,1,0
BRDA:44,6,0,0
BRDA:44,6,1,0
BRDA:46,7,0,0
BRDA:46,7,1,0
BRDA:59,8,0,0
BRDA:59,8,1,0
BRDA:59,9,0,0
BRDA:59,9,1,0
BRDA:78,10,0,0
BRDA:78,10,1,0
BRDA:78,10,2,0
BRDA:106,11,0,0
BRDA:109,12,0,0
BRDA:109,12,1,0
BRDA:109,13,0,0
BRDA:109,13,1,0
BRDA:133,14,0,0
BRDA:134,15,0,0
BRDA:146,16,0,0
BRDA:146,16,1,0
BRF:29
BRH:0
end_of_record
TN:
SF:src/components/MapPicker.tsx
FN:29,(anonymous_0)
FN:43,(anonymous_1)
FN:60,(anonymous_2)
FN:64,(anonymous_3)
FN:76,(anonymous_4)
FN:101,(anonymous_5)
FN:111,(anonymous_6)
FN:127,(anonymous_7)
FN:138,(anonymous_8)
FN:159,(anonymous_9)
FN:162,(anonymous_10)
FN:174,(anonymous_11)
FN:188,(anonymous_12)
FN:199,(anonymous_13)
FN:203,(anonymous_14)
FN:225,(anonymous_15)
FN:241,(anonymous_16)
FN:242,(anonymous_17)
FNF:18
FNH:0
FNDA:0,(anonymous_0)
FNDA:0,(anonymous_1)
FNDA:0,(anonymous_2)
FNDA:0,(anonymous_3)
FNDA:0,(anonymous_4)
FNDA:0,(anonymous_5)
FNDA:0,(anonymous_6)
FNDA:0,(anonymous_7)
FNDA:0,(anonymous_8)
FNDA:0,(anonymous_9)
FNDA:0,(anonymous_10)
FNDA:0,(anonymous_11)
FNDA:0,(anonymous_12)
FNDA:0,(anonymous_13)
FNDA:0,(anonymous_14)
FNDA:0,(anonymous_15)
FNDA:0,(anonymous_16)
FNDA:0,(anonymous_17)
DA:29,0
DA:35,0
DA:36,0
DA:37,0
DA:38,0
DA:39,0
DA:40,0
DA:43,0
DA:44,0
DA:45,0
DA:46,0
DA:49,0
DA:50,0
DA:51,0
DA:55,0
DA:56,0
DA:57,0
DA:58,0
DA:60,0
DA:61,0
DA:64,0
DA:65,0
DA:66,0
DA:69,0
DA:71,0
DA:72,0
DA:76,0
DA:77,0
DA:79,0
DA:81,0
DA:93,0
DA:101,0
DA:102,0
DA:103,0
DA:104,0
DA:110,0
DA:111,0
DA:112,0
DA:113,0
DA:114,0
DA:115,0
DA:120,0
DA:127,0
DA:128,0
DA:129,0
DA:134,0
DA:137,0
DA:138,0
DA:139,0
DA:140,0
DA:141,0
DA:142,0
DA:147,0
DA:153,0
DA:154,0
DA:155,0
DA:159,0
DA:160,0
DA:161,0
DA:163,0
DA:168,0
DA:169,0
DA:170,0
DA:173,0
DA:174,0
DA:175,0
DA:176,0
DA:177,0
DA:178,0
DA:183,0
DA:189,0
DA:190,0
DA:194,0
DA:199,0
DA:200,0
DA:202,0
DA:203,0
DA:204,0
DA:205,0
DA:206,0
DA:212,0
DA:213,0
DA:214,0
DA:217,0
DA:218,0
DA:220,0
DA:225,0
DA:226,0
DA:229,0
DA:241,0
DA:242,0
LF:91
LH:0
BRDA:32,0,0,0
BRDA:33,1,0,0
BRDA:40,2,0,0
BRDA:40,2,1,0
BRDA:49,3,0,0
BRDA:49,3,1,0
BRDA:77,4,0,0
BRDA:77,4,1,0
BRDA:79,5,0,0
BRDA:79,5,1,0
BRDA:103,6,0,0
BRDA:103,6,1,0
BRDA:112,7,0,0
BRDA:112,7,1,0
BRDA:112,8,0,0
BRDA:112,8,1,0
BRDA:128,9,0,0
BRDA:128,9,1,0
BRDA:139,10,0,0
BRDA:139,10,1,0
BRDA:139,11,0,0
BRDA:139,11,1,0
BRDA:160,12,0,0
BRDA:160,12,1,0
BRDA:168,13,0,0
BRDA:168,13,1,0
BRDA:168,14,0,0
BRDA:168,14,1,0
BRDA:175,15,0,0
BRDA:175,15,1,0
BRDA:175,16,0,0
BRDA:175,16,1,0
BRDA:200,17,0,0
BRDA:200,17,1,0
BRDA:204,18,0,0
BRDA:204,18,1,0
BRDA:204,19,0,0
BRDA:204,19,1,0
BRDA:212,20,0,0
BRDA:212,20,1,0
BRDA:212,21,0,0
BRDA:212,21,1,0
BRDA:242,22,0,0
BRDA:242,22,1,0
BRDA:261,23,0,0
BRDA:261,23,1,0
BRDA:276,24,0,0
BRDA:276,24,1,0
BRF:48
BRH:0
end_of_record
TN:
SF:src/components/MonitoringDashboard.tsx
FN:59,(anonymous_0)
FN:80,(anonymous_1)
FN:86,(anonymous_2)
FN:90,(anonymous_3)
FN:93,(anonymous_4)
FN:112,(anonymous_5)
FN:129,(anonymous_6)
FN:146,(anonymous_7)
FN:150,(anonymous_8)
FN:156,(anonymous_9)
FN:361,(anonymous_10)
FNF:11
FNH:0
FNDA:0,(anonymous_0)
FNDA:0,(anonymous_1)
FNDA:0,(anonymous_2)
FNDA:0,(anonymous_3)
FNDA:0,(anonymous_4)
FNDA:0,(anonymous_5)
FNDA:0,(anonymous_6)
FNDA:0,(anonymous_7)
FNDA:0,(anonymous_8)
FNDA:0,(anonymous_9)
FNDA:0,(anonymous_10)
DA:59,0
DA:60,0
DA:61,0
DA:70,0
DA:71,0
DA:78,0
DA:80,0
DA:81,0
DA:82,0
DA:83,0
DA:86,0
DA:87,0
DA:90,0
DA:93,0
DA:94,0
DA:95,0
DA:101,0
DA:102,0
DA:103,0
DA:106,0
DA:108,0
DA:112,0
DA:113,0
DA:114,0
DA:120,0
DA:121,0
DA:122,0
DA:125,0
DA:129,0
DA:130,0
DA:131,0
DA:137,0
DA:138,0
DA:139,0
DA:142,0
DA:146,0
DA:147,0
DA:150,0
DA:151,0
DA:152,0
DA:153,0
DA:156,0
DA:157,0
DA:158,0
DA:159,0
DA:160,0
DA:161,0
DA:164,0
DA:165,0
DA:173,0
DA:362,0
LF:51
LH:0
BRDA:101,0,0,0
BRDA:101,0,1,0
BRDA:120,1,0,0
BRDA:120,1,1,0
BRDA:137,2,0,0
BRDA:137,2,1,0
BRDA:151,3,0,0
BRDA:151,3,1,0
BRDA:152,4,0,0
BRDA:152,4,1,0
BRDA:157,5,0,0
BRDA:157,5,1,0
BRDA:164,6,0,0
BRDA:164,6,1,0
BRDA:274,7,0,0
BRDA:274,7,1,0
BRDA:339,8,0,0
BRDA:339,8,1,0
BRDA:344,9,0,0
BRDA:344,9,1,0
BRDA:371,10,0,0
BRDA:371,10,1,0
BRDA:372,11,0,0
BRDA:372,11,1,0
BRDA:385,12,0,0
BRDA:385,12,1,0
BRDA:386,13,0,0
BRDA:386,13,1,0
BRDA:399,14,0,0
BRDA:399,14,1,0
BRDA:405,15,0,0
BRDA:405,15,1,0
BRDA:411,16,0,0
BRDA:411,16,1,0
BRDA:417,17,0,0
BRDA:417,17,1,0
BRDA:423,18,0,0
BRDA:423,18,1,0
BRDA:429,19,0,0
BRDA:429,19,1,0
BRDA:429,19,2,0
BRDA:429,19,3,0
BRDA:429,19,4,0
BRF:43
BRH:0
end_of_record
TN:
SF:src/components/Navbar.tsx
FN:35,(anonymous_0)
FN:38,(anonymous_1)
FN:42,(anonymous_2)
FN:46,(anonymous_3)
FN:50,(anonymous_4)
FN:56,(anonymous_5)
FN:86,(anonymous_6)
FN:115,(anonymous_7)
FN:132,(anonymous_8)
FN:149,(anonymous_9)
FN:166,(anonymous_10)
FN:218,(anonymous_11)
FN:244,(anonymous_12)
FN:388,(anonymous_13)
FN:399,(anonymous_14)
FN:410,(anonymous_15)
FN:421,(anonymous_16)
FN:432,(anonymous_17)
FNF:18
FNH:0
FNDA:0,(anonymous_0)
FNDA:0,(anonymous_1)
FNDA:0,(anonymous_2)
FNDA:0,(anonymous_3)
FNDA:0,(anonymous_4)
FNDA:0,(anonymous_5)
FNDA:0,(anonymous_6)
FNDA:0,(anonymous_7)
FNDA:0,(anonymous_8)
FNDA:0,(anonymous_9)
FNDA:0,(anonymous_10)
FNDA:0,(anonymous_11)
FNDA:0,(anonymous_12)
FNDA:0,(anonymous_13)
FNDA:0,(anonymous_14)
FNDA:0,(anonymous_15)
FNDA:0,(anonymous_16)
FNDA:0,(anonymous_17)
DA:35,0
DA:36,0
DA:37,0
DA:38,0
DA:39,0
DA:40,0
DA:42,0
DA:43,0
DA:46,0
DA:47,0
DA:50,0
DA:51,0
DA:52,0
DA:53,0
DA:56,0
DA:57,0
DA:58,0
DA:61,0
DA:63,0
DA:86,0
DA:115,0
DA:132,0
DA:149,0
DA:166,0
DA:218,0
DA:244,0
DA:388,0
DA:399,0
DA:410,0
DA:421,0
DA:432,0
LF:31
LH:0
BRDA:61,0,0,0
BRDA:61,0,1,0
BRDA:199,1,0,0
BRDA:199,1,1,0
BRDA:210,2,0,0
BRDA:210,2,1,0
BRDA:278,3,0,0
BRDA:278,3,1,0
BRDA:300,4,0,0
BRDA:300,4,1,0
BRDA:376,5,0,0
BRDA:376,5,1,0
BRF:12
BRH:0
end_of_record
TN:
SF:src/components/PaymentForm.tsx
FN:34,(anonymous_0)
FN:47,(anonymous_1)
FN:208,(anonymous_2)
FN:238,(anonymous_3)
FN:244,(anonymous_4)
FN:286,(anonymous_5)
FN:296,(anonymous_6)
FNF:7
FNH:0
FNDA:0,(anonymous_0)
FNDA:0,(anonymous_1)
FNDA:0,(anonymous_2)
FNDA:0,(anonymous_3)
FNDA:0,(anonymous_4)
FNDA:0,(anonymous_5)
FNDA:0,(anonymous_6)
DA:24,0
DA:34,0
DA:41,0
DA:42,0
DA:43,0
DA:44,0
DA:45,0
DA:47,0
DA:48,0
DA:50,0
DA:51,0
DA:52,0
DA:55,0
DA:56,0
DA:57,0
DA:58,0
DA:61,0
DA:62,0
DA:64,0
DA:66,0
DA:79,0
DA:82,0
DA:91,0
DA:92,0
DA:93,0
DA:95,0
DA:96,0
DA:99,0
DA:100,0
DA:102,0
DA:106,0
DA:107,0
DA:119,0
DA:208,0
DA:209,0
DA:210,0
DA:217,0
DA:238,0
DA:242,0
DA:245,0
DA:287,0
DA:296,0
LF:42
LH:0
BRDA:24,0,0,0
BRDA:24,0,1,0
BRDA:36,1,0,0
BRDA:50,2,0,0
BRDA:50,2,1,0
BRDA:50,3,0,0
BRDA:50,3,1,0
BRDA:56,4,0,0
BRDA:56,4,1,0
BRDA:91,5,0,0
BRDA:91,5,1,0
BRDA:92,6,0,0
BRDA:92,6,1,0
BRDA:93,7,0,0
BRDA:93,7,1,0
BRDA:106,8,0,0
BRDA:106,8,1,0
BRDA:173,9,0,0
BRDA:173,9,1,0
BRDA:191,10,0,0
BRDA:191,10,1,0
BRDA:194,11,0,0
BRDA:194,11,1,0
BRDA:209,12,0,0
BRDA:209,12,1,0
BRDA:250,13,0,0
BRDA:250,13,1,0
BRDA:251,14,0,0
BRDA:251,14,1,0
BRDA:255,15,0,0
BRDA:255,15,1,0
BRDA:294,16,0,0
BRDA:294,16,1,0
BRF:33
BRH:0
end_of_record
TN:
SF:src/components/PhotoGallery.tsx
FN:63,(anonymous_0)
FN:77,(anonymous_1)
FN:81,(anonymous_2)
FN:103,(anonymous_3)
FN:106,(anonymous_4)
FN:110,(anonymous_5)
FN:135,(anonymous_6)
FN:143,(anonymous_7)
FN:153,(anonymous_8)
FN:153,(anonymous_9)
FN:167,(anonymous_10)
FN:179,(anonymous_11)
FN:196,(anonymous_12)
FN:214,(anonymous_13)
FN:224,(anonymous_14)
FN:224,(anonymous_15)
FN:232,(anonymous_16)
FN:237,(anonymous_17)
FN:283,(anonymous_18)
FN:304,(anonymous_19)
FN:312,(anonymous_20)
FN:326,(anonymous_21)
FN:355,(anonymous_22)
FN:382,(anonymous_23)
FN:390,(anonymous_24)
FN:438,(anonymous_25)
FN:459,(anonymous_26)
FN:467,(anonymous_27)
FN:474,(anonymous_28)
FN:481,(anonymous_29)
FN:491,(anonymous_30)
FN:504,(anonymous_31)
FN:507,(anonymous_32)
FN:516,(anonymous_33)
FNF:34
FNH:0
FNDA:0,(anonymous_0)
FNDA:0,(anonymous_1)
FNDA:0,(anonymous_2)
FNDA:0,(anonymous_3)
FNDA:0,(anonymous_4)
FNDA:0,(anonymous_5)
FNDA:0,(anonymous_6)
FNDA:0,(anonymous_7)
FNDA:0,(anonymous_8)
FNDA:0,(anonymous_9)
FNDA:0,(anonymous_10)
FNDA:0,(anonymous_11)
FNDA:0,(anonymous_12)
FNDA:0,(anonymous_13)
FNDA:0,(anonymous_14)
FNDA:0,(anonymous_15)
FNDA:0,(anonymous_16)
FNDA:0,(anonymous_17)
FNDA:0,(anonymous_18)
FNDA:0,(anonymous_19)
FNDA:0,(anonymous_20)
FNDA:0,(anonymous_21)
FNDA:0,(anonymous_22)
FNDA:0,(anonymous_23)
FNDA:0,(anonymous_24)
FNDA:0,(anonymous_25)
FNDA:0,(anonymous_26)
FNDA:0,(anonymous_27)
FNDA:0,(anonymous_28)
FNDA:0,(anonymous_29)
FNDA:0,(anonymous_30)
FNDA:0,(anonymous_31)
FNDA:0,(anonymous_32)
FNDA:0,(anonymous_33)
DA:63,0
DA:68,0
DA:69,0
DA:70,0
DA:71,0
DA:72,0
DA:73,0
DA:74,0
DA:75,0
DA:77,0
DA:78,0
DA:81,0
DA:82,0
DA:83,0
DA:84,0
DA:90,0
DA:91,0
DA:94,0
DA:95,0
DA:97,0
DA:99,0
DA:103,0
DA:104,0
DA:105,0
DA:106,0
DA:110,0
DA:111,0
DA:112,0
DA:113,0
DA:116,0
DA:117,0
DA:118,0
DA:119,0
DA:120,0
DA:122,0
DA:130,0
DA:131,0
DA:134,0
DA:135,0
DA:137,0
DA:139,0
DA:143,0
DA:144,0
DA:145,0
DA:152,0
DA:153,0
DA:154,0
DA:166,0
DA:167,0
DA:175,0
DA:179,0
DA:180,0
DA:181,0
DA:182,0
DA:183,0
DA:184,0
DA:185,0
DA:186,0
DA:187,0
DA:188,0
DA:189,0
DA:190,0
DA:192,0
DA:196,0
DA:197,0
DA:198,0
DA:199,0
DA:205,0
DA:209,0
DA:214,0
DA:215,0
DA:216,0
DA:223,0
DA:224,0
DA:225,0
DA:228,0
DA:232,0
DA:233,0
DA:234,0
DA:237,0
DA:238,0
DA:242,0
DA:243,0
DA:246,0
DA:247,0
DA:254,0
DA:255,0
DA:262,0
DA:283,0
DA:305,0
DA:312,0
DA:327,0
DA:328,0
DA:355,0
DA:382,0
DA:390,0
DA:439,0
DA:459,0
DA:467,0
DA:474,0
DA:481,0
DA:491,0
DA:504,0
DA:508,0
DA:509,0
DA:516,0
LF:106
LH:0
BRDA:65,0,0,0
BRDA:66,1,0,0
BRDA:90,2,0,0
BRDA:90,2,1,0
BRDA:97,3,0,0
BRDA:97,3,1,0
BRDA:105,4,0,0
BRDA:105,4,1,0
BRDA:111,5,0,0
BRDA:111,5,1,0
BRDA:130,6,0,0
BRDA:130,6,1,0
BRDA:137,7,0,0
BRDA:137,7,1,0
BRDA:152,8,0,0
BRDA:152,8,1,0
BRDA:154,9,0,0
BRDA:154,9,1,0
BRDA:158,10,0,0
BRDA:158,10,1,0
BRDA:166,11,0,0
BRDA:166,11,1,0
BRDA:167,12,0,0
BRDA:167,12,1,0
BRDA:170,13,0,0
BRDA:170,13,1,0
BRDA:197,14,0,0
BRDA:197,14,1,0
BRDA:201,15,0,0
BRDA:201,15,1,0
BRDA:223,16,0,0
BRDA:223,16,1,0
BRDA:238,17,0,0
BRDA:238,17,1,0
BRDA:246,18,0,0
BRDA:246,18,1,0
BRDA:254,19,0,0
BRDA:254,19,1,0
BRDA:270,20,0,0
BRDA:270,20,1,0
BRDA:284,21,0,0
BRDA:284,21,1,0
BRDA:286,22,0,0
BRDA:286,22,1,0
BRDA:292,23,0,0
BRDA:292,23,1,0
BRDA:299,24,0,0
BRDA:299,24,1,0
BRDA:318,25,0,0
BRDA:318,25,1,0
BRDA:330,26,0,0
BRDA:330,26,1,0
BRDA:332,27,0,0
BRDA:332,27,1,0
BRDA:363,28,0,0
BRDA:363,28,1,0
BRDA:378,29,0,0
BRDA:378,29,1,0
BRDA:430,30,0,0
BRDA:430,30,1,0
BRDA:436,31,0,0
BRDA:436,31,1,0
BRDA:456,32,0,0
BRDA:456,32,1,0
BRDA:460,33,0,0
BRDA:460,33,1,0
BRDA:463,34,0,0
BRDA:463,34,1,0
BRDA:506,35,0,0
BRDA:506,35,1,0
BRF:70
BRH:0
end_of_record
TN:
SF:src/components/ProtectedRoute.tsx
FN:9,(anonymous_0)
FN:10,(anonymous_1)
FNF:2
FNH:0
FNDA:0,(anonymous_0)
FNDA:0,(anonymous_1)
DA:9,0
DA:10,0
DA:12,0
DA:13,0
DA:16,0
DA:17,0
DA:20,0
LF:7
LH:0
BRDA:12,0,0,0
BRDA:12,0,1,0
BRDA:16,1,0,0
BRDA:16,1,1,0
BRF:4
BRH:0
end_of_record
TN:
SF:src/config/environment.ts
FNF:0
FNH:0
DA:2,0
DA:38,0
DA:39,0
LF:3
LH:0
BRDA:4,0,0,0
BRDA:4,0,1,0
BRDA:5,1,0,0
BRDA:5,1,1,0
BRDA:6,2,0,0
BRDA:6,2,1,0
BRF:6
BRH:0
end_of_record
TN:
SF:src/contexts/ModernThemeContext.tsx
FN:18,(anonymous_0)
FN:30,(anonymous_1)
FN:31,(anonymous_2)
FN:38,(anonymous_3)
FN:43,(anonymous_4)
FN:48,(anonymous_5)
FN:54,(anonymous_6)
FN:58,(anonymous_7)
FN:62,(anonymous_8)
FN:63,(anonymous_9)
FN:66,(anonymous_10)
FNF:11
FNH:0
FNDA:0,(anonymous_0)
FNDA:0,(anonymous_1)
FNDA:0,(anonymous_2)
FNDA:0,(anonymous_3)
FNDA:0,(anonymous_4)
FNDA:0,(anonymous_5)
FNDA:0,(anonymous_6)
FNDA:0,(anonymous_7)
FNDA:0,(anonymous_8)
FNDA:0,(anonymous_9)
FNDA:0,(anonymous_10)
DA:16,0
DA:18,0
DA:19,0
DA:20,0
DA:21,0
DA:23,0
DA:30,0
DA:31,0
DA:32,0
DA:33,0
DA:36,0
DA:38,0
DA:39,0
DA:40,0
DA:41,0
DA:43,0
DA:44,0
DA:47,0
DA:48,0
DA:50,0
DA:54,0
DA:55,0
DA:58,0
DA:59,0
DA:62,0
DA:63,0
DA:66,0
DA:67,0
DA:70,0
DA:212,0
LF:30
LH:0
BRDA:20,0,0,0
BRDA:20,0,1,0
BRDA:33,1,0,0
BRDA:33,1,1,0
BRDA:39,2,0,0
BRDA:39,2,1,0
BRDA:41,3,0,0
BRDA:41,3,1,0
BRDA:44,4,0,0
BRDA:44,4,1,0
BRDA:59,5,0,0
BRDA:59,5,1,0
BRDA:63,6,0,0
BRDA:63,6,1,0
BRDA:98,7,0,0
BRDA:98,7,1,0
BRDA:102,8,0,0
BRDA:102,8,1,0
BRDA:105,9,0,0
BRDA:105,9,1,0
BRDA:191,10,0,0
BRDA:191,10,1,0
BRDA:196,11,0,0
BRDA:196,11,1,0
BRDA:206,12,0,0
BRDA:206,12,1,0
BRF:26
BRH:0
end_of_record
TN:
SF:src/contexts/ThemeContext.tsx
FN:15,(anonymous_0)
FN:28,(anonymous_1)
FN:319,(anonymous_2)
FN:320,(anonymous_3)
FN:331,(anonymous_4)
FN:333,(anonymous_5)
FN:340,(anonymous_6)
FN:342,(anonymous_7)
FN:349,(anonymous_8)
FNF:9
FNH:0
FNDA:0,(anonymous_0)
FNDA:0,(anonymous_1)
FNDA:0,(anonymous_2)
FNDA:0,(anonymous_3)
FNDA:0,(anonymous_4)
FNDA:0,(anonymous_5)
FNDA:0,(anonymous_6)
FNDA:0,(anonymous_7)
FNDA:0,(anonymous_8)
DA:13,0
DA:15,0
DA:16,0
DA:17,0
DA:18,0
DA:20,0
DA:28,0
DA:319,0
DA:320,0
DA:322,0
DA:323,0
DA:324,0
DA:328,0
DA:331,0
DA:333,0
DA:334,0
DA:335,0
DA:336,0
DA:340,0
DA:341,0
DA:342,0
DA:343,0
DA:344,0
DA:348,0
DA:349,0
DA:352,0
DA:358,0
LF:27
LH:0
BRDA:17,0,0,0
BRDA:17,0,1,0
BRDA:31,1,0,0
BRDA:31,1,1,0
BRDA:218,2,0,0
BRDA:218,2,1,0
BRDA:235,3,0,0
BRDA:235,3,1,0
BRDA:266,4,0,0
BRDA:266,4,1,0
BRDA:299,5,0,0
BRDA:299,5,1,0
BRDA:323,6,0,0
BRDA:323,6,1,0
BRDA:323,7,0,0
BRDA:323,7,1,0
BRDA:328,8,0,0
BRDA:328,8,1,0
BRDA:334,9,0,0
BRDA:334,9,1,0
BRDA:343,10,0,0
BRDA:343,10,1,0
BRDA:344,11,0,0
BRDA:344,11,1,0
BRF:24
BRH:0
end_of_record
TN:
SF:src/hooks/redux.ts
FN:5,(anonymous_0)
FNF:1
FNH:0
FNDA:0,(anonymous_0)
DA:5,0
DA:6,0
LF:2
LH:0
BRF:0
BRH:0
end_of_record
TN:
SF:src/hooks/usePWA.js
FN:8,(anonymous_0)
FN:24,(anonymous_1)
FN:25,(anonymous_2)
FN:33,(anonymous_3)
FN:41,(anonymous_4)
FN:50,(anonymous_5)
FN:56,(anonymous_6)
FN:67,(anonymous_7)
FN:70,(anonymous_8)
FN:87,(anonymous_9)
FN:113,(anonymous_10)
FN:120,(anonymous_11)
FN:127,(anonymous_12)
FN:137,(anonymous_13)
FN:143,(anonymous_14)
FN:175,(anonymous_15)
FN:203,(anonymous_16)
FN:226,(anonymous_17)
FN:254,(anonymous_18)
FN:260,(anonymous_19)
FN:273,(anonymous_20)
FN:284,(anonymous_21)
FN:301,(anonymous_22)
FN:320,(anonymous_23)
FN:335,(anonymous_24)
FN:344,(anonymous_25)
FN:356,(anonymous_26)
FNF:27
FNH:0
FNDA:0,(anonymous_0)
FNDA:0,(anonymous_1)
FNDA:0,(anonymous_2)
FNDA:0,(anonymous_3)
FNDA:0,(anonymous_4)
FNDA:0,(anonymous_5)
FNDA:0,(anonymous_6)
FNDA:0,(anonymous_7)
FNDA:0,(anonymous_8)
FNDA:0,(anonymous_9)
FNDA:0,(anonymous_10)
FNDA:0,(anonymous_11)
FNDA:0,(anonymous_12)
FNDA:0,(anonymous_13)
FNDA:0,(anonymous_14)
FNDA:0,(anonymous_15)
FNDA:0,(anonymous_16)
FNDA:0,(anonymous_17)
FNDA:0,(anonymous_18)
FNDA:0,(anonymous_19)
FNDA:0,(anonymous_20)
FNDA:0,(anonymous_21)
FNDA:0,(anonymous_22)
FNDA:0,(anonymous_23)
FNDA:0,(anonymous_24)
FNDA:0,(anonymous_25)
FNDA:0,(anonymous_26)
DA:8,0
DA:10,0
DA:11,0
DA:12,0
DA:13,0
DA:14,0
DA:15,0
DA:18,0
DA:19,0
DA:24,0
DA:25,0
DA:26,0
DA:27,0
DA:30,0
DA:33,0
DA:34,0
DA:35,0
DA:38,0
DA:39,0
DA:41,0
DA:42,0
DA:43,0
DA:50,0
DA:51,0
DA:52,0
DA:56,0
DA:57,0
DA:58,0
DA:63,0
DA:64,0
DA:67,0
DA:68,0
DA:70,0
DA:71,0
DA:72,0
DA:74,0
DA:80,0
DA:83,0
DA:87,0
DA:88,0
DA:90,0
DA:92,0
DA:93,0
DA:94,0
DA:97,0
DA:98,0
DA:99,0
DA:102,0
DA:103,0
DA:106,0
DA:113,0
DA:115,0
DA:116,0
DA:120,0
DA:121,0
DA:122,0
DA:123,0
DA:124,0
DA:127,0
DA:128,0
DA:129,0
DA:130,0
DA:131,0
DA:134,0
DA:135,0
DA:137,0
DA:138,0
DA:139,0
DA:143,0
DA:144,0
DA:146,0
DA:148,0
DA:150,0
DA:153,0
DA:155,0
DA:156,0
DA:157,0
DA:158,0
DA:159,0
DA:161,0
DA:162,0
DA:165,0
DA:166,0
DA:168,0
DA:175,0
DA:176,0
DA:177,0
DA:178,0
DA:181,0
DA:182,0
DA:185,0
DA:186,0
DA:188,0
DA:189,0
DA:192,0
DA:193,0
DA:196,0
DA:199,0
DA:200,0
DA:203,0
DA:204,0
DA:206,0
DA:208,0
DA:211,0
DA:216,0
DA:219,0
DA:222,0
DA:226,0
DA:227,0
DA:229,0
DA:236,0
DA:238,0
DA:244,0
DA:254,0
DA:255,0
DA:257,0
DA:258,0
DA:259,0
DA:260,0
DA:263,0
DA:264,0
DA:267,0
DA:269,0
DA:273,0
DA:274,0
DA:276,0
DA:277,0
DA:278,0
DA:280,0
DA:284,0
DA:285,0
DA:287,0
DA:289,0
DA:290,0
DA:292,0
DA:294,0
DA:301,0
DA:302,0
DA:303,0
DA:304,0
DA:305,0
DA:306,0
DA:308,0
DA:309,0
DA:311,0
DA:315,0
DA:316,0
DA:320,0
DA:321,0
DA:322,0
DA:323,0
DA:328,0
DA:335,0
DA:336,0
DA:339,0
DA:344,0
DA:345,0
DA:356,0
DA:357,0
DA:358,0
DA:366,0
DA:367,0
DA:370,0
DA:377,0
LF:164
LH:0
BRDA:16,0,0,0
BRDA:16,0,1,0
BRDA:51,1,0,0
BRDA:51,1,1,0
BRDA:71,2,0,0
BRDA:71,2,1,0
BRDA:71,3,0,0
BRDA:71,3,1,0
BRDA:90,4,0,0
BRDA:90,4,1,0
BRDA:90,4,2,0
BRDA:90,4,3,0
BRDA:115,5,0,0
BRDA:115,5,1,0
BRDA:144,6,0,0
BRDA:144,6,1,0
BRDA:155,7,0,0
BRDA:155,7,1,0
BRDA:176,8,0,0
BRDA:176,8,1,0
BRDA:181,9,0,0
BRDA:181,9,1,0
BRDA:188,10,0,0
BRDA:188,10,1,0
BRDA:192,11,0,0
BRDA:192,11,1,0
BRDA:204,12,0,0
BRDA:204,12,1,0
BRDA:208,13,0,0
BRDA:208,13,1,0
BRDA:226,14,0,0
BRDA:227,15,0,0
BRDA:227,15,1,0
BRDA:236,16,0,0
BRDA:236,16,1,0
BRDA:255,17,0,0
BRDA:255,17,1,0
BRDA:274,18,0,0
BRDA:274,18,1,0
BRDA:285,19,0,0
BRDA:285,19,1,0
BRDA:285,20,0,0
BRDA:285,20,1,0
BRDA:302,21,0,0
BRDA:302,21,1,0
BRDA:308,22,0,0
BRDA:308,22,1,0
BRDA:315,23,0,0
BRDA:315,23,1,0
BRDA:366,24,0,0
BRDA:366,24,1,0
BRDA:408,25,0,0
BRDA:408,25,1,0
BRDA:410,26,0,0
BRDA:410,26,1,0
BRF:55
BRH:0
end_of_record
TN:
SF:src/hooks/usePushNotifications.ts
FN:20,(anonymous_0)
FN:29,(anonymous_1)
FN:33,(anonymous_2)
FN:44,(anonymous_3)
FN:49,(anonymous_4)
FN:55,(anonymous_5)
FN:62,(anonymous_6)
FN:63,(anonymous_7)
FN:68,(anonymous_8)
FN:78,(anonymous_9)
FN:87,(anonymous_10)
FN:102,(anonymous_11)
FN:103,(anonymous_12)
FN:131,(anonymous_13)
FN:137,(anonymous_14)
FN:146,(anonymous_15)
FN:147,(anonymous_16)
FN:167,(anonymous_17)
FN:173,(anonymous_18)
FN:182,(anonymous_19)
FNF:20
FNH:0
FNDA:0,(anonymous_0)
FNDA:0,(anonymous_1)
FNDA:0,(anonymous_2)
FNDA:0,(anonymous_3)
FNDA:0,(anonymous_4)
FNDA:0,(anonymous_5)
FNDA:0,(anonymous_6)
FNDA:0,(anonymous_7)
FNDA:0,(anonymous_8)
FNDA:0,(anonymous_9)
FNDA:0,(anonymous_10)
FNDA:0,(anonymous_11)
FNDA:0,(anonymous_12)
FNDA:0,(anonymous_13)
FNDA:0,(anonymous_14)
FNDA:0,(anonymous_15)
FNDA:0,(anonymous_16)
FNDA:0,(anonymous_17)
FNDA:0,(anonymous_18)
FNDA:0,(anonymous_19)
DA:18,0
DA:20,0
DA:21,0
DA:29,0
DA:31,0
DA:33,0
DA:39,0
DA:40,0
DA:44,0
DA:45,0
DA:46,0
DA:47,0
DA:49,0
DA:54,0
DA:55,0
DA:62,0
DA:63,0
DA:65,0
DA:66,0
DA:68,0
DA:74,0
DA:75,0
DA:78,0
DA:83,0
DA:87,0
DA:88,0
DA:89,0
DA:93,0
DA:94,0
DA:96,0
DA:97,0
DA:99,0
DA:102,0
DA:103,0
DA:105,0
DA:106,0
DA:107,0
DA:110,0
DA:112,0
DA:113,0
DA:116,0
DA:122,0
DA:131,0
DA:137,0
DA:142,0
DA:146,0
DA:147,0
DA:149,0
DA:150,0
DA:151,0
DA:153,0
DA:154,0
DA:157,0
DA:167,0
DA:173,0
DA:178,0
DA:182,0
DA:183,0
DA:184,0
DA:191,0
DA:192,0
DA:196,0
LF:62
LH:0
BRDA:18,0,0,0
BRDA:18,0,1,0
BRDA:31,1,0,0
BRDA:31,1,1,0
BRDA:39,2,0,0
BRDA:39,2,1,0
BRDA:74,3,0,0
BRDA:74,3,1,0
BRDA:80,4,0,0
BRDA:80,4,1,0
BRDA:106,5,0,0
BRDA:106,5,1,0
BRDA:112,6,0,0
BRDA:112,6,1,0
BRDA:139,7,0,0
BRDA:139,7,1,0
BRDA:153,8,0,0
BRDA:153,8,1,0
BRDA:175,9,0,0
BRDA:175,9,1,0
BRF:20
BRH:0
end_of_record
TN:
SF:src/pages/CreateEventPage.tsx
FN:48,(anonymous_0)
FN:51,(anonymous_1)
FN:73,(anonymous_2)
FN:73,(anonymous_3)
FN:74,(anonymous_4)
FN:85,(anonymous_5)
FN:90,(anonymous_6)
FN:124,(anonymous_7)
FN:153,(anonymous_8)
FN:196,(anonymous_9)
FN:231,(anonymous_10)
FN:234,(anonymous_11)
FN:384,(anonymous_12)
FN:397,(anonymous_13)
FN:410,(anonymous_14)
FN:423,(anonymous_15)
FNF:16
FNH:0
FNDA:0,(anonymous_0)
FNDA:0,(anonymous_1)
FNDA:0,(anonymous_2)
FNDA:0,(anonymous_3)
FNDA:0,(anonymous_4)
FNDA:0,(anonymous_5)
FNDA:0,(anonymous_6)
FNDA:0,(anonymous_7)
FNDA:0,(anonymous_8)
FNDA:0,(anonymous_9)
FNDA:0,(anonymous_10)
FNDA:0,(anonymous_11)
FNDA:0,(anonymous_12)
FNDA:0,(anonymous_13)
FNDA:0,(anonymous_14)
FNDA:0,(anonymous_15)
DA:39,0
DA:48,0
DA:49,0
DA:50,0
DA:51,0
DA:53,0
DA:70,0
DA:71,0
DA:73,0
DA:74,0
DA:80,0
DA:81,0
DA:85,0
DA:86,0
DA:87,0
DA:90,0
DA:91,0
DA:93,0
DA:94,0
DA:97,0
DA:98,0
DA:101,0
DA:102,0
DA:105,0
DA:106,0
DA:109,0
DA:110,0
DA:113,0
DA:114,0
DA:117,0
DA:118,0
DA:121,0
DA:124,0
DA:125,0
DA:127,0
DA:128,0
DA:129,0
DA:130,0
DA:133,0
DA:143,0
DA:144,0
DA:145,0
DA:146,0
DA:149,0
DA:153,0
DA:154,0
DA:155,0
DA:157,0
DA:160,0
DA:162,0
DA:164,0
DA:165,0
DA:167,0
DA:171,0
DA:197,0
DA:231,0
DA:235,0
DA:384,0
DA:397,0
DA:410,0
DA:423,0
LF:61
LH:0
BRDA:80,0,0,0
BRDA:80,0,1,0
BRDA:93,1,0,0
BRDA:93,1,1,0
BRDA:97,2,0,0
BRDA:97,2,1,0
BRDA:101,3,0,0
BRDA:101,3,1,0
BRDA:105,4,0,0
BRDA:105,4,1,0
BRDA:109,5,0,0
BRDA:109,5,1,0
BRDA:109,6,0,0
BRDA:109,6,1,0
BRDA:113,7,0,0
BRDA:113,7,1,0
BRDA:113,8,0,0
BRDA:113,8,1,0
BRDA:117,9,0,0
BRDA:117,9,1,0
BRDA:117,10,0,0
BRDA:117,10,1,0
BRDA:128,11,0,0
BRDA:128,11,1,0
BRDA:136,12,0,0
BRDA:136,12,1,0
BRDA:137,13,0,0
BRDA:137,13,1,0
BRDA:138,14,0,0
BRDA:138,14,1,0
BRDA:139,15,0,0
BRDA:139,15,1,0
BRDA:140,16,0,0
BRDA:140,16,1,0
BRDA:145,17,0,0
BRDA:145,17,1,0
BRDA:186,18,0,0
BRDA:186,18,1,0
BRDA:190,19,0,0
BRDA:190,19,1,0
BRDA:194,20,0,0
BRDA:194,20,1,0
BRDA:194,20,2,0
BRDA:196,21,0,0
BRDA:196,21,1,0
BRDA:432,22,0,0
BRDA:432,22,1,0
BRDA:435,23,0,0
BRDA:435,23,1,0
BRF:49
BRH:0
end_of_record
TN:
SF:src/pages/DashboardPage.tsx
FN:37,(anonymous_0)
FN:40,(anonymous_1)
FN:41,(anonymous_2)
FN:43,(anonymous_3)
FN:47,(anonymous_4)
FN:56,(anonymous_5)
FN:67,(anonymous_6)
FN:78,(anonymous_7)
FN:339,(anonymous_8)
FN:378,(anonymous_9)
FN:391,(anonymous_10)
FN:407,(anonymous_11)
FN:492,(anonymous_12)
FN:511,(anonymous_13)
FN:528,(anonymous_14)
FN:545,(anonymous_15)
FN:582,(anonymous_16)
FNF:17
FNH:0
FNDA:0,(anonymous_0)
FNDA:0,(anonymous_1)
FNDA:0,(anonymous_2)
FNDA:0,(anonymous_3)
FNDA:0,(anonymous_4)
FNDA:0,(anonymous_5)
FNDA:0,(anonymous_6)
FNDA:0,(anonymous_7)
FNDA:0,(anonymous_8)
FNDA:0,(anonymous_9)
FNDA:0,(anonymous_10)
FNDA:0,(anonymous_11)
FNDA:0,(anonymous_12)
FNDA:0,(anonymous_13)
FNDA:0,(anonymous_14)
FNDA:0,(anonymous_15)
FNDA:0,(anonymous_16)
DA:37,0
DA:38,0
DA:39,0
DA:40,0
DA:41,0
DA:43,0
DA:44,0
DA:47,0
DA:48,0
DA:56,0
DA:57,0
DA:64,0
DA:67,0
DA:68,0
DA:75,0
DA:78,0
DA:79,0
DA:86,0
DA:89,0
DA:90,0
DA:91,0
DA:93,0
DA:339,0
DA:378,0
DA:392,0
DA:407,0
DA:492,0
DA:511,0
DA:528,0
DA:545,0
DA:582,0
LF:31
LH:0
BRDA:64,0,0,0
BRDA:64,0,1,0
BRDA:75,1,0,0
BRDA:75,1,1,0
BRDA:86,2,0,0
BRDA:86,2,1,0
BRDA:89,3,0,0
BRDA:89,3,1,0
BRDA:90,4,0,0
BRDA:90,4,1,0
BRDA:91,5,0,0
BRDA:91,5,1,0
BRDA:123,6,0,0
BRDA:123,6,1,0
BRDA:193,7,0,0
BRDA:193,7,1,0
BRDA:230,8,0,0
BRDA:230,8,1,0
BRDA:267,9,0,0
BRDA:267,9,1,0
BRDA:354,10,0,0
BRDA:354,10,1,0
BRDA:358,11,0,0
BRDA:358,11,1,0
BRF:24
BRH:0
end_of_record
TN:
SF:src/pages/DemoPage.tsx
FN:36,(anonymous_0)
FN:175,(anonymous_1)
FN:188,(anonymous_2)
FN:230,(anonymous_3)
FN:243,(anonymous_4)
FN:269,(anonymous_5)
FN:297,(anonymous_6)
FN:304,(anonymous_7)
FNF:8
FNH:0
FNDA:0,(anonymous_0)
FNDA:0,(anonymous_1)
FNDA:0,(anonymous_2)
FNDA:0,(anonymous_3)
FNDA:0,(anonymous_4)
FNDA:0,(anonymous_5)
FNDA:0,(anonymous_6)
FNDA:0,(anonymous_7)
DA:36,0
DA:37,0
DA:39,0
DA:150,0
DA:175,0
DA:176,0
DA:178,0
DA:180,0
DA:182,0
DA:184,0
DA:188,0
DA:189,0
DA:191,0
DA:193,0
DA:195,0
DA:197,0
DA:201,0
DA:231,0
DA:243,0
DA:270,0
DA:298,0
DA:305,0
LF:22
LH:0
BRDA:176,0,0,0
BRDA:176,0,1,0
BRDA:176,0,2,0
BRDA:176,0,3,0
BRDA:189,1,0,0
BRDA:189,1,1,0
BRDA:189,1,2,0
BRDA:189,1,3,0
BRDA:233,2,0,0
BRDA:233,2,1,0
BRDA:262,3,0,0
BRDA:262,3,1,0
BRDA:284,4,0,0
BRDA:284,4,1,0
BRF:14
BRH:0
end_of_record
TN:
SF:src/pages/EventDetailsPage.tsx
FN:101,TabPanel
FN:116,EventDetailsPage
FN:119,(anonymous_2)
FN:137,(anonymous_3)
FN:143,(anonymous_4)
FN:155,(anonymous_5)
FN:165,(anonymous_6)
FN:175,(anonymous_7)
FN:195,(anonymous_8)
FN:205,(anonymous_9)
FN:215,(anonymous_10)
FN:223,(anonymous_11)
FN:289,(anonymous_12)
FN:299,(anonymous_13)
FN:344,(anonymous_14)
FN:353,(anonymous_15)
FN:383,(anonymous_16)
FN:391,(anonymous_17)
FN:437,(anonymous_18)
FN:445,(anonymous_19)
FN:524,(anonymous_20)
FN:539,(anonymous_21)
FN:547,(anonymous_22)
FN:554,(anonymous_23)
FN:562,(anonymous_24)
FN:572,(anonymous_25)
FN:580,(anonymous_26)
FN:588,(anonymous_27)
FN:598,(anonymous_28)
FN:609,(anonymous_29)
FN:617,(anonymous_30)
FNF:31
FNH:0
FNDA:0,TabPanel
FNDA:0,EventDetailsPage
FNDA:0,(anonymous_2)
FNDA:0,(anonymous_3)
FNDA:0,(anonymous_4)
FNDA:0,(anonymous_5)
FNDA:0,(anonymous_6)
FNDA:0,(anonymous_7)
FNDA:0,(anonymous_8)
FNDA:0,(anonymous_9)
FNDA:0,(anonymous_10)
FNDA:0,(anonymous_11)
FNDA:0,(anonymous_12)
FNDA:0,(anonymous_13)
FNDA:0,(anonymous_14)
FNDA:0,(anonymous_15)
FNDA:0,(anonymous_16)
FNDA:0,(anonymous_17)
FNDA:0,(anonymous_18)
FNDA:0,(anonymous_19)
FNDA:0,(anonymous_20)
FNDA:0,(anonymous_21)
FNDA:0,(anonymous_22)
FNDA:0,(anonymous_23)
FNDA:0,(anonymous_24)
FNDA:0,(anonymous_25)
FNDA:0,(anonymous_26)
FNDA:0,(anonymous_27)
FNDA:0,(anonymous_28)
FNDA:0,(anonymous_29)
FNDA:0,(anonymous_30)
DA:102,0
DA:103,0
DA:117,0
DA:118,0
DA:119,0
DA:121,0
DA:122,0
DA:123,0
DA:124,0
DA:125,0
DA:126,0
DA:127,0
DA:137,0
DA:138,0
DA:139,0
DA:143,0
DA:144,0
DA:145,0
DA:146,0
DA:147,0
DA:149,0
DA:151,0
DA:155,0
DA:156,0
DA:157,0
DA:158,0
DA:159,0
DA:161,0
DA:165,0
DA:166,0
DA:167,0
DA:168,0
DA:169,0
DA:171,0
DA:175,0
DA:176,0
DA:177,0
DA:178,0
DA:179,0
DA:180,0
DA:189,0
DA:191,0
DA:195,0
DA:196,0
DA:197,0
DA:198,0
DA:199,0
DA:201,0
DA:205,0
DA:206,0
DA:207,0
DA:208,0
DA:209,0
DA:211,0
DA:215,0
DA:216,0
DA:217,0
DA:218,0
DA:223,0
DA:224,0
DA:225,0
DA:227,0
DA:228,0
DA:235,0
DA:236,0
DA:245,0
DA:289,0
DA:299,0
DA:344,0
DA:354,0
DA:383,0
DA:392,0
DA:437,0
DA:445,0
DA:524,0
DA:539,0
DA:547,0
DA:554,0
DA:562,0
DA:572,0
DA:580,0
DA:588,0
DA:598,0
DA:609,0
DA:617,0
LF:85
LH:0
BRDA:111,0,0,0
BRDA:111,0,1,0
BRDA:138,1,0,0
BRDA:138,1,1,0
BRDA:149,2,0,0
BRDA:149,2,1,0
BRDA:157,3,0,0
BRDA:157,3,1,0
BRDA:161,4,0,0
BRDA:161,4,1,0
BRDA:167,5,0,0
BRDA:167,5,1,0
BRDA:171,6,0,0
BRDA:171,6,1,0
BRDA:177,7,0,0
BRDA:177,7,1,0
BRDA:191,8,0,0
BRDA:191,8,1,0
BRDA:197,9,0,0
BRDA:197,9,1,0
BRDA:201,10,0,0
BRDA:201,10,1,0
BRDA:207,11,0,0
BRDA:207,11,1,0
BRDA:211,12,0,0
BRDA:211,12,1,0
BRDA:216,13,0,0
BRDA:216,13,1,0
BRDA:227,14,0,0
BRDA:227,14,1,0
BRDA:235,15,0,0
BRDA:235,15,1,0
BRDA:235,16,0,0
BRDA:235,16,1,0
BRDA:239,17,0,0
BRDA:239,17,1,0
BRDA:271,18,0,0
BRDA:271,18,1,0
BRDA:274,19,0,0
BRDA:274,19,1,0
BRDA:274,19,2,0
BRDA:294,20,0,0
BRDA:294,20,1,0
BRDA:313,21,0,0
BRDA:313,21,1,0
BRDA:313,21,2,0
BRDA:323,22,0,0
BRDA:323,22,1,0
BRDA:323,22,2,0
BRDA:333,23,0,0
BRDA:333,23,1,0
BRDA:367,24,0,0
BRDA:367,24,1,0
BRDA:379,25,0,0
BRDA:379,25,1,0
BRDA:379,25,2,0
BRDA:404,26,0,0
BRDA:404,26,1,0
BRDA:407,27,0,0
BRDA:407,27,1,0
BRDA:414,28,0,0
BRDA:414,28,1,0
BRDA:419,29,0,0
BRDA:419,29,1,0
BRDA:424,30,0,0
BRDA:424,30,1,0
BRDA:424,30,2,0
BRDA:434,31,0,0
BRDA:434,31,1,0
BRDA:434,31,2,0
BRDA:434,31,3,0
BRDA:442,32,0,0
BRDA:442,32,1,0
BRDA:442,32,2,0
BRDA:454,33,0,0
BRDA:454,33,1,0
BRDA:484,34,0,0
BRDA:484,34,1,0
BRDA:495,35,0,0
BRDA:495,35,1,0
BRDA:604,36,0,0
BRDA:604,36,1,0
BRF:82
BRH:0
end_of_record
TN:
SF:src/pages/EventsPage.tsx
FN:40,TabPanel
FN:60,(anonymous_1)
FN:63,(anonymous_2)
FN:67,(anonymous_3)
FN:73,(anonymous_4)
FN:77,(anonymous_5)
FN:87,(anonymous_6)
FN:98,(anonymous_7)
FN:109,(anonymous_8)
FN:165,(anonymous_9)
FN:179,(anonymous_10)
FN:197,(anonymous_11)
FN:214,(anonymous_12)
FN:235,(anonymous_13)
FN:251,(anonymous_14)
FN:267,(anonymous_15)
FN:285,(anonymous_16)
FNF:17
FNH:0
FNDA:0,TabPanel
FNDA:0,(anonymous_1)
FNDA:0,(anonymous_2)
FNDA:0,(anonymous_3)
FNDA:0,(anonymous_4)
FNDA:0,(anonymous_5)
FNDA:0,(anonymous_6)
FNDA:0,(anonymous_7)
FNDA:0,(anonymous_8)
FNDA:0,(anonymous_9)
FNDA:0,(anonymous_10)
FNDA:0,(anonymous_11)
FNDA:0,(anonymous_12)
FNDA:0,(anonymous_13)
FNDA:0,(anonymous_14)
FNDA:0,(anonymous_15)
FNDA:0,(anonymous_16)
DA:41,0
DA:43,0
DA:60,0
DA:61,0
DA:62,0
DA:63,0
DA:65,0
DA:67,0
DA:68,0
DA:69,0
DA:70,0
DA:73,0
DA:74,0
DA:77,0
DA:78,0
DA:87,0
DA:88,0
DA:95,0
DA:98,0
DA:99,0
DA:106,0
DA:109,0
DA:110,0
DA:165,0
DA:179,0
DA:180,0
DA:197,0
DA:205,0
DA:214,0
DA:236,0
DA:252,0
DA:268,0
DA:285,0
LF:33
LH:0
BRDA:51,0,0,0
BRDA:51,0,1,0
BRDA:95,1,0,0
BRDA:95,1,1,0
BRDA:106,2,0,0
BRDA:106,2,1,0
BRDA:124,3,0,0
BRDA:124,3,1,0
BRDA:144,4,0,0
BRDA:144,4,1,0
BRDA:145,5,0,0
BRDA:145,5,1,0
BRDA:229,6,0,0
BRDA:229,6,1,0
BRDA:231,7,0,0
BRDA:231,7,1,0
BRDA:245,8,0,0
BRDA:245,8,1,0
BRDA:247,9,0,0
BRDA:247,9,1,0
BRDA:261,10,0,0
BRDA:261,10,1,0
BRDA:263,11,0,0
BRDA:263,11,1,0
BRF:24
BRH:0
end_of_record
TN:
SF:src/pages/FriendsPage.tsx
FN:52,TabPanel
FN:77,FriendsPage
FN:85,(anonymous_2)
FN:98,(anonymous_3)
FN:103,(anonymous_4)
FN:107,(anonymous_5)
FN:122,(anonymous_6)
FN:128,(anonymous_7)
FN:132,(anonymous_8)
FN:141,(anonymous_9)
FN:149,(anonymous_10)
FN:153,(anonymous_11)
FN:166,(anonymous_12)
FN:170,(anonymous_13)
FN:172,(anonymous_14)
FN:188,(anonymous_15)
FN:207,(anonymous_16)
FN:209,(anonymous_17)
FN:250,(anonymous_18)
FN:252,(anonymous_19)
FN:280,(anonymous_20)
FN:291,(anonymous_21)
FN:341,(anonymous_22)
FN:390,(anonymous_23)
FNF:24
FNH:0
FNDA:0,TabPanel
FNDA:0,FriendsPage
FNDA:0,(anonymous_2)
FNDA:0,(anonymous_3)
FNDA:0,(anonymous_4)
FNDA:0,(anonymous_5)
FNDA:0,(anonymous_6)
FNDA:0,(anonymous_7)
FNDA:0,(anonymous_8)
FNDA:0,(anonymous_9)
FNDA:0,(anonymous_10)
FNDA:0,(anonymous_11)
FNDA:0,(anonymous_12)
FNDA:0,(anonymous_13)
FNDA:0,(anonymous_14)
FNDA:0,(anonymous_15)
FNDA:0,(anonymous_16)
FNDA:0,(anonymous_17)
FNDA:0,(anonymous_18)
FNDA:0,(anonymous_19)
FNDA:0,(anonymous_20)
FNDA:0,(anonymous_21)
FNDA:0,(anonymous_22)
FNDA:0,(anonymous_23)
DA:53,0
DA:55,0
DA:78,0
DA:85,0
DA:87,0
DA:88,0
DA:89,0
DA:90,0
DA:91,0
DA:98,0
DA:99,0
DA:100,0
DA:103,0
DA:104,0
DA:107,0
DA:108,0
DA:109,0
DA:110,0
DA:111,0
DA:112,0
DA:114,0
DA:115,0
DA:117,0
DA:122,0
DA:123,0
DA:124,0
DA:128,0
DA:129,0
DA:132,0
DA:133,0
DA:134,0
DA:136,0
DA:138,0
DA:141,0
DA:146,0
DA:149,0
DA:150,0
DA:153,0
DA:154,0
DA:156,0
DA:158,0
DA:160,0
DA:162,0
DA:166,0
DA:167,0
DA:170,0
DA:171,0
DA:173,0
DA:188,0
DA:207,0
DA:208,0
DA:210,0
DA:250,0
DA:251,0
DA:253,0
DA:280,0
DA:291,0
DA:314,0
DA:341,0
DA:391,0
LF:60
LH:0
BRDA:63,0,0,0
BRDA:63,0,1,0
BRDA:80,1,0,0
BRDA:81,2,0,0
BRDA:82,3,0,0
BRDA:108,4,0,0
BRDA:108,4,1,0
BRDA:123,5,0,0
BRDA:123,5,1,0
BRDA:133,6,0,0
BRDA:133,6,1,0
BRDA:154,7,0,0
BRDA:154,7,1,0
BRDA:154,7,2,0
BRDA:154,7,3,0
BRDA:196,8,0,0
BRDA:196,8,1,0
BRDA:196,8,2,0
BRDA:196,8,3,0
BRDA:224,9,0,0
BRDA:224,9,1,0
BRDA:226,10,0,0
BRDA:226,10,1,0
BRDA:239,11,0,0
BRDA:239,11,1,0
BRDA:303,12,0,0
BRDA:303,12,1,0
BRDA:320,13,0,0
BRDA:320,13,1,0
BRDA:354,14,0,0
BRDA:354,14,1,0
BRDA:356,15,0,0
BRDA:356,15,1,0
BRDA:378,16,0,0
BRDA:378,16,1,0
BRDA:382,17,0,0
BRDA:382,17,1,0
BRDA:396,18,0,0
BRDA:396,18,1,0
BRDA:399,19,0,0
BRDA:399,19,1,0
BRF:41
BRH:0
end_of_record
TN:
SF:src/pages/LoginPage.tsx
FN:20,(anonymous_0)
FN:23,(anonymous_1)
FN:32,(anonymous_2)
FN:38,(anonymous_3)
FN:43,(anonymous_4)
FN:45,(anonymous_5)
FN:51,(anonymous_6)
FN:56,(anonymous_7)
FNF:8
FNH:0
FNDA:0,(anonymous_0)
FNDA:0,(anonymous_1)
FNDA:0,(anonymous_2)
FNDA:0,(anonymous_3)
FNDA:0,(anonymous_4)
FNDA:0,(anonymous_5)
FNDA:0,(anonymous_6)
FNDA:0,(anonymous_7)
DA:20,0
DA:21,0
DA:22,0
DA:23,0
DA:25,0
DA:30,0
DA:32,0
DA:33,0
DA:34,0
DA:38,0
DA:40,0
DA:43,0
DA:44,0
DA:45,0
DA:51,0
DA:52,0
DA:53,0
DA:56,0
DA:57,0
DA:60,0
LF:20
LH:0
BRDA:33,0,0,0
BRDA:33,0,1,0
BRDA:147,1,0,0
BRDA:147,1,1,0
BRDA:203,2,0,0
BRDA:203,2,1,0
BRDA:223,3,0,0
BRDA:223,3,1,0
BRDA:266,4,0,0
BRDA:266,4,1,0
BRF:10
BRH:0
end_of_record
TN:
SF:src/pages/MarketplacePage.tsx
FN:75,(anonymous_0)
FN:98,(anonymous_1)
FN:102,(anonymous_2)
FN:106,(anonymous_3)
FN:238,(anonymous_4)
FN:242,(anonymous_5)
FN:246,(anonymous_6)
FN:249,(anonymous_7)
FN:256,(anonymous_8)
FN:269,(anonymous_9)
FN:270,(anonymous_10)
FN:270,(anonymous_11)
FN:277,(anonymous_12)
FN:278,(anonymous_13)
FN:279,(anonymous_14)
FN:281,(anonymous_15)
FN:292,(anonymous_16)
FN:293,(anonymous_17)
FN:296,(anonymous_18)
FN:310,(anonymous_19)
FN:339,(anonymous_20)
FN:355,(anonymous_21)
FN:358,(anonymous_22)
FN:389,(anonymous_23)
FN:409,(anonymous_24)
FN:421,(anonymous_25)
FN:485,(anonymous_26)
FN:501,(anonymous_27)
FN:508,(anonymous_28)
FN:522,(anonymous_29)
FN:529,(anonymous_30)
FN:583,(anonymous_31)
FN:597,(anonymous_32)
FN:618,(anonymous_33)
FN:621,(anonymous_34)
FN:624,(anonymous_35)
FN:630,(anonymous_36)
FN:636,(anonymous_37)
FNF:38
FNH:0
FNDA:0,(anonymous_0)
FNDA:0,(anonymous_1)
FNDA:0,(anonymous_2)
FNDA:0,(anonymous_3)
FNDA:0,(anonymous_4)
FNDA:0,(anonymous_5)
FNDA:0,(anonymous_6)
FNDA:0,(anonymous_7)
FNDA:0,(anonymous_8)
FNDA:0,(anonymous_9)
FNDA:0,(anonymous_10)
FNDA:0,(anonymous_11)
FNDA:0,(anonymous_12)
FNDA:0,(anonymous_13)
FNDA:0,(anonymous_14)
FNDA:0,(anonymous_15)
FNDA:0,(anonymous_16)
FNDA:0,(anonymous_17)
FNDA:0,(anonymous_18)
FNDA:0,(anonymous_19)
FNDA:0,(anonymous_20)
FNDA:0,(anonymous_21)
FNDA:0,(anonymous_22)
FNDA:0,(anonymous_23)
FNDA:0,(anonymous_24)
FNDA:0,(anonymous_25)
FNDA:0,(anonymous_26)
FNDA:0,(anonymous_27)
FNDA:0,(anonymous_28)
FNDA:0,(anonymous_29)
FNDA:0,(anonymous_30)
FNDA:0,(anonymous_31)
FNDA:0,(anonymous_32)
FNDA:0,(anonymous_33)
FNDA:0,(anonymous_34)
FNDA:0,(anonymous_35)
FNDA:0,(anonymous_36)
FNDA:0,(anonymous_37)
DA:75,0
DA:76,0
DA:77,0
DA:78,0
DA:79,0
DA:80,0
DA:81,0
DA:82,0
DA:83,0
DA:85,0
DA:98,0
DA:99,0
DA:102,0
DA:103,0
DA:106,0
DA:107,0
DA:108,0
DA:111,0
DA:230,0
DA:232,0
DA:234,0
DA:238,0
DA:239,0
DA:241,0
DA:242,0
DA:245,0
DA:246,0
DA:247,0
DA:249,0
DA:253,0
DA:256,0
DA:257,0
DA:259,0
DA:261,0
DA:263,0
DA:265,0
DA:269,0
DA:270,0
DA:271,0
DA:277,0
DA:278,0
DA:279,0
DA:280,0
DA:281,0
DA:282,0
DA:287,0
DA:292,0
DA:293,0
DA:296,0
DA:297,0
DA:299,0
DA:300,0
DA:302,0
DA:303,0
DA:305,0
DA:306,0
DA:310,0
DA:315,0
DA:320,0
DA:339,0
DA:355,0
DA:359,0
DA:390,0
DA:409,0
DA:421,0
DA:486,0
DA:501,0
DA:508,0
DA:522,0
DA:529,0
DA:584,0
DA:598,0
DA:618,0
DA:621,0
DA:624,0
DA:630,0
DA:636,0
LF:77
LH:0
BRDA:241,0,0,0
BRDA:241,0,1,0
BRDA:245,1,0,0
BRDA:245,1,1,0
BRDA:247,2,0,0
BRDA:247,2,1,0
BRDA:247,2,2,0
BRDA:257,3,0,0
BRDA:257,3,1,0
BRDA:257,3,2,0
BRDA:257,3,3,0
BRDA:271,4,0,0
BRDA:271,4,1,0
BRDA:280,5,0,0
BRDA:280,5,1,0
BRDA:282,6,0,0
BRDA:282,6,1,0
BRDA:297,7,0,0
BRDA:297,7,1,0
BRDA:297,7,2,0
BRDA:316,8,0,0
BRDA:316,8,1,0
BRDA:411,9,0,0
BRDA:411,9,1,0
BRDA:426,10,0,0
BRDA:426,10,1,0
BRDA:460,11,0,0
BRDA:460,11,1,0
BRDA:526,12,0,0
BRDA:526,12,1,0
BRDA:562,13,0,0
BRDA:562,13,1,0
BRF:32
BRH:0
end_of_record
TN:
SF:src/pages/MessagesPage.tsx
FN:58,(anonymous_0)
FN:59,(anonymous_1)
FN:141,(anonymous_2)
FN:149,(anonymous_3)
FN:153,(anonymous_4)
FN:157,(anonymous_5)
FN:173,(anonymous_6)
FN:185,(anonymous_7)
FN:189,(anonymous_8)
FN:198,(anonymous_9)
FN:202,(anonymous_10)
FN:209,(anonymous_11)
FN:231,(anonymous_12)
FN:244,(anonymous_13)
FN:249,(anonymous_14)
FN:366,(anonymous_15)
FN:421,(anonymous_16)
FNF:17
FNH:0
FNDA:0,(anonymous_0)
FNDA:0,(anonymous_1)
FNDA:0,(anonymous_2)
FNDA:0,(anonymous_3)
FNDA:0,(anonymous_4)
FNDA:0,(anonymous_5)
FNDA:0,(anonymous_6)
FNDA:0,(anonymous_7)
FNDA:0,(anonymous_8)
FNDA:0,(anonymous_9)
FNDA:0,(anonymous_10)
FNDA:0,(anonymous_11)
FNDA:0,(anonymous_12)
FNDA:0,(anonymous_13)
FNDA:0,(anonymous_14)
FNDA:0,(anonymous_15)
FNDA:0,(anonymous_16)
DA:58,0
DA:59,0
DA:60,0
DA:61,0
DA:62,0
DA:63,0
DA:64,0
DA:65,0
DA:66,0
DA:67,0
DA:68,0
DA:71,0
DA:106,0
DA:141,0
DA:142,0
DA:143,0
DA:144,0
DA:145,0
DA:149,0
DA:150,0
DA:153,0
DA:154,0
DA:157,0
DA:158,0
DA:159,0
DA:160,0
DA:161,0
DA:162,0
DA:164,0
DA:165,0
DA:166,0
DA:167,0
DA:169,0
DA:173,0
DA:174,0
DA:176,0
DA:185,0
DA:186,0
DA:189,0
DA:190,0
DA:198,0
DA:202,0
DA:203,0
DA:204,0
DA:205,0
DA:209,0
DA:210,0
DA:214,0
DA:231,0
DA:245,0
DA:250,0
DA:251,0
DA:367,0
DA:421,0
LF:54
LH:0
BRDA:117,0,0,0
BRDA:117,0,1,0
BRDA:118,1,0,0
BRDA:118,1,1,0
BRDA:143,2,0,0
BRDA:143,2,1,0
BRDA:164,3,0,0
BRDA:164,3,1,0
BRDA:166,4,0,0
BRDA:166,4,1,0
BRDA:174,5,0,0
BRDA:174,5,1,0
BRDA:174,6,0,0
BRDA:174,6,1,0
BRDA:178,7,0,0
BRDA:178,7,1,0
BRDA:179,8,0,0
BRDA:179,8,1,0
BRDA:203,9,0,0
BRDA:203,9,1,0
BRDA:203,10,0,0
BRDA:203,10,1,0
BRDA:210,11,0,0
BRDA:210,11,1,0
BRDA:285,12,0,0
BRDA:285,12,1,0
BRDA:294,13,0,0
BRDA:294,13,1,0
BRDA:309,14,0,0
BRDA:309,14,1,0
BRDA:320,15,0,0
BRDA:320,15,1,0
BRDA:337,16,0,0
BRDA:337,16,1,0
BRDA:346,17,0,0
BRDA:346,17,1,0
BRDA:371,18,0,0
BRDA:371,18,1,0
BRDA:379,19,0,0
BRDA:379,19,1,0
BRDA:380,20,0,0
BRDA:380,20,1,0
BRDA:397,21,0,0
BRDA:397,21,1,0
BRF:44
BRH:0
end_of_record
TN:
SF:src/pages/NotificationsPage.tsx
FN:56,TabPanel
FN:71,NotificationsPage
FN:77,(anonymous_2)
FN:81,(anonymous_3)
FN:142,(anonymous_4)
FN:143,(anonymous_5)
FN:144,(anonymous_6)
FN:152,(anonymous_7)
FN:153,(anonymous_8)
FN:154,(anonymous_9)
FN:158,(anonymous_10)
FN:159,(anonymous_11)
FN:160,(anonymous_12)
FN:164,(anonymous_13)
FN:170,(anonymous_14)
FN:176,(anonymous_15)
FN:182,(anonymous_16)
FN:188,(anonymous_17)
FN:202,(anonymous_18)
FN:219,(anonymous_19)
FN:228,(anonymous_20)
FN:236,(anonymous_21)
FN:249,(anonymous_22)
FN:257,(anonymous_23)
FN:269,(anonymous_24)
FN:281,(anonymous_25)
FN:290,(anonymous_26)
FN:291,(anonymous_27)
FN:326,(anonymous_28)
FN:344,(anonymous_29)
FN:393,(anonymous_30)
FN:418,(anonymous_31)
FN:440,(anonymous_32)
FNF:33
FNH:0
FNDA:0,TabPanel
FNDA:0,NotificationsPage
FNDA:0,(anonymous_2)
FNDA:0,(anonymous_3)
FNDA:0,(anonymous_4)
FNDA:0,(anonymous_5)
FNDA:0,(anonymous_6)
FNDA:0,(anonymous_7)
FNDA:0,(anonymous_8)
FNDA:0,(anonymous_9)
FNDA:0,(anonymous_10)
FNDA:0,(anonymous_11)
FNDA:0,(anonymous_12)
FNDA:0,(anonymous_13)
FNDA:0,(anonymous_14)
FNDA:0,(anonymous_15)
FNDA:0,(anonymous_16)
FNDA:0,(anonymous_17)
FNDA:0,(anonymous_18)
FNDA:0,(anonymous_19)
FNDA:0,(anonymous_20)
FNDA:0,(anonymous_21)
FNDA:0,(anonymous_22)
FNDA:0,(anonymous_23)
FNDA:0,(anonymous_24)
FNDA:0,(anonymous_25)
FNDA:0,(anonymous_26)
FNDA:0,(anonymous_27)
FNDA:0,(anonymous_28)
FNDA:0,(anonymous_29)
FNDA:0,(anonymous_30)
FNDA:0,(anonymous_31)
FNDA:0,(anonymous_32)
DA:57,0
DA:58,0
DA:72,0
DA:73,0
DA:74,0
DA:75,0
DA:77,0
DA:78,0
DA:81,0
DA:82,0
DA:83,0
DA:86,0
DA:133,0
DA:135,0
DA:136,0
DA:138,0
DA:142,0
DA:143,0
DA:144,0
DA:145,0
DA:152,0
DA:153,0
DA:154,0
DA:158,0
DA:159,0
DA:160,0
DA:164,0
DA:166,0
DA:167,0
DA:170,0
DA:172,0
DA:173,0
DA:176,0
DA:178,0
DA:179,0
DA:182,0
DA:184,0
DA:185,0
DA:188,0
DA:189,0
DA:192,0
DA:194,0
DA:196,0
DA:198,0
DA:202,0
DA:203,0
DA:205,0
DA:207,0
DA:209,0
DA:211,0
DA:213,0
DA:215,0
DA:219,0
DA:220,0
DA:222,0
DA:223,0
DA:228,0
DA:236,0
DA:243,0
DA:244,0
DA:249,0
DA:257,0
DA:264,0
DA:265,0
DA:269,0
DA:276,0
DA:281,0
DA:287,0
DA:290,0
DA:291,0
DA:293,0
DA:294,0
DA:301,0
DA:326,0
DA:345,0
DA:394,0
DA:418,0
DA:441,0
LF:78
LH:0
BRDA:66,0,0,0
BRDA:66,0,1,0
BRDA:145,1,0,0
BRDA:145,1,1,0
BRDA:189,2,0,0
BRDA:189,2,1,0
BRDA:189,2,2,0
BRDA:189,2,3,0
BRDA:189,2,4,0
BRDA:203,3,0,0
BRDA:203,3,1,0
BRDA:203,3,2,0
BRDA:203,3,3,0
BRDA:203,3,4,0
BRDA:203,3,5,0
BRDA:222,4,0,0
BRDA:222,4,1,0
BRDA:222,5,0,0
BRDA:222,5,1,0
BRDA:243,6,0,0
BRDA:243,6,1,0
BRDA:243,7,0,0
BRDA:243,7,1,0
BRDA:264,8,0,0
BRDA:264,8,1,0
BRDA:293,9,0,0
BRDA:293,9,1,0
BRDA:308,10,0,0
BRDA:308,10,1,0
BRDA:318,11,0,0
BRDA:318,11,1,0
BRDA:331,12,0,0
BRDA:331,12,1,0
BRDA:377,13,0,0
BRDA:377,13,1,0
BRDA:380,14,0,0
BRDA:380,14,1,0
BRDA:424,15,0,0
BRDA:424,15,1,0
BRDA:427,16,0,0
BRDA:427,16,1,0
BRDA:444,17,0,0
BRDA:444,17,1,0
BRDA:445,18,0,0
BRDA:445,18,1,0
BRDA:460,19,0,0
BRDA:460,19,1,0
BRDA:482,20,0,0
BRDA:482,20,1,0
BRF:49
BRH:0
end_of_record
TN:
SF:src/pages/ProfilePage.tsx
FN:58,ProfilePage
FN:59,(anonymous_1)
FN:72,(anonymous_2)
FN:76,(anonymous_3)
FN:121,(anonymous_4)
FN:140,(anonymous_5)
FN:141,(anonymous_6)
FN:147,(anonymous_7)
FN:209,(anonymous_8)
FN:271,(anonymous_9)
FN:339,(anonymous_10)
FN:346,(anonymous_11)
FN:353,(anonymous_12)
FN:361,(anonymous_13)
FN:368,(anonymous_14)
FN:377,(anonymous_15)
FN:384,(anonymous_16)
FNF:17
FNH:0
FNDA:0,ProfilePage
FNDA:0,(anonymous_1)
FNDA:0,(anonymous_2)
FNDA:0,(anonymous_3)
FNDA:0,(anonymous_4)
FNDA:0,(anonymous_5)
FNDA:0,(anonymous_6)
FNDA:0,(anonymous_7)
FNDA:0,(anonymous_8)
FNDA:0,(anonymous_9)
FNDA:0,(anonymous_10)
FNDA:0,(anonymous_11)
FNDA:0,(anonymous_12)
FNDA:0,(anonymous_13)
FNDA:0,(anonymous_14)
FNDA:0,(anonymous_15)
FNDA:0,(anonymous_16)
DA:59,0
DA:60,0
DA:61,0
DA:62,0
DA:63,0
DA:64,0
DA:72,0
DA:73,0
DA:76,0
DA:77,0
DA:78,0
DA:81,0
DA:114,0
DA:115,0
DA:117,0
DA:121,0
DA:122,0
DA:123,0
DA:124,0
DA:126,0
DA:129,0
DA:132,0
DA:134,0
DA:136,0
DA:140,0
DA:141,0
DA:147,0
DA:148,0
DA:150,0
DA:152,0
DA:154,0
DA:156,0
DA:158,0
DA:162,0
DA:163,0
DA:170,0
DA:209,0
DA:272,0
DA:339,0
DA:346,0
DA:353,0
DA:361,0
DA:368,0
DA:377,0
DA:384,0
LF:45
LH:0
BRDA:65,0,0,0
BRDA:65,0,1,0
BRDA:66,1,0,0
BRDA:66,1,1,0
BRDA:67,2,0,0
BRDA:67,2,1,0
BRDA:68,3,0,0
BRDA:68,3,1,0
BRDA:69,4,0,0
BRDA:69,4,1,0
BRDA:85,5,0,0
BRDA:85,5,1,0
BRDA:134,6,0,0
BRDA:134,6,1,0
BRDA:148,7,0,0
BRDA:148,7,1,0
BRDA:148,7,2,0
BRDA:148,7,3,0
BRDA:148,7,4,0
BRDA:162,8,0,0
BRDA:162,8,1,0
BRDA:162,9,0,0
BRDA:162,9,1,0
BRDA:172,10,0,0
BRDA:172,10,1,0
BRDA:196,11,0,0
BRDA:196,11,1,0
BRDA:202,12,0,0
BRDA:202,12,1,0
BRDA:234,13,0,0
BRDA:234,13,1,0
BRDA:244,14,0,0
BRDA:244,14,1,0
BRDA:254,15,0,0
BRDA:254,15,1,0
BRDA:280,16,0,0
BRDA:280,16,1,0
BRDA:280,16,2,0
BRDA:309,17,0,0
BRDA:309,17,1,0
BRDA:321,18,0,0
BRDA:321,18,1,0
BRDA:392,19,0,0
BRDA:392,19,1,0
BRF:44
BRH:0
end_of_record
TN:
SF:src/pages/RegisterPage.tsx
FN:17,(anonymous_0)
FN:20,(anonymous_1)
FN:35,(anonymous_2)
FN:41,(anonymous_3)
FN:45,(anonymous_4)
FN:47,(anonymous_5)
FN:57,(anonymous_6)
FN:93,(anonymous_7)
FN:158,(anonymous_8)
FNF:9
FNH:0
FNDA:0,(anonymous_0)
FNDA:0,(anonymous_1)
FNDA:0,(anonymous_2)
FNDA:0,(anonymous_3)
FNDA:0,(anonymous_4)
FNDA:0,(anonymous_5)
FNDA:0,(anonymous_6)
FNDA:0,(anonymous_7)
FNDA:0,(anonymous_8)
DA:17,0
DA:18,0
DA:19,0
DA:20,0
DA:22,0
DA:33,0
DA:35,0
DA:36,0
DA:37,0
DA:41,0
DA:42,0
DA:45,0
DA:46,0
DA:47,0
DA:52,0
DA:53,0
DA:57,0
DA:58,0
DA:60,0
DA:61,0
DA:64,0
DA:65,0
DA:68,0
DA:69,0
DA:70,0
DA:71,0
DA:74,0
DA:75,0
DA:76,0
DA:77,0
DA:80,0
DA:81,0
DA:82,0
DA:83,0
DA:86,0
DA:87,0
DA:90,0
DA:93,0
DA:94,0
DA:96,0
DA:97,0
DA:98,0
DA:99,0
DA:102,0
DA:103,0
DA:106,0
DA:111,0
DA:115,0
DA:159,0
LF:49
LH:0
BRDA:36,0,0,0
BRDA:36,0,1,0
BRDA:52,1,0,0
BRDA:52,1,1,0
BRDA:60,2,0,0
BRDA:60,2,1,0
BRDA:64,3,0,0
BRDA:64,3,1,0
BRDA:68,4,0,0
BRDA:68,4,1,0
BRDA:70,5,0,0
BRDA:70,5,1,0
BRDA:74,6,0,0
BRDA:74,6,1,0
BRDA:76,7,0,0
BRDA:76,7,1,0
BRDA:80,8,0,0
BRDA:80,8,1,0
BRDA:82,9,0,0
BRDA:82,9,1,0
BRDA:86,10,0,0
BRDA:86,10,1,0
BRDA:97,11,0,0
BRDA:97,11,1,0
BRDA:156,12,0,0
BRDA:156,12,1,0
BRDA:156,12,2,0
BRDA:158,13,0,0
BRDA:158,13,1,0
BRDA:515,14,0,0
BRDA:515,14,1,0
BRF:31
BRH:0
end_of_record
TN:
SF:src/pages/SettingsPage.tsx
FN:67,SettingsPage
FN:99,(anonymous_1)
FN:103,(anonymous_2)
FN:117,(anonymous_3)
FN:142,(anonymous_4)
FN:149,(anonymous_5)
FN:156,(anonymous_6)
FN:162,(anonymous_7)
FN:165,(anonymous_8)
FN:168,(anonymous_9)
FN:296,(anonymous_10)
FN:317,(anonymous_11)
FN:323,(anonymous_12)
FN:324,(anonymous_13)
FN:359,(anonymous_14)
FN:388,(anonymous_15)
FN:396,(anonymous_16)
FN:399,(anonymous_17)
FN:473,(anonymous_18)
FN:480,(anonymous_19)
FN:492,(anonymous_20)
FN:506,(anonymous_21)
FN:514,(anonymous_22)
FN:545,(anonymous_23)
FNF:24
FNH:0
FNDA:0,SettingsPage
FNDA:0,(anonymous_1)
FNDA:0,(anonymous_2)
FNDA:0,(anonymous_3)
FNDA:0,(anonymous_4)
FNDA:0,(anonymous_5)
FNDA:0,(anonymous_6)
FNDA:0,(anonymous_7)
FNDA:0,(anonymous_8)
FNDA:0,(anonymous_9)
FNDA:0,(anonymous_10)
FNDA:0,(anonymous_11)
FNDA:0,(anonymous_12)
FNDA:0,(anonymous_13)
FNDA:0,(anonymous_14)
FNDA:0,(anonymous_15)
FNDA:0,(anonymous_16)
FNDA:0,(anonymous_17)
FNDA:0,(anonymous_18)
FNDA:0,(anonymous_19)
FNDA:0,(anonymous_20)
FNDA:0,(anonymous_21)
FNDA:0,(anonymous_22)
FNDA:0,(anonymous_23)
DA:81,0
DA:84,0
DA:93,0
DA:94,0
DA:95,0
DA:96,0
DA:99,0
DA:100,0
DA:103,0
DA:104,0
DA:105,0
DA:106,0
DA:107,0
DA:108,0
DA:110,0
DA:113,0
DA:117,0
DA:118,0
DA:119,0
DA:122,0
DA:124,0
DA:126,0
DA:128,0
DA:129,0
DA:131,0
DA:132,0
DA:134,0
DA:135,0
DA:137,0
DA:138,0
DA:142,0
DA:143,0
DA:144,0
DA:145,0
DA:149,0
DA:150,0
DA:151,0
DA:152,0
DA:156,0
DA:157,0
DA:158,0
DA:159,0
DA:162,0
DA:163,0
DA:164,0
DA:165,0
DA:168,0
DA:169,0
DA:177,0
DA:296,0
DA:317,0
DA:323,0
DA:324,0
DA:325,0
DA:326,0
DA:335,0
DA:336,0
DA:343,0
DA:344,0
DA:346,0
DA:356,0
DA:359,0
DA:360,0
DA:361,0
DA:362,0
DA:365,0
DA:388,0
DA:396,0
DA:400,0
DA:420,0
DA:474,0
DA:481,0
DA:492,0
DA:506,0
DA:514,0
DA:545,0
LF:76
LH:0
BRDA:89,0,0,0
BRDA:89,0,1,0
BRDA:90,1,0,0
BRDA:90,1,1,0
BRDA:104,2,0,0
BRDA:104,2,1,0
BRDA:104,3,0,0
BRDA:104,3,1,0
BRDA:107,4,0,0
BRDA:107,4,1,0
BRDA:122,5,0,0
BRDA:122,5,1,0
BRDA:122,5,2,0
BRDA:122,5,3,0
BRDA:122,5,4,0
BRDA:144,6,0,0
BRDA:144,6,1,0
BRDA:151,7,0,0
BRDA:151,7,1,0
BRDA:183,8,0,0
BRDA:183,8,1,0
BRDA:184,9,0,0
BRDA:184,9,1,0
BRDA:189,10,0,0
BRDA:189,10,1,0
BRDA:193,11,0,0
BRDA:193,11,1,0
BRDA:194,12,0,0
BRDA:194,12,1,0
BRDA:197,13,0,0
BRDA:197,13,1,0
BRDA:224,14,0,0
BRDA:224,14,1,0
BRDA:228,15,0,0
BRDA:228,15,1,0
BRDA:230,16,0,0
BRDA:230,16,1,0
BRDA:325,17,0,0
BRDA:325,17,1,0
BRDA:326,18,0,0
BRDA:326,18,1,0
BRDA:328,19,0,0
BRDA:328,19,1,0
BRDA:335,20,0,0
BRDA:335,20,1,0
BRDA:336,21,0,0
BRDA:336,21,1,0
BRDA:343,22,0,0
BRDA:343,22,1,0
BRDA:344,23,0,0
BRDA:344,23,1,0
BRDA:345,24,0,0
BRDA:345,24,1,0
BRDA:348,25,0,0
BRDA:348,25,1,0
BRDA:349,26,0,0
BRDA:349,26,1,0
BRDA:360,27,0,0
BRDA:360,27,1,0
BRDA:360,28,0,0
BRDA:360,28,1,0
BRDA:361,29,0,0
BRDA:361,29,1,0
BRDA:361,30,0,0
BRDA:361,30,1,0
BRDA:369,31,0,0
BRDA:369,31,1,0
BRDA:369,32,0,0
BRDA:369,32,1,0
BRDA:385,33,0,0
BRDA:385,33,1,0
BRDA:392,34,0,0
BRDA:392,34,1,0
BRDA:407,35,0,0
BRDA:407,35,1,0
BRDA:407,35,2,0
BRDA:410,36,0,0
BRDA:410,36,1,0
BRDA:410,36,2,0
BRDA:412,37,0,0
BRDA:412,37,1,0
BRDA:412,38,0,0
BRDA:412,38,1,0
BRDA:436,39,0,0
BRDA:436,39,1,0
BRDA:444,40,0,0
BRDA:444,40,1,0
BRDA:445,41,0,0
BRDA:445,41,1,0
BRDA:449,42,0,0
BRDA:449,42,1,0
BRDA:450,43,0,0
BRDA:450,43,1,0
BRDA:454,44,0,0
BRDA:454,44,1,0
BRDA:455,45,0,0
BRDA:455,45,1,0
BRDA:463,46,0,0
BRDA:463,46,1,0
BRDA:483,47,0,0
BRDA:483,47,1,0
BRF:101
BRH:0
end_of_record
TN:
SF:src/pages/SettingsPageSimple.tsx
FN:35,SettingsPageSimple
FN:52,(anonymous_1)
FN:56,(anonymous_2)
FN:70,(anonymous_3)
FN:206,(anonymous_4)
FN:251,(anonymous_5)
FN:261,(anonymous_6)
FN:272,(anonymous_7)
FN:273,(anonymous_8)
FN:280,(anonymous_9)
FN:311,(anonymous_10)
FNF:11
FNH:0
FNDA:0,SettingsPageSimple
FNDA:0,(anonymous_1)
FNDA:0,(anonymous_2)
FNDA:0,(anonymous_3)
FNDA:0,(anonymous_4)
FNDA:0,(anonymous_5)
FNDA:0,(anonymous_6)
FNDA:0,(anonymous_7)
FNDA:0,(anonymous_8)
FNDA:0,(anonymous_9)
FNDA:0,(anonymous_10)
DA:46,0
DA:48,0
DA:49,0
DA:50,0
DA:52,0
DA:53,0
DA:56,0
DA:57,0
DA:58,0
DA:59,0
DA:60,0
DA:61,0
DA:63,0
DA:66,0
DA:70,0
DA:71,0
DA:78,0
DA:206,0
DA:251,0
DA:261,0
DA:272,0
DA:273,0
DA:280,0
DA:311,0
LF:24
LH:0
BRDA:57,0,0,0
BRDA:57,0,1,0
BRDA:57,1,0,0
BRDA:57,1,1,0
BRDA:60,2,0,0
BRDA:60,2,1,0
BRDA:94,3,0,0
BRDA:94,3,1,0
BRDA:101,4,0,0
BRDA:101,4,1,0
BRDA:102,5,0,0
BRDA:102,5,1,0
BRDA:106,6,0,0
BRDA:106,6,1,0
BRDA:107,7,0,0
BRDA:107,7,1,0
BRDA:111,8,0,0
BRDA:111,8,1,0
BRDA:112,9,0,0
BRDA:112,9,1,0
BRDA:131,10,0,0
BRDA:131,10,1,0
BRDA:132,11,0,0
BRDA:132,11,1,0
BRDA:135,12,0,0
BRDA:135,12,1,0
BRDA:135,12,2,0
BRDA:140,13,0,0
BRDA:140,13,1,0
BRDA:150,14,0,0
BRDA:150,14,1,0
BRDA:153,15,0,0
BRDA:153,15,1,0
BRDA:154,16,0,0
BRDA:154,16,1,0
BRDA:158,17,0,0
BRDA:158,17,1,0
BRDA:159,18,0,0
BRDA:159,18,1,0
BRDA:173,19,0,0
BRDA:173,19,1,0
BRDA:176,20,0,0
BRDA:176,20,1,0
BRF:43
BRH:0
end_of_record
TN:
SF:src/services/api.ts
FN:15,(anonymous_0)
FN:22,(anonymous_1)
FN:29,(anonymous_2)
FN:30,(anonymous_3)
FN:75,(anonymous_4)
FN:76,(anonymous_5)
FN:81,(anonymous_6)
FN:82,(anonymous_7)
FN:83,(anonymous_8)
FN:84,(anonymous_9)
FN:85,(anonymous_10)
FN:90,(anonymous_11)
FN:91,(anonymous_12)
FN:92,(anonymous_13)
FN:93,(anonymous_14)
FN:94,(anonymous_15)
FN:95,(anonymous_16)
FN:96,(anonymous_17)
FN:97,(anonymous_18)
FN:98,(anonymous_19)
FN:103,(anonymous_20)
FN:104,(anonymous_21)
FN:105,(anonymous_22)
FN:106,(anonymous_23)
FN:107,(anonymous_24)
FN:108,(anonymous_25)
FN:109,(anonymous_26)
FN:114,(anonymous_27)
FN:116,(anonymous_28)
FN:117,(anonymous_29)
FN:118,(anonymous_30)
FN:123,(anonymous_31)
FN:124,(anonymous_32)
FN:133,(anonymous_33)
FN:135,(anonymous_34)
FNF:35
FNH:0
FNDA:0,(anonymous_0)
FNDA:0,(anonymous_1)
FNDA:0,(anonymous_2)
FNDA:0,(anonymous_3)
FNDA:0,(anonymous_4)
FNDA:0,(anonymous_5)
FNDA:0,(anonymous_6)
FNDA:0,(anonymous_7)
FNDA:0,(anonymous_8)
FNDA:0,(anonymous_9)
FNDA:0,(anonymous_10)
FNDA:0,(anonymous_11)
FNDA:0,(anonymous_12)
FNDA:0,(anonymous_13)
FNDA:0,(anonymous_14)
FNDA:0,(anonymous_15)
FNDA:0,(anonymous_16)
FNDA:0,(anonymous_17)
FNDA:0,(anonymous_18)
FNDA:0,(anonymous_19)
FNDA:0,(anonymous_20)
FNDA:0,(anonymous_21)
FNDA:0,(anonymous_22)
FNDA:0,(anonymous_23)
FNDA:0,(anonymous_24)
FNDA:0,(anonymous_25)
FNDA:0,(anonymous_26)
FNDA:0,(anonymous_27)
FNDA:0,(anonymous_28)
FNDA:0,(anonymous_29)
FNDA:0,(anonymous_30)
FNDA:0,(anonymous_31)
FNDA:0,(anonymous_32)
FNDA:0,(anonymous_33)
FNDA:0,(anonymous_34)
DA:4,0
DA:6,0
DA:14,0
DA:16,0
DA:17,0
DA:18,0
DA:20,0
DA:23,0
DA:28,0
DA:29,0
DA:31,0
DA:32,0
DA:33,0
DA:35,0
DA:74,0
DA:75,0
DA:76,0
DA:80,0
DA:81,0
DA:82,0
DA:83,0
DA:84,0
DA:85,0
DA:89,0
DA:90,0
DA:91,0
DA:92,0
DA:93,0
DA:94,0
DA:95,0
DA:96,0
DA:97,0
DA:98,0
DA:102,0
DA:103,0
DA:104,0
DA:105,0
DA:106,0
DA:107,0
DA:108,0
DA:109,0
DA:113,0
DA:115,0
DA:116,0
DA:117,0
DA:118,0
DA:122,0
DA:123,0
DA:132,0
DA:134,0
DA:136,0
LF:51
LH:0
BRDA:4,0,0,0
BRDA:4,0,1,0
BRDA:17,1,0,0
BRDA:17,1,1,0
BRDA:31,2,0,0
BRDA:31,2,1,0
BRF:6
BRH:0
end_of_record
TN:
SF:src/services/notificationService.ts
FN:4,(anonymous_0)
FN:15,(anonymous_1)
FN:33,(anonymous_2)
FN:57,(anonymous_3)
FN:72,(anonymous_4)
FN:82,(anonymous_5)
FN:100,(anonymous_6)
FN:118,(anonymous_7)
FN:132,(anonymous_8)
FNF:9
FNH:0
FNDA:0,(anonymous_0)
FNDA:0,(anonymous_1)
FNDA:0,(anonymous_2)
FNDA:0,(anonymous_3)
FNDA:0,(anonymous_4)
FNDA:0,(anonymous_5)
FNDA:0,(anonymous_6)
FNDA:0,(anonymous_7)
FNDA:0,(anonymous_8)
DA:2,0
DA:5,0
DA:6,0
DA:7,0
DA:8,0
DA:10,0
DA:16,0
DA:17,0
DA:18,0
DA:21,0
DA:22,0
DA:25,0
DA:26,0
DA:29,0
DA:30,0
DA:34,0
DA:35,0
DA:36,0
DA:39,0
DA:40,0
DA:48,0
DA:50,0
DA:52,0
DA:53,0
DA:58,0
DA:59,0
DA:68,0
DA:73,0
DA:74,0
DA:83,0
DA:101,0
DA:119,0
DA:133,0
DA:134,0
DA:138,0
DA:139,0
DA:141,0
DA:142,0
DA:144,0
DA:148,0
LF:40
LH:0
BRDA:5,0,0,0
BRDA:5,0,1,0
BRDA:5,1,0,0
BRDA:5,1,1,0
BRDA:16,2,0,0
BRDA:16,2,1,0
BRDA:21,3,0,0
BRDA:21,3,1,0
BRDA:25,4,0,0
BRDA:25,4,1,0
BRDA:34,5,0,0
BRDA:34,5,1,0
BRDA:43,6,0,0
BRDA:43,6,1,0
BRDA:73,7,0,0
BRDA:73,7,1,0
BRF:16
BRH:0
end_of_record
TN:
SF:src/store/store.ts
FN:14,(anonymous_0)
FNF:1
FNH:0
FNDA:0,(anonymous_0)
DA:7,0
DA:15,0
LF:2
LH:0
BRF:0
BRH:0
end_of_record
TN:
SF:src/store/slices/authSlice.ts
FN:44,(anonymous_0)
FN:57,(anonymous_1)
FN:77,(anonymous_2)
FN:85,(anonymous_3)
FN:88,(anonymous_4)
FN:92,(anonymous_5)
FN:95,(anonymous_6)
FN:99,(anonymous_7)
FN:106,(anonymous_8)
FN:114,(anonymous_9)
FN:118,(anonymous_10)
FN:125,(anonymous_11)
FN:133,(anonymous_12)
FNF:13
FNH:0
FNDA:0,(anonymous_0)
FNDA:0,(anonymous_1)
FNDA:0,(anonymous_2)
FNDA:0,(anonymous_3)
FNDA:0,(anonymous_4)
FNDA:0,(anonymous_5)
FNDA:0,(anonymous_6)
FNDA:0,(anonymous_7)
FNDA:0,(anonymous_8)
FNDA:0,(anonymous_9)
FNDA:0,(anonymous_10)
FNDA:0,(anonymous_11)
FNDA:0,(anonymous_12)
DA:33,0
DA:42,0
DA:45,0
DA:46,0
DA:47,0
DA:48,0
DA:50,0
DA:55,0
DA:67,0
DA:68,0
DA:69,0
DA:70,0
DA:72,0
DA:77,0
DA:78,0
DA:81,0
DA:86,0
DA:89,0
DA:93,0
DA:96,0
DA:97,0
DA:100,0
DA:101,0
DA:102,0
DA:103,0
DA:104,0
DA:107,0
DA:108,0
DA:109,0
DA:110,0
DA:111,0
DA:115,0
DA:116,0
DA:119,0
DA:120,0
DA:121,0
DA:122,0
DA:123,0
DA:126,0
DA:127,0
DA:128,0
DA:129,0
DA:130,0
DA:134,0
DA:135,0
DA:136,0
DA:137,0
DA:142,0
LF:48
LH:0
BRDA:50,0,0,0
BRDA:50,0,1,0
BRDA:72,1,0,0
BRDA:72,1,1,0
BRF:4
BRH:0
end_of_record
TN:
SF:src/store/slices/eventSlice.ts
FN:74,(anonymous_0)
FN:86,(anonymous_1)
FN:98,(anonymous_2)
FN:110,(anonymous_3)
FN:122,(anonymous_4)
FN:134,(anonymous_5)
FN:146,(anonymous_6)
FN:158,(anonymous_7)
FN:170,(anonymous_8)
FN:182,(anonymous_9)
FN:196,(anonymous_10)
FN:199,(anonymous_11)
FN:202,(anonymous_12)
FN:206,(anonymous_13)
FN:209,(anonymous_14)
FN:213,(anonymous_15)
FN:218,(anonymous_16)
FN:224,(anonymous_17)
FN:228,(anonymous_18)
FN:233,(anonymous_19)
FN:239,(anonymous_20)
FN:243,(anonymous_21)
FN:248,(anonymous_22)
FN:254,(anonymous_23)
FN:258,(anonymous_24)
FN:263,(anonymous_25)
FN:269,(anonymous_26)
FN:273,(anonymous_27)
FN:278,(anonymous_28)
FN:284,(anonymous_29)
FN:288,(anonymous_30)
FN:293,(anonymous_31)
FN:299,(anonymous_32)
FN:303,(anonymous_33)
FN:307,(anonymous_34)
FN:312,(anonymous_35)
FN:318,(anonymous_36)
FN:322,(anonymous_37)
FN:325,(anonymous_38)
FN:328,(anonymous_39)
FN:334,(anonymous_40)
FN:338,(anonymous_41)
FN:343,(anonymous_42)
FN:355,(anonymous_43)
FN:361,(anonymous_44)
FN:365,(anonymous_45)
FN:370,(anonymous_46)
FN:379,(anonymous_47)
FNF:48
FNH:0
FNDA:0,(anonymous_0)
FNDA:0,(anonymous_1)
FNDA:0,(anonymous_2)
FNDA:0,(anonymous_3)
FNDA:0,(anonymous_4)
FNDA:0,(anonymous_5)
FNDA:0,(anonymous_6)
FNDA:0,(anonymous_7)
FNDA:0,(anonymous_8)
FNDA:0,(anonymous_9)
FNDA:0,(anonymous_10)
FNDA:0,(anonymous_11)
FNDA:0,(anonymous_12)
FNDA:0,(anonymous_13)
FNDA:0,(anonymous_14)
FNDA:0,(anonymous_15)
FNDA:0,(anonymous_16)
FNDA:0,(anonymous_17)
FNDA:0,(anonymous_18)
FNDA:0,(anonymous_19)
FNDA:0,(anonymous_20)
FNDA:0,(anonymous_21)
FNDA:0,(anonymous_22)
FNDA:0,(anonymous_23)
FNDA:0,(anonymous_24)
FNDA:0,(anonymous_25)
FNDA:0,(anonymous_26)
FNDA:0,(anonymous_27)
FNDA:0,(anonymous_28)
FNDA:0,(anonymous_29)
FNDA:0,(anonymous_30)
FNDA:0,(anonymous_31)
FNDA:0,(anonymous_32)
FNDA:0,(anonymous_33)
FNDA:0,(anonymous_34)
FNDA:0,(anonymous_35)
FNDA:0,(anonymous_36)
FNDA:0,(anonymous_37)
FNDA:0,(anonymous_38)
FNDA:0,(anonymous_39)
FNDA:0,(anonymous_40)
FNDA:0,(anonymous_41)
FNDA:0,(anonymous_42)
FNDA:0,(anonymous_43)
FNDA:0,(anonymous_44)
FNDA:0,(anonymous_45)
FNDA:0,(anonymous_46)
FNDA:0,(anonymous_47)
DA:61,0
DA:72,0
DA:75,0
DA:76,0
DA:77,0
DA:79,0
DA:84,0
DA:87,0
DA:88,0
DA:89,0
DA:91,0
DA:96,0
DA:99,0
DA:100,0
DA:101,0
DA:103,0
DA:108,0
DA:111,0
DA:112,0
DA:113,0
DA:115,0
DA:120,0
DA:123,0
DA:124,0
DA:125,0
DA:127,0
DA:132,0
DA:135,0
DA:136,0
DA:137,0
DA:139,0
DA:144,0
DA:147,0
DA:148,0
DA:149,0
DA:151,0
DA:156,0
DA:159,0
DA:160,0
DA:161,0
DA:163,0
DA:168,0
DA:171,0
DA:172,0
DA:173,0
DA:175,0
DA:180,0
DA:183,0
DA:184,0
DA:185,0
DA:187,0
DA:192,0
DA:197,0
DA:200,0
DA:203,0
DA:207,0
DA:210,0
DA:211,0
DA:214,0
DA:215,0
DA:216,0
DA:219,0
DA:220,0
DA:225,0
DA:226,0
DA:229,0
DA:230,0
DA:231,0
DA:234,0
DA:235,0
DA:240,0
DA:241,0
DA:244,0
DA:245,0
DA:246,0
DA:249,0
DA:250,0
DA:255,0
DA:256,0
DA:259,0
DA:260,0
DA:261,0
DA:264,0
DA:265,0
DA:270,0
DA:271,0
DA:274,0
DA:275,0
DA:276,0
DA:279,0
DA:280,0
DA:285,0
DA:286,0
DA:289,0
DA:290,0
DA:291,0
DA:294,0
DA:295,0
DA:300,0
DA:301,0
DA:304,0
DA:305,0
DA:307,0
DA:308,0
DA:310,0
DA:313,0
DA:314,0
DA:319,0
DA:320,0
DA:323,0
DA:325,0
DA:326,0
DA:329,0
DA:330,0
DA:335,0
DA:336,0
DA:339,0
DA:340,0
DA:343,0
DA:344,0
DA:345,0
DA:349,0
DA:350,0
DA:353,0
DA:356,0
DA:357,0
DA:362,0
DA:363,0
DA:366,0
DA:367,0
DA:370,0
DA:373,0
DA:374,0
DA:377,0
DA:380,0
DA:381,0
DA:386,0
LF:137
LH:0
BRDA:79,0,0,0
BRDA:79,0,1,0
BRDA:91,1,0,0
BRDA:91,1,1,0
BRDA:103,2,0,0
BRDA:103,2,1,0
BRDA:115,3,0,0
BRDA:115,3,1,0
BRDA:127,4,0,0
BRDA:127,4,1,0
BRDA:139,5,0,0
BRDA:139,5,1,0
BRDA:151,6,0,0
BRDA:151,6,1,0
BRDA:163,7,0,0
BRDA:163,7,1,0
BRDA:175,8,0,0
BRDA:175,8,1,0
BRDA:187,9,0,0
BRDA:187,9,1,0
BRDA:307,10,0,0
BRDA:307,10,1,0
BRDA:344,11,0,0
BRDA:344,11,1,0
BRDA:349,12,0,0
BRDA:349,12,1,0
BRDA:373,13,0,0
BRDA:373,13,1,0
BRF:28
BRH:0
end_of_record
TN:
SF:src/store/slices/friendshipSlice.ts
FN:41,(anonymous_0)
FN:53,(anonymous_1)
FN:65,(anonymous_2)
FN:77,(anonymous_3)
FN:89,(anonymous_4)
FN:101,(anonymous_5)
FN:113,(anonymous_6)
FN:127,(anonymous_7)
FN:131,(anonymous_8)
FN:134,(anonymous_9)
FN:138,(anonymous_10)
FN:143,(anonymous_11)
FN:149,(anonymous_12)
FN:153,(anonymous_13)
FN:158,(anonymous_14)
FN:164,(anonymous_15)
FN:168,(anonymous_16)
FN:173,(anonymous_17)
FN:179,(anonymous_18)
FN:183,(anonymous_19)
FN:188,(anonymous_20)
FN:194,(anonymous_21)
FN:198,(anonymous_22)
FN:204,(anonymous_23)
FN:211,(anonymous_24)
FN:217,(anonymous_25)
FN:221,(anonymous_26)
FN:227,(anonymous_27)
FN:231,(anonymous_28)
FN:237,(anonymous_29)
FN:241,(anonymous_30)
FN:247,(anonymous_31)
FN:251,(anonymous_32)
FNF:33
FNH:0
FNDA:0,(anonymous_0)
FNDA:0,(anonymous_1)
FNDA:0,(anonymous_2)
FNDA:0,(anonymous_3)
FNDA:0,(anonymous_4)
FNDA:0,(anonymous_5)
FNDA:0,(anonymous_6)
FNDA:0,(anonymous_7)
FNDA:0,(anonymous_8)
FNDA:0,(anonymous_9)
FNDA:0,(anonymous_10)
FNDA:0,(anonymous_11)
FNDA:0,(anonymous_12)
FNDA:0,(anonymous_13)
FNDA:0,(anonymous_14)
FNDA:0,(anonymous_15)
FNDA:0,(anonymous_16)
FNDA:0,(anonymous_17)
FNDA:0,(anonymous_18)
FNDA:0,(anonymous_19)
FNDA:0,(anonymous_20)
FNDA:0,(anonymous_21)
FNDA:0,(anonymous_22)
FNDA:0,(anonymous_23)
FNDA:0,(anonymous_24)
FNDA:0,(anonymous_25)
FNDA:0,(anonymous_26)
FNDA:0,(anonymous_27)
FNDA:0,(anonymous_28)
FNDA:0,(anonymous_29)
FNDA:0,(anonymous_30)
FNDA:0,(anonymous_31)
FNDA:0,(anonymous_32)
DA:30,0
DA:39,0
DA:42,0
DA:43,0
DA:44,0
DA:46,0
DA:51,0
DA:54,0
DA:55,0
DA:56,0
DA:58,0
DA:63,0
DA:66,0
DA:67,0
DA:68,0
DA:70,0
DA:75,0
DA:78,0
DA:79,0
DA:80,0
DA:82,0
DA:87,0
DA:90,0
DA:91,0
DA:92,0
DA:94,0
DA:99,0
DA:102,0
DA:103,0
DA:104,0
DA:106,0
DA:111,0
DA:114,0
DA:115,0
DA:116,0
DA:118,0
DA:123,0
DA:128,0
DA:132,0
DA:135,0
DA:136,0
DA:139,0
DA:140,0
DA:141,0
DA:144,0
DA:145,0
DA:150,0
DA:151,0
DA:154,0
DA:155,0
DA:156,0
DA:159,0
DA:160,0
DA:165,0
DA:166,0
DA:169,0
DA:170,0
DA:171,0
DA:174,0
DA:175,0
DA:180,0
DA:181,0
DA:184,0
DA:185,0
DA:186,0
DA:189,0
DA:190,0
DA:195,0
DA:196,0
DA:199,0
DA:200,0
DA:203,0
DA:204,0
DA:208,0
DA:209,0
DA:212,0
DA:213,0
DA:218,0
DA:219,0
DA:222,0
DA:223,0
DA:226,0
DA:227,0
DA:229,0
DA:232,0
DA:233,0
DA:238,0
DA:239,0
DA:242,0
DA:243,0
DA:246,0
DA:247,0
DA:249,0
DA:252,0
DA:253,0
DA:258,0
LF:96
LH:0
BRDA:46,0,0,0
BRDA:46,0,1,0
BRDA:58,1,0,0
BRDA:58,1,1,0
BRDA:70,2,0,0
BRDA:70,2,1,0
BRDA:82,3,0,0
BRDA:82,3,1,0
BRDA:94,4,0,0
BRDA:94,4,1,0
BRDA:106,5,0,0
BRDA:106,5,1,0
BRDA:118,6,0,0
BRDA:118,6,1,0
BRF:14
BRH:0
end_of_record
TN:
SF:src/store/slices/uiSlice.ts
FN:28,(anonymous_0)
FN:32,(anonymous_1)
FN:40,(anonymous_2)
FN:42,(anonymous_3)
FN:46,(anonymous_4)
FN:50,(anonymous_5)
FN:54,(anonymous_6)
FN:58,(anonymous_7)
FN:62,(anonymous_8)
FNF:9
FNH:0
FNDA:0,(anonymous_0)
FNDA:0,(anonymous_1)
FNDA:0,(anonymous_2)
FNDA:0,(anonymous_3)
FNDA:0,(anonymous_4)
FNDA:0,(anonymous_5)
FNDA:0,(anonymous_6)
FNDA:0,(anonymous_7)
FNDA:0,(anonymous_8)
DA:17,0
DA:24,0
DA:29,0
DA:33,0
DA:37,0
DA:41,0
DA:42,0
DA:47,0
DA:51,0
DA:55,0
DA:59,0
DA:63,0
DA:77,0
LF:13
LH:0
BRDA:59,0,0,0
BRDA:59,0,1,0
BRF:2
BRH:0
end_of_record
TN:
SF:src/theme/modernTheme.ts
FN:416,(anonymous_0)
FN:420,(anonymous_1)
FN:426,(anonymous_2)
FN:434,(anonymous_3)
FN:449,(anonymous_4)
FNF:5
FNH:0
FNDA:0,(anonymous_0)
FNDA:0,(anonymous_1)
FNDA:0,(anonymous_2)
FNDA:0,(anonymous_3)
FNDA:0,(anonymous_4)
DA:5,0
DA:102,0
DA:351,0
DA:409,0
DA:410,0
DA:416,0
DA:420,0
DA:426,0
DA:434,0
DA:449,0
LF:10
LH:0
BRDA:420,0,0,0
BRF:1
BRH:0
end_of_record
TN:
SF:src/theme/theme.ts
FNF:0
FNH:0
DA:4,0
LF:1
LH:0
BRF:0
BRH:0
end_of_record
TN:
SF:src/utils/monitoring.ts
FN:38,(anonymous_0)
FN:44,(anonymous_1)
FN:48,(anonymous_2)
FN:50,(anonymous_3)
FN:55,(anonymous_4)
FN:60,(anonymous_5)
FN:69,(anonymous_6)
FN:75,(anonymous_7)
FN:82,(anonymous_8)
FN:87,(anonymous_9)
FN:89,(anonymous_10)
FN:90,(anonymous_11)
FN:105,(anonymous_12)
FN:107,(anonymous_13)
FN:111,(anonymous_14)
FN:115,(anonymous_15)
FN:123,(anonymous_16)
FN:133,(anonymous_17)
FN:149,(anonymous_18)
FN:153,(anonymous_19)
FN:167,(anonymous_20)
FN:173,(anonymous_21)
FN:179,(anonymous_22)
FN:185,(anonymous_23)
FN:196,(anonymous_24)
FN:215,(anonymous_25)
FN:224,(anonymous_26)
FN:231,(anonymous_27)
FN:246,(anonymous_28)
FN:261,(anonymous_29)
FN:274,(anonymous_30)
FN:288,(anonymous_31)
FN:293,(anonymous_32)
FN:299,(anonymous_33)
FN:316,(anonymous_34)
FNF:35
FNH:0
FNDA:0,(anonymous_0)
FNDA:0,(anonymous_1)
FNDA:0,(anonymous_2)
FNDA:0,(anonymous_3)
FNDA:0,(anonymous_4)
FNDA:0,(anonymous_5)
FNDA:0,(anonymous_6)
FNDA:0,(anonymous_7)
FNDA:0,(anonymous_8)
FNDA:0,(anonymous_9)
FNDA:0,(anonymous_10)
FNDA:0,(anonymous_11)
FNDA:0,(anonymous_12)
FNDA:0,(anonymous_13)
FNDA:0,(anonymous_14)
FNDA:0,(anonymous_15)
FNDA:0,(anonymous_16)
FNDA:0,(anonymous_17)
FNDA:0,(anonymous_18)
FNDA:0,(anonymous_19)
FNDA:0,(anonymous_20)
FNDA:0,(anonymous_21)
FNDA:0,(anonymous_22)
FNDA:0,(anonymous_23)
FNDA:0,(anonymous_24)
FNDA:0,(anonymous_25)
FNDA:0,(anonymous_26)
FNDA:0,(anonymous_27)
FNDA:0,(anonymous_28)
FNDA:0,(anonymous_29)
FNDA:0,(anonymous_30)
FNDA:0,(anonymous_31)
FNDA:0,(anonymous_32)
FNDA:0,(anonymous_33)
FNDA:0,(anonymous_34)
DA:34,0
DA:35,0
DA:36,0
DA:39,0
DA:40,0
DA:41,0
DA:45,0
DA:50,0
DA:51,0
DA:52,0
DA:55,0
DA:56,0
DA:60,0
DA:61,0
DA:69,0
DA:70,0
DA:71,0
DA:75,0
DA:76,0
DA:77,0
DA:82,0
DA:83,0
DA:89,0
DA:90,0
DA:91,0
DA:93,0
DA:94,0
DA:95,0
DA:96,0
DA:102,0
DA:106,0
DA:107,0
DA:108,0
DA:113,0
DA:114,0
DA:115,0
DA:116,0
DA:117,0
DA:118,0
DA:120,0
DA:123,0
DA:124,0
DA:125,0
DA:126,0
DA:129,0
DA:132,0
DA:133,0
DA:134,0
DA:135,0
DA:136,0
DA:139,0
DA:141,0
DA:143,0
DA:144,0
DA:150,0
DA:154,0
DA:168,0
DA:169,0
DA:170,0
DA:174,0
DA:175,0
DA:176,0
DA:180,0
DA:181,0
DA:182,0
DA:186,0
DA:187,0
DA:188,0
DA:191,0
DA:192,0
DA:197,0
DA:206,0
DA:207,0
DA:210,0
DA:211,0
DA:216,0
DA:219,0
DA:220,0
DA:225,0
DA:232,0
DA:234,0
DA:235,0
DA:237,0
DA:238,0
DA:241,0
DA:242,0
DA:247,0
DA:249,0
DA:250,0
DA:252,0
DA:253,0
DA:256,0
DA:257,0
DA:262,0
DA:264,0
DA:275,0
DA:277,0
DA:289,0
DA:294,0
DA:295,0
DA:300,0
DA:306,0
DA:307,0
DA:313,0
DA:316,0
DA:317,0
LF:106
LH:0
BRDA:70,0,0,0
BRDA:70,0,1,0
BRDA:76,1,0,0
BRDA:76,1,1,0
BRDA:93,2,0,0
BRDA:93,2,1,0
BRDA:108,3,0,0
BRDA:108,3,1,0
BRDA:113,4,0,0
BRDA:113,4,1,0
BRDA:135,5,0,0
BRDA:135,5,1,0
BRDA:143,6,0,0
BRDA:143,6,1,0
BRDA:191,7,0,0
BRDA:191,7,1,0
BRDA:210,8,0,0
BRDA:210,8,1,0
BRDA:219,9,0,0
BRDA:219,9,1,0
BRDA:232,10,0,0
BRDA:232,10,1,0
BRDA:232,11,0,0
BRDA:232,11,1,0
BRDA:247,12,0,0
BRDA:247,12,1,0
BRDA:247,13,0,0
BRDA:247,13,1,0
BRDA:268,14,0,0
BRDA:268,14,1,0
BRDA:281,15,0,0
BRDA:281,15,1,0
BRDA:306,16,0,0
BRDA:306,16,1,0
BRF:34
BRH:0
end_of_record
TN:
SF:src/utils/testEventCreation.ts
FN:3,(anonymous_0)
FN:29,(anonymous_1)
FNF:2
FNH:0
FNDA:0,(anonymous_0)
FNDA:0,(anonymous_1)
DA:3,0
DA:4,0
DA:5,0
DA:16,0
DA:18,0
DA:20,0
DA:21,0
DA:23,0
DA:24,0
DA:25,0
DA:29,0
DA:30,0
DA:31,0
DA:36,0
DA:38,0
DA:46,0
DA:48,0
DA:49,0
DA:50,0
DA:51,0
DA:53,0
DA:56,0
DA:57,0
LF:23
LH:0
BRDA:48,0,0,0
BRDA:48,0,1,0
BRF:2
BRH:0
end_of_record
